[08:47:52] This is prokka 1.12
[08:47:52] Written by Torsten Seemann <torsten.seemann@gmail.com>
[08:47:52] Homepage is https://github.com/tseemann/prokka
[08:47:52] Local time is Sat Mar 25 08:47:52 2017
[08:47:52] You are not telling me who you are!
[08:47:52] Operating system is linux
[08:47:52] You have BioPerl 1.006923
[08:47:52] System has 4 cores.
[08:47:52] Option --cpu asked for 8 cores, but system only has 4
[08:47:52] Will use maximum of 4 cores.
[08:47:52] Annotating as >>> Bacteria <<<
[08:47:52] Generating locus_tag from 'data/circos/fasta/thermo_a.fasta' contents.
[08:47:52] Setting --locustag EFEAEOLF from MD5 efeae85f447ee9f7aae45301207dd37e
[08:47:52] Creating new output folder: data/circos/prokka/thermo_a
[08:47:52] Running: mkdir -p data\/circos\/prokka\/thermo_a
[08:47:52] Using filename prefix: PROKKA_03252017.XXX
[08:47:52] Setting HMMER_NCPU=1
[08:47:52] Writing log to: data/circos/prokka/thermo_a/PROKKA_03252017.log
[08:47:52] Command: /prokka/bin/prokka --outdir data/circos/prokka/thermo_a data/circos/fasta/thermo_a.fasta
[08:47:52] Appending to PATH: /prokka/bin/../binaries/linux
[08:47:52] Appending to PATH: /prokka/bin/../binaries/linux/../common
[08:47:52] Appending to PATH: /prokka/bin
[08:47:52] Looking for 'aragorn' - found /prokka/bin/../binaries/linux/aragorn
[08:47:52] Determined aragorn version is 1.2
[08:47:52] Looking for 'blastp' - found /opt/blast/bin/blastp
[08:47:52] Determined blastp version is 2.2
[08:47:52] Looking for 'cmpress' - found /usr/bin/cmpress
[08:47:52] Determined cmpress version is 1.1
[08:47:52] Looking for 'cmscan' - found /usr/bin/cmscan
[08:47:52] Determined cmscan version is 1.1
[08:47:52] Looking for 'egrep' - found /bin/egrep
[08:47:52] Looking for 'find' - found /usr/bin/find
[08:47:52] Looking for 'grep' - found /bin/grep
[08:47:52] Looking for 'hmmpress' - found /usr/local/bin/hmmpress
[08:47:52] Determined hmmpress version is 3.1
[08:47:52] Looking for 'hmmscan' - found /usr/local/bin/hmmscan
[08:47:52] Determined hmmscan version is 3.1
[08:47:52] Looking for 'java' - found /usr/bin/java
[08:47:52] Looking for 'less' - found /usr/bin/less
[08:47:52] Looking for 'makeblastdb' - found /opt/blast/bin/makeblastdb
[08:47:52] Determined makeblastdb version is 2.2
[08:47:52] Looking for 'minced' - found /prokka/bin/../binaries/linux/../common/minced
[08:47:52] Determined minced version is 2.0
[08:47:52] Looking for 'parallel' - found /prokka/bin/../binaries/linux/../common/parallel
[08:47:52] Determined parallel version is 20150122
[08:47:52] Looking for 'prodigal' - found /usr/local/bin/prodigal
[08:47:52] Determined prodigal version is 2.6
[08:47:52] Looking for 'prokka-genbank_to_fasta_db' - found /prokka/bin/prokka-genbank_to_fasta_db
[08:47:52] Looking for 'sed' - found /bin/sed
[08:47:52] Looking for 'tbl2asn' - found /prokka/bin/../binaries/linux/tbl2asn
[08:47:52] Determined tbl2asn version is 25.3
[08:47:52] Using genetic code table 11.
[08:47:52] Loading and checking input file: data/circos/fasta/thermo_a.fasta
[08:47:52] Wrote 27 contigs totalling 1742379 bp.
[08:47:52] Predicting tRNAs and tmRNAs
[08:47:52] Running: aragorn -l -gc11  -w data\/circos\/prokka\/thermo_a\/PROKKA_03252017\.fna
[08:47:53] 1 tRNA-Glu [1728,1802] 37 (ctc)
[08:47:53] 2 tRNA-Ser c[5781,5865] 36 (gga)
[08:47:53] 3 tRNA-Ser [10151,10238] 36 (cga)
[08:47:53] 4 tRNA-Ile [25095,25173] 36 (gat)
[08:47:53] 5 tRNA-Lys c[25425,25499] 35 (ctt)
[08:47:53] 6 tRNA-Lys [58464,58539] 35 (ttt)
[08:47:53] 7 tRNA-Met [69104,69173] 31 (cat)
[08:47:53] 8 tRNA-Ala c[121239,121313] 33 (ggc)
[08:47:53] 9 tRNA-Pro [147514,147591] 36 (ggg)
[08:47:53] 10 tRNA-Val [215536,215608] 34 (tac)
[08:47:53] 11 tRNA-Thr c[252703,252776] 35 (ggt)
[08:47:53] 1 tRNA-Pro c[128924,129000] 39 (cgg)
[08:47:53] 1 tRNA-Gly c[10559,10633] 37 (ccc)
[08:47:53] 2 tRNA-Arg c[13580,13659] 37 (cct)
[08:47:53] 3 tRNA-Ala [55329,55401] 33 (tgc)
[08:47:53] 4 tRNA-Leu [61310,61397] 37 (taa)
[08:47:53] 5 tRNA-Thr c[100712,100786] 34 (cgt)
[08:47:53] 1 tRNA-Arg [28124,28197] 36 (gcg)
[08:47:53] 2 tRNA-Cys c[41169,41240] 33 (gca)
[08:47:53] 3 tRNA-Ser [56307,56389] 33 (gct)
[08:47:53] 4 tRNA-Arg c[115398,115475] 37 (tct)
[08:47:53] 1 tRNA-Pro [4131,4206] 35 (tgg)
[08:47:53] 2 tRNA-Thr [108025,108100] 34 (tgt)
[08:47:53] 1 tRNA-Ala c[5838,5909] 33 (cgc)
[08:47:53] 2 tRNA-Leu c[39923,40008] 37 (gag)
[08:47:53] 3 tRNA-Val c[75561,75634] 34 (cac)
[08:47:53] 1 tRNA-Gly c[23706,23782] 38 (tcc)
[08:47:53] 2 tRNA-Glu [81883,81957] 37 (ttc)
[08:47:53] 1 tRNA-Ser [11298,11379] 32 (tga)
[08:47:53] 2 tRNA-Val c[15393,15467] 35 (gac)
[08:47:53] 3 tRNA-Phe c[68849,68921] 34 (gaa)
[08:47:53] 4 tRNA-Gln c[82695,82766] 35 (ttg)
[08:47:53] 1 tRNA-Arg c[13864,13938] 36 (tcg)
[08:47:53] 2 tRNA-Leu [18292,18379] 37 (tag)
[08:47:53] 1 tRNA-Arg [43406,43478] 35 (ccg)
[08:47:53] 2 tRNA-Gly c[46905,46977] 35 (gcc)
[08:47:53] 1 tRNA-Leu c[25158,25245] 37 (cag)
[08:47:53] 1 tRNA-Leu [64,148] 37 (caa)
[08:47:53] 2 tRNA-Met [22608,22682] 35 (cat)
[08:47:53] 1 tRNA-Asn [9840,9915] 35 (gtt)
[08:47:53] 2 tRNA-Gln [10585,10657] 35 (ctg)
[08:47:53] 1 tRNA-Asp c[4411,4486] 36 (gtc)
[08:47:53] Found 42 tRNAs
[08:47:53] Predicting Ribosomal RNAs
[08:47:53] You need either Barrnap or RNAmmer installed to predict rRNAs!
[08:47:53] Skipping ncRNA search, enable with --rfam if desired.
[08:47:53] Total of 42 tRNA + rRNA features
[08:47:53] Searching for CRISPR repeats
[08:47:53] CRISPR1 thermo_a-contig-4 43 with 58 spacers
[08:47:53] CRISPR2 thermo_a-contig-4 13858 with 5 spacers
[08:47:53] CRISPR3 thermo_a-contig-22 36 with 60 spacers
[08:47:53] CRISPR4 thermo_a-contig-27 1 with 29 spacers
[08:47:53] Found 4 CRISPRs
[08:47:53] Predicting coding sequences
[08:47:53] Contigs total 1742379 bp, so using single mode
[08:47:53] Running: prodigal -i data\/circos\/prokka\/thermo_a\/PROKKA_03252017\.fna -c -m -g 11 -p single -f sco -q
[08:47:58] Excluding CDS which overlaps existing RNA (tRNA) at thermo_a-contig-1:69171..69362 on - strand
[08:47:58] Excluding CDS which overlaps existing RNA (tRNA) at thermo_a-contig-1:120455..121318 on + strand
[08:47:58] Excluding CDS which overlaps existing RNA (tRNA) at thermo_a-contig-6:4185..4865 on - strand
[08:47:59] Excluding CDS which overlaps existing RNA (tRNA) at thermo_a-contig-9:11108..11593 on - strand
[08:47:59] Excluding CDS which overlaps existing RNA (repeat_region) at thermo_a-contig-22:165..479 on + strand
[08:47:59] Found 3227 CDS
[08:47:59] Connecting features back to sequences
[08:47:59] Not using genus-specific database. Try --usegenus to enable it.
[08:47:59] Annotating CDS, please be patient.
[08:47:59] Will use 4 CPUs for similarity searching.
[08:47:59] There are still 3227 unannotated CDS left (started with 3227)
[08:47:59] Will use blast to search against /prokka/bin/../db/kingdom/Bacteria/sprot with 4 CPUs
[08:47:59] Running: cat data\/circos\/prokka\/thermo_a\/sprot\.faa | parallel --gnu --plain -j 4 --block 63199 --recstart '>' --pipe blastp -query - -db /prokka/bin/../db/kingdom/Bacteria/sprot -evalue 1e-06 -num_threads 1 -num_descriptions 1 -num_alignments 1 -seg no > data\/circos\/prokka\/thermo_a\/sprot\.blast 2> /dev/null
[08:48:37] Modify product: Probable dipeptidase PepE => putative dipeptidase PepE
[08:48:37] Modify product: Probable dipeptidase PepE => putative dipeptidase PepE
[08:48:37] Modify product: Uncharacterized peptidase SA1530 => putative peptidase
[08:48:37] Modify product: Probable murein peptide carboxypeptidase => putative murein peptide carboxypeptidase
[08:48:37] Modify product: Uncharacterized amino acid permease YhdG => putative amino acid permease YhdG
[08:48:37] Modify product: Probable metabolite transport protein CsbC => putative metabolite transport protein CsbC
[08:48:37] Modify product: Probable ABC transporter ATP-binding protein M6_Spy0273 => putative ABC transporter ATP-binding protein
[08:48:37] Modify product: Probable ATP-dependent helicase DinG homolog => putative ATP-dependent helicase DinG 
[08:48:37] Modify product: Putative phosphoribosyl transferase MT0597 => Putative phosphoribosyl transferase
[08:48:37] Modify product: Probable succinyl-diaminopimelate desuccinylase => putative succinyl-diaminopimelate desuccinylase
[08:48:37] Modify product: Probable 2,4-dienoyl-CoA reductase => putative 2,4-dienoyl-CoA reductase
[08:48:37] Modify product: Protease HtpX homolog => Protease HtpX 
[08:48:37] Modify product: Ribonuclease TTHA0252 => Ribonuclease
[08:48:37] Modify product: Ribonuclease TTHA0252 => Ribonuclease
[08:48:37] Modify product: Bifunctional protein FolD => Bifunctional protein FolD protein
[08:48:37] Modify product: Uncharacterized tRNA/rRNA methyltransferase HI_0380 => putative tRNA/rRNA methyltransferase
[08:48:37] Modify product: Probable helicase HelY => putative helicase HelY
[08:48:37] Modify product: Probable ABC transporter permease protein HI_1471 => putative ABC transporter permease protein
[08:48:37] Modify product: Probable tRNA sulfurtransferase => putative tRNA sulfurtransferase
[08:48:37] Modify product: Ribonuclease TTHA0252 => Ribonuclease
[08:48:37] Modify product: Ribonuclease TTHA0252 => Ribonuclease
[08:48:37] Modify product: Uncharacterized MFS-type transporter EfpA => putative MFS-type transporter EfpA
[08:48:37] Modify product: Uncharacterized HIT-like protein Rv0759c => putative HIT-like protein
[08:48:37] Modify product: Probable metallo-hydrolase YflN => putative metallo-hydrolase YflN
[08:48:37] Modify product: Putative peroxiredoxin Rv2521 => Putative peroxiredoxin
[08:48:37] Modify product: Probable 3-hydroxybutyryl-CoA dehydrogenase => putative 3-hydroxybutyryl-CoA dehydrogenase
[08:48:37] Modify product: Probable acetyl-CoA acyltransferase => putative acetyl-CoA acyltransferase
[08:48:37] Modify product: Probable sulfoacetate transporter SauU => putative sulfoacetate transporter SauU
[08:48:37] Modify product: Uncharacterized oxidoreductase SA2266 => putative oxidoreductase
[08:48:37] Modify product: Uncharacterized membrane protein Rv0364 => putative membrane protein
[08:48:37] Modify product: Uncharacterized ABC transporter ATP-binding protein YxlF => putative ABC transporter ATP-binding protein YxlF
[08:48:37] Modify product: Probable glucarate transporter => putative glucarate transporter
[08:48:37] Modify product: Probable transport protein HsrA => putative transport protein HsrA
[08:48:37] Modify product: Glycogen operon protein GlgX homolog => Glycogen operon protein GlgX 
[08:48:37] Modify product: Probable transport protein MmpL1 => putative transport protein MmpL1
[08:48:37] Modify product: Probable D,D-dipeptide transport system permease protein DdpB => putative D,D-dipeptide transport system permease protein DdpB
[08:48:37] Modify product: Uncharacterized ABC transporter ATP-binding protein Rv1281c => putative ABC transporter ATP-binding protein
[08:48:37] Modify product: Probable sphingosine-1-phosphate lyase => putative sphingosine-1-phosphate lyase
[08:48:37] Modify product: Probable sphingosine-1-phosphate lyase => putative sphingosine-1-phosphate lyase
[08:48:37] Modify product: Probable sphingosine-1-phosphate lyase => putative sphingosine-1-phosphate lyase
[08:48:37] Modify product: Uncharacterized FAD-linked oxidoreductase Rv2280 => putative FAD-linked oxidoreductase
[08:48:37] Modify product: Uncharacterized amino acid permease YhdG => putative amino acid permease YhdG
[08:48:38] Modify product: Uncharacterized symporter YodF => putative symporter YodF
[08:48:38] Modify product: Probable quorum-quenching lactonase YtnP => putative quorum-quenching lactonase YtnP
[08:48:38] Modify product: Probable acyl-CoA dehydrogenase fadE25 => putative acyl-CoA dehydrogenase fadE25
[08:48:38] Modify product: Uncharacterized FAD-linked oxidoreductase Rv2280 => putative FAD-linked oxidoreductase
[08:48:38] Modify product: Uncharacterized FAD-linked oxidoreductase Rv2280 => putative FAD-linked oxidoreductase
[08:48:38] Modify product: Probable metabolite transport protein CsbC => putative metabolite transport protein CsbC
[08:48:38] Modify product: Probable copper-transporting ATPase PacS => putative copper-transporting ATPase PacS
[08:48:38] Modify product: Probable glycine dehydrogenase (decarboxylating) subunit 1 => putative glycine dehydrogenase (decarboxylating) subunit 1
[08:48:38] Modify product: Probable glycine dehydrogenase (decarboxylating) subunit 1 => putative glycine dehydrogenase (decarboxylating) subunit 1
[08:48:38] Modify product: Probable glycine dehydrogenase (decarboxylating) subunit 2 => putative glycine dehydrogenase (decarboxylating) subunit 2
[08:48:38] Modify product: Probable glycine dehydrogenase (decarboxylating) subunit 2 => putative glycine dehydrogenase (decarboxylating) subunit 2
[08:48:38] Modify product: Probable D,D-dipeptide transport system permease protein DdpC => putative D,D-dipeptide transport system permease protein DdpC
[08:48:38] Modify product: Probable D,D-dipeptide transport ATP-binding protein DdpF => putative D,D-dipeptide transport ATP-binding protein DdpF
[08:48:38] Modify product: Putative formate dehydrogenase SA2102 => Putative formate dehydrogenase
[08:48:38] Modify product: Putative formate dehydrogenase SA2102 => Putative formate dehydrogenase
[08:48:38] Modify product: Uncharacterized HTH-type transcriptional regulator YusO => putative HTH-type transcriptional regulator YusO
[08:48:38] Modify product: Uncharacterized ABC transporter ATP-binding protein Rv1281c => putative ABC transporter ATP-binding protein
[08:48:38] Modify product: Probable D,D-dipeptide transport ATP-binding protein DdpD => putative D,D-dipeptide transport ATP-binding protein DdpD
[08:48:38] Modify product: Probable D,D-dipeptide transport system permease protein DdpB => putative D,D-dipeptide transport system permease protein DdpB
[08:48:38] Modify product: Probable D,D-dipeptide transport system permease protein DdpB => putative D,D-dipeptide transport system permease protein DdpB
[08:48:38] Modify product: Uncharacterized glycosyltransferase Rv0539 => putative glycosyltransferase
[08:48:38] Modify product: Uncharacterized multiple-sugar transport system permease YteP => putative multiple-sugar transport system permease YteP
[08:48:38] Modify product: Probable UbiX-like flavin prenyltransferase => putative UbiX-like flavin prenyltransferase
[08:48:38] Modify product: Putative quercetin 2,3-dioxygenase Rv0181c => Putative quercetin 2,3-dioxygenase
[08:48:38] Modify product: Epimerase family protein SA0724 => Epimerase family protein
[08:48:38] Modify product: Epimerase family protein SA0724 => Epimerase family protein
[08:48:38] Modify product: Probable 2-phosphosulfolactate phosphatase => putative 2-phosphosulfolactate phosphatase
[08:48:38] Modify product: Uncharacterized methyltransferase YcgJ => putative methyltransferase YcgJ
[08:48:38] Modify product: Probable metabolite transport protein CsbC => putative metabolite transport protein CsbC
[08:48:38] Modify product: Uncharacterized peptidase SA1530 => putative peptidase
[08:48:38] Modify product: Probable transport protein MmpL1 => putative transport protein MmpL1
[08:48:38] Modify product: Probable chaperone CsaA => putative chaperone CsaA
[08:48:38] Modify product: Uncharacterized ABC transporter ATP-binding protein YbhF => putative ABC transporter ATP-binding protein YbhF
[08:48:38] Modify product: Dihydroorotate dehydrogenase B (NAD(+)), electron transfer subunit homolog => Dihydroorotate dehydrogenase B (NAD(+)), electron transfer subunit 
[08:48:38] Modify product: Probable N-glycosylase/DNA lyase => putative N-glycosylase/DNA lyase
[08:48:38] Modify product: Uncharacterized ABC transporter ATP-binding protein YxlF => putative ABC transporter ATP-binding protein YxlF
[08:48:38] Modify product: Uncharacterized ABC transporter ATP-binding protein YxlF => putative ABC transporter ATP-binding protein YxlF
[08:48:38] Modify product: D-galactonate dehydratase family member SBI_01856 => D-galactonate dehydratase family member
[08:48:38] Modify product: Uncharacterized oxidoreductase Rv2298 => putative oxidoreductase
[08:48:38] Modify product: Probable enoyl-CoA hydratase echA8 => putative enoyl-CoA hydratase echA8
[08:48:38] Modify product: Probable GTPase Rv1496 => putative GTPase
[08:48:38] Modify product: Probable protein kinase UbiB => putative protein kinase UbiB
[08:48:38] Modify product: Tricorn protease homolog 1 => Tricorn protease 
[08:48:38] Modify product: Tricorn protease homolog 1 => Tricorn protease 
[08:48:38] Modify product: Tricorn protease homolog 1 => Tricorn protease 
[08:48:38] Modify product: Uncharacterized metallophosphoesterase YhaO => putative metallophosphoesterase YhaO
[08:48:38] Cleaned 88 /product names
[08:48:38] Deleting unwanted file: data/circos/prokka/thermo_a/sprot.faa
[08:48:38] Deleting unwanted file: data/circos/prokka/thermo_a/sprot.blast
[08:48:39] There are still 2137 unannotated CDS left (started with 3227)
[08:48:39] Will use hmmer3 to search against /prokka/bin/../db/hmm/HAMAP.hmm with 4 CPUs
[08:48:39] Running: cat data\/circos\/prokka\/thermo_a\/HAMAP\.hmm\.faa | parallel --gnu --plain -j 4 --block 35624 --recstart '>' --pipe hmmscan --noali --notextw --acc -E 1e-06 --cpu 1 /prokka/bin/../db/hmm/HAMAP.hmm /dev/stdin > data\/circos\/prokka\/thermo_a\/HAMAP\.hmm\.hmmer3 2> /dev/null
[08:49:13] Modify product: Putative ribosomal protein L7Ae-like => Putative ribosomal protein L7Ae-like protein
[08:49:13] Cleaned 1 /product names
[08:49:13] Deleting unwanted file: data/circos/prokka/thermo_a/HAMAP.hmm.faa
[08:49:13] Deleting unwanted file: data/circos/prokka/thermo_a/HAMAP.hmm.hmmer3
[08:49:13] Labelling remaining 1969 proteins as 'hypothetical protein'
[08:49:13] Possible /pseudo 'D-glycero-alpha-D-manno-heptose 7-phosphate kinase' at thermo_a-contig-1 position 862
[08:49:13] Possible /pseudo 'Carbamoyl-phosphate synthase large chain' at thermo_a-contig-1 position 13462
[08:49:13] Possible /pseudo 'Carbamoyl-phosphate synthase small chain' at thermo_a-contig-1 position 16896
[08:49:13] Possible /pseudo 'Sugar fermentation stimulation protein A' at thermo_a-contig-1 position 17890
[08:49:13] Possible /pseudo 'Ribonuclease' at thermo_a-contig-1 position 20005
[08:49:13] Possible /pseudo 'S-methyl-5'-thioadenosine phosphorylase' at thermo_a-contig-1 position 20973
[08:49:13] Possible /pseudo 'Caffeyl-CoA reductase-Etf complex subunit CarE' at thermo_a-contig-1 position 25709
[08:49:13] Possible /pseudo '50S ribosomal protein L14' at thermo_a-contig-1 position 33449
[08:49:13] Possible /pseudo 'Amidophosphoribosyltransferase' at thermo_a-contig-1 position 45112
[08:49:13] Possible /pseudo 'Type 2 DNA topoisomerase 6 subunit B' at thermo_a-contig-1 position 49960
[08:49:13] Possible /pseudo 'Type 2 DNA topoisomerase 6 subunit A' at thermo_a-contig-1 position 51379
[08:49:13] Possible /pseudo 'Methylthioribose-1-phosphate isomerase' at thermo_a-contig-1 position 56944
[08:49:13] Possible /pseudo 'Methylthioribose-1-phosphate isomerase' at thermo_a-contig-1 position 57255
[08:49:13] Possible /pseudo 'DNA-directed RNA polymerase subunit beta'' at thermo_a-contig-1 position 63748
[08:49:13] Possible /pseudo 'NAD kinase' at thermo_a-contig-1 position 76805
[08:49:13] Possible /pseudo 'Thioredoxin-dependent 5'-adenylylsulfate reductase' at thermo_a-contig-1 position 89764
[08:49:13] Possible /pseudo 'Catalase-peroxidase 2' at thermo_a-contig-1 position 99225
[08:49:13] Possible /pseudo 'Catalase-peroxidase' at thermo_a-contig-1 position 99939
[08:49:13] Possible /pseudo 'Kynurenine formamidase' at thermo_a-contig-1 position 108631
[08:49:13] Possible /pseudo 'Anthranilate phosphoribosyltransferase' at thermo_a-contig-1 position 136241
[08:49:13] Possible /pseudo 'Phospho-2-dehydro-3-deoxyheptonate aldolase' at thermo_a-contig-1 position 140200
[08:49:13] Possible /pseudo 'Proline iminopeptidase' at thermo_a-contig-1 position 150662
[08:49:13] Possible /pseudo '2,3-dimethylmalate dehydratase large subunit' at thermo_a-contig-1 position 159496
[08:49:13] Possible /pseudo '2,3-dimethylmalate dehydratase large subunit' at thermo_a-contig-1 position 160169
[08:49:13] Possible /pseudo 'Acetolactate synthase isozyme 1 large subunit' at thermo_a-contig-1 position 163781
[08:49:13] Possible /pseudo 'Phenylalanine--tRNA ligase beta subunit' at thermo_a-contig-1 position 178557
[08:49:13] Possible /pseudo 'Phenylalanine--tRNA ligase beta subunit' at thermo_a-contig-1 position 178762
[08:49:13] Possible /pseudo 'Phenylalanine--tRNA ligase beta subunit' at thermo_a-contig-1 position 179607
[08:49:13] Possible /pseudo 'Phosphoglucosamine mutase' at thermo_a-contig-1 position 195157
[08:49:13] Possible /pseudo 'Ditrans,polycis-undecaprenyl-diphosphate synthase ((2E,6E)-farnesyl-diphosphate specific)' at thermo_a-contig-1 position 198746
[08:49:13] Possible /pseudo 'Adenosylhomocysteinase' at thermo_a-contig-1 position 203029
[08:49:13] Possible /pseudo 'Adenosylhomocysteinase' at thermo_a-contig-1 position 203925
[08:49:13] Possible /pseudo 'Serine--tRNA ligase' at thermo_a-contig-1 position 206472
[08:49:13] Possible /pseudo 'Serine--tRNA ligase' at thermo_a-contig-1 position 206627
[08:49:13] Possible /pseudo 'Glutamate synthase [NADPH] small chain' at thermo_a-contig-1 position 207985
[08:49:13] Possible /pseudo 'Pyridoxal 5'-phosphate synthase subunit PdxS' at thermo_a-contig-1 position 211347
[08:49:13] Possible /pseudo 'Enolase' at thermo_a-contig-1 position 226811
[08:49:13] Possible /pseudo 'Chorismate synthase' at thermo_a-contig-1 position 232145
[08:49:13] Possible /pseudo 'Aspartate--tRNA(Asp/Asn) ligase' at thermo_a-contig-1 position 243130
[08:49:13] Possible /pseudo 'Aldehyde dehydrogenase, thermostable' at thermo_a-contig-2 position 27821
[08:49:13] Possible /pseudo 'Hydroxymethylpyrimidine/phosphomethylpyrimidine kinase' at thermo_a-contig-2 position 60230
[08:49:13] Possible /pseudo 'Mannonate dehydratase' at thermo_a-contig-2 position 61628
[08:49:13] Possible /pseudo 'L-arabinose transport system permease protein AraQ' at thermo_a-contig-2 position 67079
[08:49:13] Possible /pseudo 'Glycerol kinase' at thermo_a-contig-2 position 78740
[08:49:13] Possible /pseudo 'Trehalose import ATP-binding protein SugC' at thermo_a-contig-2 position 84539
[08:49:13] Possible /pseudo '1,4-alpha-glucan branching enzyme GlgB' at thermo_a-contig-2 position 111355
[08:49:13] Possible /pseudo '1,4-alpha-glucan branching enzyme GlgB' at thermo_a-contig-2 position 112225
[08:49:13] Possible /pseudo '1,4-alpha-glucan branching enzyme GlgB' at thermo_a-contig-2 position 112824
[08:49:13] Possible /pseudo 'Trehalose synthase/amylase TreS' at thermo_a-contig-2 position 115819
[08:49:13] Possible /pseudo 'Trehalose synthase/amylase TreS' at thermo_a-contig-2 position 116235
[08:49:13] Possible /pseudo 'Glycogen debranching enzyme' at thermo_a-contig-2 position 118426
[08:49:13] Possible /pseudo 'Malto-oligosyltrehalose trehalohydrolase' at thermo_a-contig-2 position 121425
[08:49:13] Possible /pseudo 'Malto-oligosyltrehalose trehalohydrolase' at thermo_a-contig-2 position 121538
[08:49:13] Possible /pseudo 'Glutathione-binding protein GsiB' at thermo_a-contig-2 position 135223
[08:49:13] Possible /pseudo 'Dipeptide transport system permease protein DppB' at thermo_a-contig-2 position 136403
[08:49:13] Possible /pseudo 'Phospholipase C 1' at thermo_a-contig-2 position 148791
[08:49:13] Possible /pseudo 'putative sphingosine-1-phosphate lyase' at thermo_a-contig-2 position 151812
[08:49:13] Possible /pseudo 'putative sphingosine-1-phosphate lyase' at thermo_a-contig-2 position 152498
[08:49:13] Possible /pseudo 'Phosphoenolpyruvate carboxykinase [GTP]' at thermo_a-contig-2 position 167696
[08:49:13] Possible /pseudo 'Phosphoenolpyruvate carboxykinase [GTP]' at thermo_a-contig-2 position 168097
[08:49:13] Possible /pseudo 'Oxalate oxidoreductase subunit alpha' at thermo_a-contig-2 position 170232
[08:49:13] Possible /pseudo 'Oxalate oxidoreductase subunit alpha' at thermo_a-contig-2 position 170497
[08:49:13] Possible /pseudo 'Oxalate oxidoreductase subunit alpha' at thermo_a-contig-2 position 170670
[08:49:13] Possible /pseudo 'Acetyl-coenzyme A synthetase' at thermo_a-contig-2 position 178179
[08:49:13] Possible /pseudo 'putative dipeptidase PepE' at thermo_a-contig-2 position 185667
[08:49:13] Possible /pseudo 'Pyruvate, phosphate dikinase' at thermo_a-contig-3 position 8886
[08:49:13] Possible /pseudo 'Pyruvate, phosphate dikinase' at thermo_a-contig-3 position 9247
[08:49:13] Possible /pseudo 'Pyruvate, phosphate dikinase' at thermo_a-contig-3 position 9501
[08:49:13] Possible /pseudo 'Delta-aminolevulinic acid dehydratase' at thermo_a-contig-3 position 19236
[08:49:13] Possible /pseudo 'Delta-aminolevulinic acid dehydratase' at thermo_a-contig-3 position 19472
[08:49:13] Possible /pseudo 'Sec-independent protein translocase protein TatC' at thermo_a-contig-3 position 21173
[08:49:13] Possible /pseudo 'NADH-quinone oxidoreductase subunit H' at thermo_a-contig-3 position 29563
[08:49:13] Possible /pseudo 'Thiamine-phosphate synthase' at thermo_a-contig-3 position 54293
[08:49:13] Possible /pseudo 'Arsenical pump-driving ATPase' at thermo_a-contig-3 position 64178
[08:49:13] Possible /pseudo 'Isopentenyl-diphosphate delta-isomerase' at thermo_a-contig-3 position 67306
[08:49:13] Possible /pseudo 'Isopentenyl-diphosphate delta-isomerase' at thermo_a-contig-3 position 67879
[08:49:13] Possible /pseudo 'V-type sodium ATPase catalytic subunit A' at thermo_a-contig-3 position 71491
[08:49:13] Possible /pseudo 'GDP-mannose 4,6-dehydratase' at thermo_a-contig-3 position 97859
[08:49:13] Possible /pseudo 'Glycine--tRNA ligase' at thermo_a-contig-3 position 112036
[08:49:13] Possible /pseudo 'FeS cluster assembly protein SufB' at thermo_a-contig-3 position 116040
[08:49:13] Possible /pseudo 'Endonuclease 4' at thermo_a-contig-3 position 126731
[08:49:13] Possible /pseudo '3-octaprenyl-4-hydroxybenzoate carboxy-lyase' at thermo_a-contig-3 position 132111
[08:49:13] Possible /pseudo 'S-adenosylmethionine synthase' at thermo_a-contig-3 position 136098
[08:49:13] Possible /pseudo 'Cobyrinate a,c-diamide synthase' at thermo_a-contig-3 position 150667
[08:49:13] Possible /pseudo 'GMP synthase [glutamine-hydrolyzing]' at thermo_a-contig-3 position 154567
[08:49:13] Possible /pseudo 'tRNA pseudouridine synthase D' at thermo_a-contig-3 position 162737
[08:49:13] Possible /pseudo 'Aminodeoxyfutalosine synthase' at thermo_a-contig-3 position 165430
[08:49:13] Possible /pseudo 'Acetyl-coenzyme A synthetase' at thermo_a-contig-4 position 16663
[08:49:13] Possible /pseudo 'Acetyl-coenzyme A synthetase' at thermo_a-contig-4 position 16818
[08:49:13] Possible /pseudo 'Glucoamylase' at thermo_a-contig-4 position 26460
[08:49:13] Possible /pseudo 'Glucoamylase' at thermo_a-contig-4 position 26840
[08:49:13] Possible /pseudo 'Monocarboxylate transport permease protein' at thermo_a-contig-4 position 39711
[08:49:13] Possible /pseudo 'Asparagine--tRNA ligase' at thermo_a-contig-4 position 43439
[08:49:13] Possible /pseudo 'Phosphoribosylamine--glycine ligase' at thermo_a-contig-4 position 47999
[08:49:13] Possible /pseudo 'Adenosylcobinamide-GDP ribazoletransferase' at thermo_a-contig-4 position 60015
[08:49:13] Possible /pseudo 'Ribose-5-phosphate isomerase A' at thermo_a-contig-4 position 75177
[08:49:13] Possible /pseudo 'Cobalt-precorrin-4 C(11)-methyltransferase' at thermo_a-contig-4 position 82590
[08:49:13] Possible /pseudo 'D-glycerate 2-kinase' at thermo_a-contig-4 position 86594
[08:49:13] Possible /pseudo 'Cell division protein FtsZ' at thermo_a-contig-4 position 97821
[08:49:13] Possible /pseudo 'Transaldolase' at thermo_a-contig-4 position 100410
[08:49:13] Possible /pseudo 'Ribonuclease' at thermo_a-contig-4 position 101748
[08:49:13] Possible /pseudo 'Phosphoribosylaminoimidazole-succinocarboxamide synthase' at thermo_a-contig-4 position 108981
[08:49:13] Possible /pseudo 'Putative cytochrome P450 YjiB' at thermo_a-contig-4 position 110768
[08:49:13] Possible /pseudo 'Phosphoribosylformylglycinamidine synthase subunit PurL' at thermo_a-contig-4 position 123247
[08:49:13] Possible /pseudo 'Phosphoribosylformylglycinamidine synthase subunit PurL' at thermo_a-contig-4 position 123921
[08:49:13] Possible /pseudo 'Phosphoribosylformylglycinamidine synthase subunit PurL' at thermo_a-contig-4 position 124486
[08:49:13] Possible /pseudo '3-hydroxy-3-methylglutaryl-coenzyme A reductase' at thermo_a-contig-4 position 130730
[08:49:13] Possible /pseudo '3-hydroxy-3-methylglutaryl-coenzyme A reductase' at thermo_a-contig-4 position 131245
[08:49:13] Possible /pseudo 'Adenylosuccinate lyase' at thermo_a-contig-4 position 134996
[08:49:13] Possible /pseudo '4-hydroxy-tetrahydrodipicolinate synthase' at thermo_a-contig-4 position 144263
[08:49:13] Possible /pseudo 'Cysteine--tRNA ligase' at thermo_a-contig-5 position 1440
[08:49:13] Possible /pseudo 'Cysteine--tRNA ligase' at thermo_a-contig-5 position 1963
[08:49:13] Possible /pseudo 'Arsenical pump membrane protein' at thermo_a-contig-5 position 3711
[08:49:13] Possible /pseudo 'Short-chain-enoyl-CoA hydratase' at thermo_a-contig-5 position 30250
[08:49:13] Possible /pseudo '[LysW]-L-2-aminoadipate 6-phosphate reductase' at thermo_a-contig-5 position 40132
[08:49:13] Possible /pseudo 'Alpha-aminoadipate--LysW ligase LysX' at thermo_a-contig-5 position 43251
[08:49:13] Possible /pseudo 'ATP phosphoribosyltransferase regulatory subunit' at thermo_a-contig-5 position 45239
[08:49:13] Possible /pseudo 'Histidinol dehydrogenase' at thermo_a-contig-5 position 46558
[08:49:13] Possible /pseudo 'Histidinol dehydrogenase' at thermo_a-contig-5 position 46869
[08:49:13] Possible /pseudo 'Histidinol dehydrogenase' at thermo_a-contig-5 position 47050
[08:49:13] Possible /pseudo 'Aspartate-proton symporter' at thermo_a-contig-5 position 52083
[08:49:13] Possible /pseudo '2,3-dimethylmalate dehydratase large subunit' at thermo_a-contig-5 position 54629
[08:49:13] Possible /pseudo '2-isopropylmalate synthase' at thermo_a-contig-5 position 56938
[08:49:13] Possible /pseudo 'Isoleucine--tRNA ligase' at thermo_a-contig-5 position 66829
[08:49:13] Possible /pseudo 'Isoleucine--tRNA ligase' at thermo_a-contig-5 position 67493
[08:49:13] Possible /pseudo 'Isoleucine--tRNA ligase' at thermo_a-contig-5 position 68479
[08:49:13] Possible /pseudo 'Chromosome partition protein Smc' at thermo_a-contig-5 position 80957
[08:49:13] Possible /pseudo 'Chromosome partition protein Smc' at thermo_a-contig-5 position 82149
[08:49:13] Possible /pseudo 'Chromosome partition protein Smc' at thermo_a-contig-5 position 83217
[08:49:13] Possible /pseudo 'Chromosome partition protein Smc' at thermo_a-contig-5 position 83699
[08:49:13] Possible /pseudo 'Anaerobic glycerol-3-phosphate dehydrogenase subunit A' at thermo_a-contig-5 position 120236
[08:49:13] Possible /pseudo 'Succinate semialdehyde dehydrogenase [NAD(P)+] Sad' at thermo_a-contig-5 position 126470
[08:49:13] Possible /pseudo 'Aconitate hydratase A' at thermo_a-contig-6 position 375
[08:49:13] Possible /pseudo 'Pyridoxal 5'-phosphate synthase subunit PdxT' at thermo_a-contig-6 position 32728
[08:49:13] Possible /pseudo 'Aminomethyltransferase' at thermo_a-contig-6 position 33653
[08:49:13] Possible /pseudo 'Threonine synthase' at thermo_a-contig-6 position 36192
[08:49:13] Possible /pseudo 'CTP synthase' at thermo_a-contig-6 position 40191
[08:49:13] Possible /pseudo 'L-methionine gamma-lyase' at thermo_a-contig-6 position 43958
[08:49:13] Possible /pseudo 'Acetyl-coenzyme A synthetase' at thermo_a-contig-6 position 49016
[08:49:13] Possible /pseudo 'Acetyl-CoA acetyltransferase' at thermo_a-contig-6 position 52863
[08:49:13] Possible /pseudo 'Urocanate hydratase' at thermo_a-contig-6 position 61739
[08:49:13] Possible /pseudo 'Urocanate hydratase' at thermo_a-contig-6 position 62160
[08:49:13] Possible /pseudo 'Asparagine--tRNA ligase' at thermo_a-contig-6 position 72021
[08:49:13] Possible /pseudo '2-oxoisovalerate dehydrogenase subunit beta' at thermo_a-contig-6 position 81892
[08:49:13] Possible /pseudo 'Dihydrolipoyl dehydrogenase' at thermo_a-contig-6 position 83733
[08:49:13] Possible /pseudo 'Dihydrolipoyl dehydrogenase' at thermo_a-contig-6 position 84112
[08:49:13] Possible /pseudo 'Dihydrolipoyl dehydrogenase' at thermo_a-contig-6 position 84526
[08:49:13] Possible /pseudo 'Octanoyltransferase' at thermo_a-contig-6 position 84828
[08:49:13] Possible /pseudo '2-dehydro-3-deoxy-L-rhamnonate dehydrogenase (NAD(+))' at thermo_a-contig-6 position 94678
[08:49:13] Possible /pseudo 'Imidazolonepropionase' at thermo_a-contig-7 position 11195
[08:49:13] Possible /pseudo 'Imidazolonepropionase' at thermo_a-contig-7 position 11834
[08:49:13] Possible /pseudo 'Ribosomal protein S12 methylthiotransferase RimO' at thermo_a-contig-7 position 17068
[08:49:13] Possible /pseudo '2-oxoglutarate oxidoreductase subunit KorA' at thermo_a-contig-7 position 20766
[08:49:13] Possible /pseudo 'Lysine--tRNA ligase' at thermo_a-contig-7 position 26612
[08:49:13] Possible /pseudo 'Lysine--tRNA ligase' at thermo_a-contig-7 position 27121
[08:49:13] Possible /pseudo 'Methionine--tRNA ligase' at thermo_a-contig-7 position 28393
[08:49:13] Possible /pseudo 'Iron-sulfur cluster carrier protein' at thermo_a-contig-7 position 30185
[08:49:13] Possible /pseudo 'Glutamate formimidoyltransferase' at thermo_a-contig-7 position 45542
[08:49:13] Possible /pseudo 'Glutamyl-tRNA(Gln) amidotransferase subunit A' at thermo_a-contig-7 position 47390
[08:49:13] Possible /pseudo 'Bifunctional purine biosynthesis protein PurH' at thermo_a-contig-7 position 54934
[08:49:13] Possible /pseudo 'Bifunctional purine biosynthesis protein PurH' at thermo_a-contig-7 position 55395
[08:49:13] Possible /pseudo 'Bifunctional purine biosynthesis protein PurH' at thermo_a-contig-7 position 55740
[08:49:13] Possible /pseudo 'putative glycine dehydrogenase (decarboxylating) subunit 1' at thermo_a-contig-7 position 58762
[08:49:13] Possible /pseudo 'o-succinylbenzoate synthase' at thermo_a-contig-7 position 62312
[08:49:13] Possible /pseudo 'o-succinylbenzoate synthase' at thermo_a-contig-7 position 62590
[08:49:13] Possible /pseudo 'o-succinylbenzoate synthase' at thermo_a-contig-7 position 62916
[08:49:13] Possible /pseudo 'Oligopeptide transport ATP-binding protein OppD' at thermo_a-contig-7 position 70251
[08:49:13] Possible /pseudo 'Alcohol dehydrogenase' at thermo_a-contig-7 position 90066
[08:49:13] Possible /pseudo 'Glutamyl-tRNA reductase' at thermo_a-contig-7 position 93428
[08:49:13] Possible /pseudo 'Glycine cleavage system H protein' at thermo_a-contig-7 position 101558
[08:49:13] Possible /pseudo 'Polyamine aminopropyltransferase' at thermo_a-contig-7 position 112412
[08:49:13] Possible /pseudo 'tRNA N6-adenosine threonylcarbamoyltransferase' at thermo_a-contig-7 position 114740
[08:49:13] Possible /pseudo 'Molybdopterin molybdenumtransferase' at thermo_a-contig-7 position 117400
[08:49:13] Possible /pseudo 'Inosine-5'-monophosphate dehydrogenase' at thermo_a-contig-8 position 3111
[08:49:13] Possible /pseudo 'Inosine-5'-monophosphate dehydrogenase' at thermo_a-contig-8 position 3611
[08:49:13] Possible /pseudo 'Putative formate dehydrogenase' at thermo_a-contig-8 position 6810
[08:49:13] Possible /pseudo 'Histidine ammonia-lyase' at thermo_a-contig-8 position 21884
[08:49:13] Possible /pseudo 'Putative gamma-glutamyltransferase YwrD' at thermo_a-contig-8 position 34286
[08:49:13] Possible /pseudo 'RNA-splicing ligase RtcB' at thermo_a-contig-8 position 41447
[08:49:13] Possible /pseudo '3-phosphoshikimate 1-carboxyvinyltransferase' at thermo_a-contig-8 position 48234
[08:49:13] Possible /pseudo '3-dehydroquinate synthase' at thermo_a-contig-8 position 51578
[08:49:13] Possible /pseudo 'Trehalase' at thermo_a-contig-8 position 53402
[08:49:13] Possible /pseudo 'Lysine 6-dehydrogenase' at thermo_a-contig-8 position 56776
[08:49:13] Possible /pseudo 'putative D,D-dipeptide transport system permease protein DdpB' at thermo_a-contig-8 position 61792
[08:49:13] Possible /pseudo 'Soluble hydrogenase 42 kDa subunit' at thermo_a-contig-8 position 72660
[08:49:13] Possible /pseudo 'N5-carboxyaminoimidazole ribonucleotide mutase' at thermo_a-contig-8 position 104383
[08:49:13] Possible /pseudo 'Threonylcarbamoyl-AMP synthase' at thermo_a-contig-8 position 105438
[08:49:13] Possible /pseudo '60 kDa chaperonin' at thermo_a-contig-9 position 2547
[08:49:13] Possible /pseudo 'Acyl-CoA dehydrogenase' at thermo_a-contig-9 position 6337
[08:49:13] Possible /pseudo 'Argininosuccinate lyase' at thermo_a-contig-9 position 23714
[08:49:13] Possible /pseudo 'Argininosuccinate synthase' at thermo_a-contig-9 position 24836
[08:49:13] Possible /pseudo 'Thioredoxin reductase' at thermo_a-contig-9 position 31023
[08:49:13] Possible /pseudo 'Acetyl-CoA:oxalate CoA-transferase' at thermo_a-contig-9 position 35234
[08:49:13] Possible /pseudo 'Succinyl-CoA--L-malate CoA-transferase alpha subunit' at thermo_a-contig-9 position 38922
[08:49:13] Possible /pseudo 'Formate--tetrahydrofolate ligase' at thermo_a-contig-9 position 44886
[08:49:13] Possible /pseudo 'Formate--tetrahydrofolate ligase' at thermo_a-contig-9 position 45352
[08:49:13] Possible /pseudo 'Carbon monoxide dehydrogenase small chain' at thermo_a-contig-9 position 71979
[08:49:13] Possible /pseudo 'Vitamin B12-dependent ribonucleoside-diphosphate reductase' at thermo_a-contig-9 position 83971
[08:49:13] Possible /pseudo 'Vitamin B12-dependent ribonucleoside-diphosphate reductase' at thermo_a-contig-9 position 84864
[08:49:13] Possible /pseudo 'Vitamin B12-dependent ribonucleoside-diphosphate reductase' at thermo_a-contig-9 position 85423
[08:49:13] Possible /pseudo 'Dihydroorotase' at thermo_a-contig-10 position 6307
[08:49:13] Possible /pseudo 'Phosphoenolpyruvate carboxylase' at thermo_a-contig-10 position 23453
[08:49:13] Possible /pseudo 'Phosphoenolpyruvate carboxylase' at thermo_a-contig-10 position 23740
[08:49:13] Possible /pseudo 'Ammonia channel' at thermo_a-contig-10 position 24956
[08:49:13] Possible /pseudo 'Glutamate synthase [NADPH] large chain' at thermo_a-contig-10 position 26495
[08:49:13] Possible /pseudo 'Homoserine kinase' at thermo_a-contig-10 position 34920
[08:49:13] Possible /pseudo 'Cysteine synthase' at thermo_a-contig-10 position 38155
[08:49:13] Possible /pseudo 'ATP-dependent zinc metalloprotease FtsH' at thermo_a-contig-10 position 41594
[08:49:13] Possible /pseudo 'Potassium-transporting ATPase ATP-binding subunit' at thermo_a-contig-10 position 68213
[08:49:13] Possible /pseudo 'Carbamate kinase 1' at thermo_a-contig-11 position 6946
[08:49:13] Possible /pseudo 'Isocitrate dehydrogenase [NADP]' at thermo_a-contig-11 position 9924
[08:49:13] Possible /pseudo 'Adenylosuccinate synthetase' at thermo_a-contig-11 position 11816
[08:49:13] Possible /pseudo 'Threonine synthase' at thermo_a-contig-11 position 36455
[08:49:13] Possible /pseudo 'Cobyric acid synthase' at thermo_a-contig-11 position 44279
[08:49:13] Possible /pseudo 'Cell division protein FtsZ' at thermo_a-contig-11 position 47734
[08:49:13] Possible /pseudo 'Queuine tRNA-ribosyltransferase' at thermo_a-contig-11 position 54294
[08:49:13] Possible /pseudo 'DNA polymerase II' at thermo_a-contig-11 position 58730
[08:49:13] Possible /pseudo '2-oxoglutarate oxidoreductase subunit KorA' at thermo_a-contig-12 position 2897
[08:49:13] Possible /pseudo 'Fructose-1,6-bisphosphate aldolase/phosphatase' at thermo_a-contig-12 position 8442
[08:49:13] Possible /pseudo 'Elongation factor G' at thermo_a-contig-12 position 25063
[08:49:13] Possible /pseudo 'Protein GrpE' at thermo_a-contig-12 position 31268
[08:49:13] Possible /pseudo 'Chaperone protein DnaK' at thermo_a-contig-12 position 31916
[08:49:13] Possible /pseudo 'Chaperone protein DnaK' at thermo_a-contig-12 position 32557
[08:49:13] Possible /pseudo 'Chaperone protein DnaJ' at thermo_a-contig-12 position 33772
[08:49:13] Possible /pseudo 'Chaperone protein DnaJ' at thermo_a-contig-12 position 34074
[08:49:13] Possible /pseudo 'DNA ligase B' at thermo_a-contig-12 position 40046
[08:49:13] Possible /pseudo 'Mercuric reductase' at thermo_a-contig-12 position 46169
[08:49:13] Possible /pseudo 'NAD-dependent malic enzyme' at thermo_a-contig-13 position 2427
[08:49:13] Possible /pseudo 'Aspartate-proton symporter' at thermo_a-contig-13 position 20624
[08:49:13] Possible /pseudo 'Endonuclease V' at thermo_a-contig-13 position 26807
[08:49:13] Possible /pseudo '3-isopropylmalate dehydrogenase' at thermo_a-contig-14 position 2890
[08:49:13] Possible /pseudo 'Dihydroxy-acid dehydratase' at thermo_a-contig-14 position 4230
[08:49:13] Possible /pseudo 'Modification methylase DpnIIA' at thermo_a-contig-14 position 7443
[08:49:13] Possible /pseudo 'NADH oxidase' at thermo_a-contig-14 position 9273
[08:49:13] Possible /pseudo 'Benzoylformate decarboxylase' at thermo_a-contig-14 position 10983
[08:49:13] Possible /pseudo 'Pantothenate kinase' at thermo_a-contig-14 position 13080
[08:49:13] Possible /pseudo 'Pantothenate kinase' at thermo_a-contig-14 position 13256
[08:49:13] Possible /pseudo '2-aminoadipate transaminase' at thermo_a-contig-14 position 17736
[08:49:13] Possible /pseudo 'Serine hydroxymethyltransferase' at thermo_a-contig-14 position 19969
[08:49:13] Possible /pseudo 'Valine--tRNA ligase' at thermo_a-contig-14 position 23462
[08:49:13] Possible /pseudo 'Valine--tRNA ligase' at thermo_a-contig-14 position 23932
[08:49:13] Possible /pseudo 'Valine--tRNA ligase' at thermo_a-contig-14 position 24194
[08:49:13] Possible /pseudo 'Valine--tRNA ligase' at thermo_a-contig-14 position 24655
[08:49:13] Possible /pseudo 'Aconitate hydratase A' at thermo_a-contig-14 position 31577
[08:49:13] Possible /pseudo 'Aconitate hydratase A' at thermo_a-contig-14 position 31942
[08:49:13] Possible /pseudo 'Succinate--CoA ligase [GDP-forming] subunit beta' at thermo_a-contig-16 position 19011
[08:49:13] Possible /pseudo 'Ornithine carbamoyltransferase' at thermo_a-contig-16 position 20977
[08:49:13] Possible /pseudo 'Folylpolyglutamate synthase' at thermo_a-contig-17 position 17733
[08:49:13] Possible /pseudo 'Tricorn protease ' at thermo_a-contig-19 position 7831
[08:49:13] Possible /pseudo 'Tricorn protease ' at thermo_a-contig-19 position 8745
[08:49:13] Possible /pseudo 'Aspartate-proton symporter' at thermo_a-contig-21 position 4012
[08:49:13] Possible /pseudo 'Acetophenone carboxylase gamma subunit' at thermo_a-contig-23 position 1403
[08:49:13] Found 727 unique /gene codes.
[08:49:13] Fixed 2 duplicate /gene - hisZ_1 hisZ_2
[08:49:13] Fixed 2 duplicate /gene - lysX_1 lysX_2
[08:49:13] Fixed 2 duplicate /gene - lipB_1 lipB_2
[08:49:13] Fixed 3 duplicate /gene - hddA_1 hddA_2 hddA_3
[08:49:13] Fixed 3 duplicate /gene - fni_1 fni_2 fni_3
[08:49:13] Fixed 2 duplicate /gene - tatA_1 tatA_2
[08:49:13] Fixed 2 duplicate /gene - groL_1 groL_2
[08:49:13] Fixed 2 duplicate /gene - ilvD_1 ilvD_2
[08:49:13] Fixed 2 duplicate /gene - naiP_1 naiP_2
[08:49:13] Fixed 3 duplicate /gene - rimI_1 rimI_2 rimI_3
[08:49:13] Fixed 2 duplicate /gene - top6A_1 top6A_2
[08:49:13] Fixed 2 duplicate /gene - carB_1 carB_2
[08:49:13] Fixed 2 duplicate /gene - glpA_1 glpA_2
[08:49:13] Fixed 2 duplicate /gene - cdhA_1 cdhA_2
[08:49:13] Fixed 2 duplicate /gene - rph_1 rph_2
[08:49:13] Fixed 3 duplicate /gene - serS_1 serS_2 serS_3
[08:49:13] Fixed 2 duplicate /gene - apc4_1 apc4_2
[08:49:13] Fixed 2 duplicate /gene - glpE_1 glpE_2
[08:49:13] Fixed 3 duplicate /gene - glpK_1 glpK_2 glpK_3
[08:49:13] Fixed 2 duplicate /gene - yicI_1 yicI_2
[08:49:13] Fixed 4 duplicate /gene - purL_1 purL_2 purL_3 purL_4
[08:49:13] Fixed 2 duplicate /gene - ywrD_1 ywrD_2
[08:49:13] Fixed 2 duplicate /gene - grpE_1 grpE_2
[08:49:13] Fixed 2 duplicate /gene - atoB_1 atoB_2
[08:49:13] Fixed 3 duplicate /gene - apc3_1 apc3_2 apc3_3
[08:49:13] Fixed 2 duplicate /gene - arcC1_1 arcC1_2
[08:49:13] Fixed 2 duplicate /gene - ntpA_1 ntpA_2
[08:49:13] Fixed 2 duplicate /gene - hemA_1 hemA_2
[08:49:13] Fixed 2 duplicate /gene - truD_1 truD_2
[08:49:13] Fixed 2 duplicate /gene - nth_1 nth_2
[08:49:13] Fixed 2 duplicate /gene - acdA_1 acdA_2
[08:49:13] Fixed 2 duplicate /gene - bcp_1 bcp_2
[08:49:13] Fixed 3 duplicate /gene - dnaJ_1 dnaJ_2 dnaJ_3
[08:49:13] Fixed 2 duplicate /gene - pepE_1 pepE_2
[08:49:13] Fixed 2 duplicate /gene - gdhA_1 gdhA_2
[08:49:13] Fixed 2 duplicate /gene - glyA_1 glyA_2
[08:49:13] Fixed 5 duplicate /gene - ppdK_1 ppdK_2 ppdK_3 ppdK_4 ppdK_5
[08:49:13] Fixed 2 duplicate /gene - glmM_1 glmM_2
[08:49:13] Fixed 3 duplicate /gene - pyrG_1 pyrG_2 pyrG_3
[08:49:13] Fixed 3 duplicate /gene - glnA_1 glnA_2 glnA_3
[08:49:13] Fixed 3 duplicate /gene - ftsH_1 ftsH_2 ftsH_3
[08:49:13] Fixed 3 duplicate /gene - mqnE_1 mqnE_2 mqnE_3
[08:49:13] Fixed 3 duplicate /gene - guaA_1 guaA_2 guaA_3
[08:49:13] Fixed 2 duplicate /gene - mshA_1 mshA_2
[08:49:13] Fixed 2 duplicate /gene - purE_1 purE_2
[08:49:13] Fixed 3 duplicate /gene - rpoC_1 rpoC_2 rpoC_3
[08:49:13] Fixed 2 duplicate /gene - nfi_1 nfi_2
[08:49:13] Fixed 3 duplicate /gene - dppB_1 dppB_2 dppB_3
[08:49:13] Fixed 3 duplicate /gene - lysS_1 lysS_2 lysS_3
[08:49:13] Fixed 2 duplicate /gene - cysK_1 cysK_2
[08:49:13] Fixed 2 duplicate /gene - ahpF_1 ahpF_2
[08:49:13] Fixed 2 duplicate /gene - gcvT_1 gcvT_2
[08:49:13] Fixed 2 duplicate /gene - mtnP_1 mtnP_2
[08:49:13] Fixed 4 duplicate /gene - hbd_1 hbd_2 hbd_3 hbd_4
[08:49:13] Fixed 6 duplicate /gene - valS_1 valS_2 valS_3 valS_4 valS_5 valS_6
[08:49:13] Fixed 3 duplicate /gene - yhdN_1 yhdN_2 yhdN_3
[08:49:13] Fixed 3 duplicate /gene - leuA_1 leuA_2 leuA_3
[08:49:13] Fixed 3 duplicate /gene - ilvB_1 ilvB_2 ilvB_3
[08:49:13] Fixed 2 duplicate /gene - smtA_1 smtA_2
[08:49:13] Fixed 2 duplicate /gene - dpnA_1 dpnA_2
[08:49:13] Fixed 2 duplicate /gene - cbiF_1 cbiF_2
[08:49:13] Fixed 3 duplicate /gene - ffh_1 ffh_2 ffh_3
[08:49:13] Fixed 2 duplicate /gene - polB_1 polB_2
[08:49:13] Fixed 2 duplicate /gene - plcA_1 plcA_2
[08:49:13] Fixed 2 duplicate /gene - kdpB_1 kdpB_2
[08:49:13] Fixed 2 duplicate /gene - tal_1 tal_2
[08:49:13] Fixed 2 duplicate /gene - ilvC_1 ilvC_2
[08:49:13] Fixed 2 duplicate /gene - aroB_1 aroB_2
[08:49:13] Fixed 2 duplicate /gene - otsA_1 otsA_2
[08:49:13] Fixed 2 duplicate /gene - scpA_1 scpA_2
[08:49:13] Fixed 2 duplicate /gene - trpD_1 trpD_2
[08:49:13] Fixed 2 duplicate /gene - argH_1 argH_2
[08:49:13] Fixed 2 duplicate /gene - ywlC_1 ywlC_2
[08:49:13] Fixed 2 duplicate /gene - gltD_1 gltD_2
[08:49:13] Fixed 2 duplicate /gene - uppS_1 uppS_2
[08:49:13] Fixed 2 duplicate /gene - araE_1 araE_2
[08:49:13] Fixed 4 duplicate /gene - menC_1 menC_2 menC_3 menC_4
[08:49:13] Fixed 3 duplicate /gene - tri1_1 tri1_2 tri1_3
[08:49:13] Fixed 2 duplicate /gene - rplO_1 rplO_2
[08:49:13] Fixed 2 duplicate /gene - cbiA_1 cbiA_2
[08:49:13] Fixed 2 duplicate /gene - trm1_1 trm1_2
[08:49:13] Fixed 2 duplicate /gene - mat_1 mat_2
[08:49:13] Fixed 2 duplicate /gene - btuF_1 btuF_2
[08:49:13] Fixed 2 duplicate /gene - egsA_1 egsA_2
[08:49:13] Fixed 2 duplicate /gene - gsiB_1 gsiB_2
[08:49:13] Fixed 4 duplicate /gene - korA_1 korA_2 korA_3 korA_4
[08:49:13] Fixed 2 duplicate /gene - thiD_1 thiD_2
[08:49:13] Fixed 8 duplicate /gene - yveA_1 yveA_2 yveA_3 yveA_4 yveA_5 yveA_6 yveA_7 yveA_8
[08:49:13] Fixed 2 duplicate /gene - treY_1 treY_2
[08:49:13] Fixed 3 duplicate /gene - dnaK_1 dnaK_2 dnaK_3
[08:49:13] Fixed 2 duplicate /gene - dbpA_1 dbpA_2
[08:49:13] Fixed 2 duplicate /gene - pyrB_1 pyrB_2
[08:49:13] Fixed 2 duplicate /gene - speE_1 speE_2
[08:49:13] Fixed 4 duplicate /gene - asnS_1 asnS_2 asnS_3 asnS_4
[08:49:13] Fixed 2 duplicate /gene - aroC_1 aroC_2
[08:49:13] Fixed 2 duplicate /gene - cobQ_1 cobQ_2
[08:49:13] Fixed 2 duplicate /gene - gatA_1 gatA_2
[08:49:13] Fixed 4 duplicate /gene - purH_1 purH_2 purH_3 purH_4
[08:49:13] Fixed 3 duplicate /gene - coaA_1 coaA_2 coaA_3
[08:49:13] Fixed 2 duplicate /gene - arsA_1 arsA_2
[08:49:13] Fixed 2 duplicate /gene - mhbT_1 mhbT_2
[08:49:13] Fixed 3 duplicate /gene - obg_1 obg_2 obg_3
[08:49:13] Fixed 2 duplicate /gene - cysA_1 cysA_2
[08:49:13] Fixed 2 duplicate /gene - icd_1 icd_2
[08:49:13] Fixed 3 duplicate /gene - purB_1 purB_2 purB_3
[08:49:13] Fixed 2 duplicate /gene - gcvH_1 gcvH_2
[08:49:13] Fixed 5 duplicate /gene - guaB_1 guaB_2 guaB_3 guaB_4 guaB_5
[08:49:13] Fixed 2 duplicate /gene - plaP_1 plaP_2
[08:49:13] Fixed 2 duplicate /gene - actP_1 actP_2
[08:49:13] Fixed 2 duplicate /gene - ligB_1 ligB_2
[08:49:13] Fixed 2 duplicate /gene - mdeA_1 mdeA_2
[08:49:13] Fixed 2 duplicate /gene - rtcB_1 rtcB_2
[08:49:13] Fixed 4 duplicate /gene - ileS_1 ileS_2 ileS_3 ileS_4
[08:49:13] Fixed 2 duplicate /gene - arsB_1 arsB_2
[08:49:13] Fixed 2 duplicate /gene - natA_1 natA_2
[08:49:13] Fixed 2 duplicate /gene - cysI_1 cysI_2
[08:49:13] Fixed 2 duplicate /gene - gcvPB_1 gcvPB_2
[08:49:13] Fixed 4 duplicate /gene - trxB_1 trxB_2 trxB_3 trxB_4
[08:49:13] Fixed 2 duplicate /gene - hisC_1 hisC_2
[08:49:13] Fixed 3 duplicate /gene - oppD_1 oppD_2 oppD_3
[08:49:13] Fixed 3 duplicate /gene - purF_1 purF_2 purF_3
[08:49:13] Fixed 7 duplicate /gene - drrA_1 drrA_2 drrA_3 drrA_4 drrA_5 drrA_6 drrA_7
[08:49:13] Fixed 2 duplicate /gene - korB_1 korB_2
[08:49:13] Fixed 2 duplicate /gene - topA_1 topA_2
[08:49:13] Fixed 2 duplicate /gene - polX_1 polX_2
[08:49:13] Fixed 2 duplicate /gene - selB_1 selB_2
[08:49:13] Fixed 2 duplicate /gene - der_1 der_2
[08:49:13] Fixed 3 duplicate /gene - aroF_1 aroF_2 aroF_3
[08:49:13] Fixed 2 duplicate /gene - yhdG_1 yhdG_2
[08:49:13] Fixed 5 duplicate /gene - thrC_1 thrC_2 thrC_3 thrC_4 thrC_5
[08:49:13] Fixed 8 duplicate /gene - smc_1 smc_2 smc_3 smc_4 smc_5 smc_6 smc_7 smc_8
[08:49:13] Fixed 3 duplicate /gene - moeA_1 moeA_2 moeA_3
[08:49:13] Fixed 2 duplicate /gene - tsaD_1 tsaD_2
[08:49:13] Fixed 3 duplicate /gene - thiL_1 thiL_2 thiL_3
[08:49:13] Fixed 2 duplicate /gene - katG2_1 katG2_2
[08:49:13] Fixed 2 duplicate /gene - cysH_1 cysH_2
[08:49:13] Fixed 2 duplicate /gene - cobS_1 cobS_2
[08:49:13] Fixed 3 duplicate /gene - queE_1 queE_2 queE_3
[08:49:13] Fixed 2 duplicate /gene - pheS_1 pheS_2
[08:49:13] Fixed 2 duplicate /gene - hisS_1 hisS_2
[08:49:13] Fixed 3 duplicate /gene - cysG_1 cysG_2 cysG_3
[08:49:13] Fixed 2 duplicate /gene - qoxB_1 qoxB_2
[08:49:13] Fixed 4 duplicate /gene - ribZ_1 ribZ_2 ribZ_3 ribZ_4
[08:49:13] Fixed 3 duplicate /gene - ygcS_1 ygcS_2 ygcS_3
[08:49:13] Fixed 2 duplicate /gene - lcfB_1 lcfB_2
[08:49:13] Fixed 3 duplicate /gene - fabG_1 fabG_2 fabG_3
[08:49:13] Fixed 2 duplicate /gene - gmd_1 gmd_2
[08:49:13] Fixed 3 duplicate /gene - acnA_1 acnA_2 acnA_3
[08:49:13] Fixed 3 duplicate /gene - dpnM_1 dpnM_2 dpnM_3
[08:49:13] Fixed 2 duplicate /gene - cutL_1 cutL_2
[08:49:13] Fixed 3 duplicate /gene - fusA_1 fusA_2 fusA_3
[08:49:13] Fixed 2 duplicate /gene - fdhD_1 fdhD_2
[08:49:13] Fixed 3 duplicate /gene - gcvPA_1 gcvPA_2 gcvPA_3
[08:49:13] Fixed 2 duplicate /gene - aldHT_1 aldHT_2
[08:49:13] Fixed 3 duplicate /gene - lysDH_1 lysDH_2 lysDH_3
[08:49:13] Fixed 2 duplicate /gene - pyrC_1 pyrC_2
[08:49:13] Fixed 2 duplicate /gene - mdlC_1 mdlC_2
[08:49:13] Fixed 4 duplicate /gene - hisD_1 hisD_2 hisD_3 hisD_4
[08:49:13] Fixed 2 duplicate /gene - htpX_1 htpX_2
[08:49:13] Fixed 3 duplicate /gene - hemB_1 hemB_2 hemB_3
[08:49:13] Fixed 3 duplicate /gene - pdhD_1 pdhD_2 pdhD_3
[08:49:13] Fixed 3 duplicate /gene - hicd_1 hicd_2 hicd_3
[08:49:13] Fixed 2 duplicate /gene - carD_1 carD_2
[08:49:13] Fixed 2 duplicate /gene - pnp_1 pnp_2
[08:49:13] Fixed 2 duplicate /gene - folP_1 folP_2
[08:49:13] Fixed 2 duplicate /gene - iolT_1 iolT_2
[08:49:13] Fixed 3 duplicate /gene - sugC_1 sugC_2 sugC_3
[08:49:13] Fixed 2 duplicate /gene - tuf_1 tuf_2
[08:49:13] Fixed 2 duplicate /gene - cobD_1 cobD_2
[08:49:13] Fixed 2 duplicate /gene - sufB_1 sufB_2
[08:49:13] Fixed 3 duplicate /gene - carA_1 carA_2 carA_3
[08:49:13] Fixed 2 duplicate /gene - adhT_1 adhT_2
[08:49:13] Fixed 2 duplicate /gene - rmlA_1 rmlA_2
[08:49:13] Fixed 4 duplicate /gene - bacC_1 bacC_2 bacC_3 bacC_4
[08:49:13] Fixed 2 duplicate /gene - etfB_1 etfB_2
[08:49:13] Fixed 2 duplicate /gene - nrdA_1 nrdA_2
[08:49:13] Fixed 5 duplicate /gene - kynB_1 kynB_2 kynB_3 kynB_4 kynB_5
[08:49:13] Fixed 2 duplicate /gene - xerC_1 xerC_2
[08:49:13] Fixed 4 duplicate /gene - hutU_1 hutU_2 hutU_3 hutU_4
[08:49:13] Fixed 5 duplicate /gene - dmdA_1 dmdA_2 dmdA_3 dmdA_4 dmdA_5
[08:49:13] Fixed 3 duplicate /gene - ddpB_1 ddpB_2 ddpB_3
[08:49:13] Fixed 2 duplicate /gene - purC_1 purC_2
[08:49:13] Fixed 3 duplicate /gene - mctP_1 mctP_2 mctP_3
[08:49:13] Fixed 2 duplicate /gene - carC_1 carC_2
[08:49:13] Fixed 3 duplicate /gene - hemL_1 hemL_2 hemL_3
[08:49:13] Fixed 2 duplicate /gene - ugpC_1 ugpC_2
[08:49:13] Fixed 3 duplicate /gene - pckG_1 pckG_2 pckG_3
[08:49:13] Fixed 2 duplicate /gene - pdxT_1 pdxT_2
[08:49:13] Fixed 4 duplicate /gene - nrdZ_1 nrdZ_2 nrdZ_3 nrdZ_4
[08:49:13] Fixed 2 duplicate /gene - gyrB_1 gyrB_2
[08:49:13] Fixed 2 duplicate /gene - lrp_1 lrp_2
[08:49:13] Fixed 2 duplicate /gene - paaF_1 paaF_2
[08:49:13] Fixed 2 duplicate /gene - rpiA_1 rpiA_2
[08:49:13] Fixed 2 duplicate /gene - top6B_1 top6B_2
[08:49:13] Fixed 2 duplicate /gene - amt_1 amt_2
[08:49:13] Fixed 2 duplicate /gene - pip_1 pip_2
[08:49:13] Fixed 2 duplicate /gene - hutH_1 hutH_2
[08:49:13] Fixed 2 duplicate /gene - thrB_1 thrB_2
[08:49:13] Fixed 2 duplicate /gene - adh_1 adh_2
[08:49:13] Fixed 2 duplicate /gene - sfsA_1 sfsA_2
[08:49:13] Fixed 3 duplicate /gene - mvaA_1 mvaA_2 mvaA_3
[08:49:13] Fixed 2 duplicate /gene - xerD_1 xerD_2
[08:49:13] Fixed 3 duplicate /gene - ubiD_1 ubiD_2 ubiD_3
[08:49:13] Fixed 2 duplicate /gene - yjiB_1 yjiB_2
[08:49:13] Fixed 2 duplicate /gene - sad_1 sad_2
[08:49:13] Fixed 3 duplicate /gene - gltA_1 gltA_2 gltA_3
[08:49:13] Fixed 4 duplicate /gene - carE_1 carE_2 carE_3 carE_4
[08:49:13] Fixed 2 duplicate /gene - dat_1 dat_2
[08:49:13] Fixed 3 duplicate /gene - ahcY_1 ahcY_2 ahcY_3
[08:49:13] Fixed 2 duplicate /gene - glyQS_1 glyQS_2
[08:49:13] Fixed 3 duplicate /gene - fhs_1 fhs_2 fhs_3
[08:49:13] Fixed 2 duplicate /gene - rplN_1 rplN_2
[08:49:13] Fixed 2 duplicate /gene - ped_1 ped_2
[08:49:13] Fixed 3 duplicate /gene - acsA_1 acsA_2 acsA_3
[08:49:13] Fixed 2 duplicate /gene - aspS_1 aspS_2
[08:49:13] Fixed 2 duplicate /gene - gsiD_1 gsiD_2
[08:49:13] Fixed 2 duplicate /gene - mmpL1_1 mmpL1_2
[08:49:13] Fixed 2 duplicate /gene - argS_1 argS_2
[08:49:13] Fixed 4 duplicate /gene - pheT_1 pheT_2 pheT_3 pheT_4
[08:49:13] Fixed 2 duplicate /gene - sucC_1 sucC_2
[08:49:13] Fixed 2 duplicate /gene - purA_1 purA_2
[08:49:13] Fixed 2 duplicate /gene - coxS_1 coxS_2
[08:49:13] Fixed 2 duplicate /gene - merA_1 merA_2
[08:49:13] Fixed 3 duplicate /gene - treS_1 treS_2 treS_3
[08:49:13] Fixed 2 duplicate /gene - aroA_1 aroA_2
[08:49:13] Fixed 3 duplicate /gene - leuB_1 leuB_2 leuB_3
[08:49:13] Fixed 2 duplicate /gene - nadK_1 nadK_2
[08:49:13] Fixed 3 duplicate /gene - dapA_1 dapA_2 dapA_3
[08:49:13] Fixed 5 duplicate /gene - mmgC_1 mmgC_2 mmgC_3 mmgC_4 mmgC_5
[08:49:13] Fixed 3 duplicate /gene - sufS_1 sufS_2 sufS_3
[08:49:13] Fixed 4 duplicate /gene - metG_1 metG_2 metG_3 metG_4
[08:49:13] Fixed 2 duplicate /gene - eno_1 eno_2
[08:49:13] Fixed 3 duplicate /gene - cga_1 cga_2 cga_3
[08:49:13] Fixed 2 duplicate /gene - cutM_1 cutM_2
[08:49:13] Fixed 3 duplicate /gene - cysS_1 cysS_2 cysS_3
[08:49:13] Fixed 2 duplicate /gene - fbp_1 fbp_2
[08:49:13] Fixed 3 duplicate /gene - lysN_1 lysN_2 lysN_3
[08:49:13] Fixed 2 duplicate /gene - nuoH_1 nuoH_2
[08:49:13] Fixed 2 duplicate /gene - ramA_1 ramA_2
[08:49:13] Fixed 2 duplicate /gene - nfo_1 nfo_2
[08:49:13] Fixed 3 duplicate /gene - mtnA_1 mtnA_2 mtnA_3
[08:49:13] Fixed 2 duplicate /gene - trpG_1 trpG_2
[08:49:13] Fixed 2 duplicate /gene - tgt_1 tgt_2
[08:49:13] Fixed 3 duplicate /gene - mdh_1 mdh_2 mdh_3
[08:49:13] Fixed 2 duplicate /gene - katG_1 katG_2
[08:49:13] Fixed 3 duplicate /gene - treZ_1 treZ_2 treZ_3
[08:49:13] Fixed 2 duplicate /gene - uxuA_1 uxuA_2
[08:49:13] Fixed 2 duplicate /gene - gloB_1 gloB_2
[08:49:13] Fixed 2 duplicate /gene - ftsH3_1 ftsH3_2
[08:49:13] Fixed 4 duplicate /gene - glgB_1 glgB_2 glgB_3 glgB_4
[08:49:13] Fixed 2 duplicate /gene - aspS2_1 aspS2_2
[08:49:13] Fixed 2 duplicate /gene - fpgS_1 fpgS_2
[08:49:13] Fixed 2 duplicate /gene - argF_1 argF_2
[08:49:13] Fixed 5 duplicate /gene - acs_1 acs_2 acs_3 acs_4 acs_5
[08:49:13] Fixed 2 duplicate /gene - purD_1 purD_2
[08:49:13] Fixed 4 duplicate /gene - ftsZ_1 ftsZ_2 ftsZ_3 ftsZ_4
[08:49:13] Fixed 2 duplicate /gene - thiE_1 thiE_2
[08:49:13] Fixed 2 duplicate /gene - lysY_1 lysY_2
[08:49:13] Fixed 3 duplicate /gene - ndhI_1 ndhI_2 ndhI_3
[08:49:13] Fixed 3 duplicate /gene - csbC_1 csbC_2 csbC_3
[08:49:13] Fixed 3 duplicate /gene - ppcA_1 ppcA_2 ppcA_3
[08:49:13] Fixed 3 duplicate /gene - araQ_1 araQ_2 araQ_3
[08:49:13] Fixed 4 duplicate /gene - hutI_1 hutI_2 hutI_3 hutI_4
[08:49:13] Fixed 3 duplicate /gene - thiI_1 thiI_2 thiI_3
[08:49:13] Fixed 2 duplicate /gene - argG_1 argG_2
[08:49:13] Fixed 2 duplicate /gene - cmk_1 cmk_2
[08:49:13] Fixed 2 duplicate /gene - tatC_1 tatC_2
[08:49:13] Fixed 3 duplicate /gene - glgX_1 glgX_2 glgX_3
[08:49:13] Fixed 3 duplicate /gene - crt_1 crt_2 crt_3
[08:49:13] Fixed 3 duplicate /gene - yxlF_1 yxlF_2 yxlF_3
[08:49:13] Fixed 2 duplicate /gene - rimO_1 rimO_2
[08:49:13] Fixed 2 duplicate /gene - tdcB_1 tdcB_2
[08:49:13] Fixed 2 duplicate /gene - pdxS_1 pdxS_2
[08:49:13] Fixed 2 duplicate /gene - tsaC1_1 tsaC1_2
[08:49:13] Fixed 2 duplicate /gene - sumT_1 sumT_2
[08:49:13] Fixed 275 colliding /gene names.
[08:49:13] Adding /locus_tag identifiers
[08:49:13] Assigned 3269 locus_tags to CDS and RNA features.
[08:49:13] Writing outputs to data/circos/prokka/thermo_a/
[08:49:14] Generating annotation statistics file
[08:49:14] Generating Genbank and Sequin files
[08:49:14] Running: tbl2asn -V b -a r10k -l paired-ends -M n -N 1 -y 'Annotated using prokka 1.12 from https://github.com/tseemann/prokka' -Z data\/circos\/prokka\/thermo_a\/PROKKA_03252017\.err -i data\/circos\/prokka\/thermo_a\/PROKKA_03252017\.fsa 2> /dev/null
[08:49:18] Deleting unwanted file: data/circos/prokka/thermo_a/errorsummary.val
[08:49:18] Deleting unwanted file: data/circos/prokka/thermo_a/PROKKA_03252017.dr
[08:49:18] Deleting unwanted file: data/circos/prokka/thermo_a/PROKKA_03252017.fixedproducts
[08:49:18] Deleting unwanted file: data/circos/prokka/thermo_a/PROKKA_03252017.ecn
[08:49:18] Deleting unwanted file: data/circos/prokka/thermo_a/PROKKA_03252017.val
[08:49:18] Repairing broken .GBK output that tbl2asn produces...
[08:49:18] Running: sed 's/COORDINATES: profile/COORDINATES:profile/' < data\/circos\/prokka\/thermo_a\/PROKKA_03252017\.gbf > data\/circos\/prokka\/thermo_a\/PROKKA_03252017\.gbk
[08:49:18] Deleting unwanted file: data/circos/prokka/thermo_a/PROKKA_03252017.gbf
[08:49:18] Output files:
[08:49:18] data/circos/prokka/thermo_a/PROKKA_03252017.faa
[08:49:18] data/circos/prokka/thermo_a/PROKKA_03252017.ffn
[08:49:18] data/circos/prokka/thermo_a/PROKKA_03252017.fsa
[08:49:18] data/circos/prokka/thermo_a/PROKKA_03252017.tbl
[08:49:18] data/circos/prokka/thermo_a/PROKKA_03252017.log
[08:49:18] data/circos/prokka/thermo_a/PROKKA_03252017.gff
[08:49:18] data/circos/prokka/thermo_a/PROKKA_03252017.txt
[08:49:18] data/circos/prokka/thermo_a/PROKKA_03252017.err
[08:49:18] data/circos/prokka/thermo_a/PROKKA_03252017.sqn
[08:49:18] data/circos/prokka/thermo_a/PROKKA_03252017.tsv
[08:49:18] data/circos/prokka/thermo_a/PROKKA_03252017.gbk
[08:49:18] data/circos/prokka/thermo_a/PROKKA_03252017.fna
[08:49:18] Annotation finished successfully.
[08:49:18] Walltime used: 1.43 minutes
[08:49:18] If you use this result please cite the Prokka paper:
[08:49:18] Seemann T (2014) Prokka: rapid prokaryotic genome annotation. Bioinformatics. 30(14):2068-9.
[08:49:18] Type 'prokka --citation' for more details.
[08:49:18] Thank you, come again.
