#                                                                            --- full sequence --- -------------- this domain -------------   hmm coord   ali coord   env coord
# target name        accession   tlen query name           accession   qlen   E-value  score  bias   #  of  c-Evalue  i-Evalue  score  bias  from    to  from    to  from    to  acc description of target
#------------------- ---------- ----- -------------------- ---------- ----- --------- ------ ----- --- --- --------- --------- ------ ----- ----- ----- ----- ----- ----- ----- ---- ---------------------
arman_2-contig-8_118 -            259 ParA                 PF10609.7    246     2e-69  229.8   1.6   1   1   9.1e-72   4.9e-69  228.5   1.6     2   245    28   257    27   258 0.95 # 111265 # 112041 # 1 # ID=8_118;partial=00;start_type=ATG;rbs_motif=None;rbs_spacer=None;gc_cont=0.489
arman_2-contig-8_245 -            245 ParA                 PF10609.7    246   6.4e-15   51.3   1.6   1   2   1.5e-14   8.2e-12   41.1   0.2     5    56     8    59     5    89 0.83 # 225027 # 225761 # 1 # ID=8_245;partial=00;start_type=ATG;rbs_motif=GGA/GAG/AGG;rbs_spacer=5-10bp;gc_cont=0.467
arman_2-contig-8_245 -            245 ParA                 PF10609.7    246   6.4e-15   51.3   1.6   2   2   0.00013     0.073    8.5   0.1   135   243   135   232   100   235 0.75 # 225027 # 225761 # 1 # ID=8_245;partial=00;start_type=ATG;rbs_motif=GGA/GAG/AGG;rbs_spacer=5-10bp;gc_cont=0.467
arman_2-contig-8_118 -            259 MipZ                 PF09140.9    262   1.4e-06   23.9   0.0   1   1   3.7e-09     2e-06   23.3   0.0     5   108    34   145    30   168 0.66 # 111265 # 112041 # 1 # ID=8_118;partial=00;start_type=ATG;rbs_motif=None;rbs_spacer=None;gc_cont=0.489
arman_2-contig-8_245 -            245 MipZ                 PF09140.9    262   7.8e-05   18.1   0.1   1   1   2.8e-07   0.00015   17.1   0.1     3    41     9    47     7   131 0.87 # 225027 # 225761 # 1 # ID=8_245;partial=00;start_type=ATG;rbs_motif=GGA/GAG/AGG;rbs_spacer=5-10bp;gc_cont=0.467
arman_2-contig-4_49  -            720 Zeta_toxin           PF06414.10   199   1.4e-08   30.3   0.1   1   2   9.9e-06    0.0018   13.6   0.0    14    51   215   250   207   257 0.88 # 51944 # 54103 # 1 # ID=4_49;partial=00;start_type=ATG;rbs_motif=None;rbs_spacer=None;gc_cont=0.536
arman_2-contig-4_49  -            720 Zeta_toxin           PF06414.10   199   1.4e-08   30.3   0.1   2   2     8e-06    0.0015   13.9   0.0    18    52   491   523   479   540 0.88 # 51944 # 54103 # 1 # ID=4_49;partial=00;start_type=ATG;rbs_motif=None;rbs_spacer=None;gc_cont=0.536
arman_2-contig-8_120 -            195 Zeta_toxin           PF06414.10   199   3.8e-07   25.6   0.1   1   1   2.9e-09   5.3e-07   25.2   0.1    18   102     5    84     2   153 0.86 # 113936 # 114520 # 1 # ID=8_120;partial=00;start_type=ATG;rbs_motif=None;rbs_spacer=None;gc_cont=0.444
arman_2-contig-7_257 -            181 Zeta_toxin           PF06414.10   199     3e-05   19.4   0.3   1   1   6.3e-07   0.00011   17.5   0.3    19   147     3   127     1   168 0.70 # 252399 # 252941 # 1 # ID=7_257;partial=00;start_type=ATG;rbs_motif=None;rbs_spacer=None;gc_cont=0.516
arman_2-contig-8_268 -            439 Zeta_toxin           PF06414.10   199   3.3e-05   19.3   0.0   1   1   4.3e-07   7.7e-05   18.1   0.0    15    51   185   221   180   252 0.90 # 242541 # 243857 # 1 # ID=8_268;partial=00;start_type=ATG;rbs_motif=GGAG/GAGG;rbs_spacer=5-10bp;gc_cont=0.478
arman_2-contig-8_49  -            432 Zeta_toxin           PF06414.10   199   4.6e-05   18.8   0.0   1   1   5.9e-07   0.00011   17.6   0.0     8    56    86   135    81   198 0.80 # 44140 # 45435 # -1 # ID=8_49;partial=00;start_type=ATG;rbs_motif=None;rbs_spacer=None;gc_cont=0.501
arman_2-contig-7_197 -            492 Zeta_toxin           PF06414.10   199   0.00013   17.3   0.0   1   1   1.5e-06   0.00028   16.3   0.0    17    52   247   282   241   288 0.93 # 190654 # 192129 # -1 # ID=7_197;partial=00;start_type=ATG;rbs_motif=None;rbs_spacer=None;gc_cont=0.517
arman_2-contig-5_87  -            105 PemK_toxin           PF02452.15   110     7e-08   28.9   0.0   1   1   7.4e-11   8.1e-08   28.7   0.0     1    98     3    87     3    98 0.81 # 77426 # 77740 # 1 # ID=5_87;partial=00;start_type=ATG;rbs_motif=None;rbs_spacer=None;gc_cont=0.413
arman_2-contig-8_118 -            259 CbiA                 PF01656.21   128     1e-19   66.9   0.0   1   1   8.1e-22   1.5e-19   66.4   0.0     3   127    34   239    32   240 0.88 # 111265 # 112041 # 1 # ID=8_118;partial=00;start_type=ATG;rbs_motif=None;rbs_spacer=None;gc_cont=0.489
arman_2-contig-8_245 -            245 CbiA                 PF01656.21   128   3.6e-16   55.4   0.0   1   1   2.9e-18   5.2e-16   54.9   0.0     3   127    11   213     9   214 0.89 # 225027 # 225761 # 1 # ID=8_245;partial=00;start_type=ATG;rbs_motif=GGA/GAG/AGG;rbs_spacer=5-10bp;gc_cont=0.467
arman_2-contig-8_49  -            432 CbiA                 PF01656.21   128   2.4e-08   30.1   0.0   1   2         2   3.6e+02   -2.8   0.0    67    87    58    79    23    90 0.59 # 44140 # 45435 # -1 # ID=8_49;partial=00;start_type=ATG;rbs_motif=None;rbs_spacer=None;gc_cont=0.501
arman_2-contig-8_49  -            432 CbiA                 PF01656.21   128   2.4e-08   30.1   0.0   2   2     4e-10   7.3e-08   28.6   0.0     9    89   104   246    97   420 0.89 # 44140 # 45435 # -1 # ID=8_49;partial=00;start_type=ATG;rbs_motif=None;rbs_spacer=None;gc_cont=0.501
arman_2-contig-8_235 -            605 CbiA                 PF01656.21   128   0.00073   15.7   0.0   1   1   9.5e-06    0.0017   14.5   0.0     2    55    95   345    94   576 0.59 # 214638 # 216452 # 1 # ID=8_235;partial=00;start_type=ATG;rbs_motif=GGxGG;rbs_spacer=5-10bp;gc_cont=0.493
arman_2-contig-8_267 -            371 CbiA                 PF01656.21   128   0.00074   15.6   1.5   1   2       1.8   3.2e+02   -2.6   0.0    75   123     8    57     3    62 0.52 # 241351 # 242463 # 1 # ID=8_267;partial=00;start_type=ATG;rbs_motif=None;rbs_spacer=None;gc_cont=0.446
arman_2-contig-8_267 -            371 CbiA                 PF01656.21   128   0.00074   15.6   1.5   2   2   4.5e-05    0.0082   12.3   0.7     9   109   184   344   181   348 0.79 # 241351 # 242463 # 1 # ID=8_267;partial=00;start_type=ATG;rbs_motif=None;rbs_spacer=None;gc_cont=0.446
arman_2-contig-7_258 -            322 CbiA                 PF01656.21   128    0.0009   15.4   0.0   1   1   1.4e-05    0.0025   14.0   0.0     2    31    42    71    41   192 0.86 # 253002 # 253967 # 1 # ID=7_258;partial=00;start_type=ATG;rbs_motif=None;rbs_spacer=None;gc_cont=0.530
arman_2-contig-2_14  -             95 RHH_1                PF01402.19    39   5.1e-06   22.4   0.1   1   1   9.3e-09     1e-05   21.4   0.1     2    36    55    89    54    92 0.91 # 11851 # 12135 # 1 # ID=2_14;partial=00;start_type=ATG;rbs_motif=AGxAGG/AGGxGG;rbs_spacer=5-10bp;gc_cont=0.498
#
# Program:         hmmsearch
# Version:         3.1b2 (February 2015)
# Pipeline mode:   SEARCH
# Query file:      data/hmm/model.hmm
# Target file:     data/circos/hmmvis/arman_2.fasta
# Option settings: hmmsearch --domtblout data/circos/hmmvis/arman_2.fasta.out -E 0.001 data/hmm/model.hmm data/circos/hmmvis/arman_2.fasta 
# Current dir:     /
# Date:            Sat Mar 25 08:49:35 2017
# [ok]
