#                                                                            --- full sequence --- -------------- this domain -------------   hmm coord   ali coord   env coord
# target name        accession   tlen query name           accession   qlen   E-value  score  bias   #  of  c-Evalue  i-Evalue  score  bias  from    to  from    to  from    to  acc description of target
#------------------- ---------- ----- -------------------- ---------- ----- --------- ------ ----- --- --- --------- --------- ------ ----- ----- ----- ----- ----- ----- ----- ---- ---------------------
dke_a-contig-2_7     -            260 ParA                 PF10609.7    246   4.1e-70  232.0   3.2   1   1   5.6e-72   1.9e-69  229.8   3.2     2   245    30   258    29   259 0.96 # 5294 # 6073 # 1 # ID=2_7;partial=00;start_type=ATG;rbs_motif=None;rbs_spacer=None;gc_cont=0.499
dke_a-contig-1_4     -            271 ParA                 PF10609.7    246   2.1e-14   49.5   1.6   1   1   3.7e-16   1.3e-13   46.9   1.6     5   177    15   184    13   242 0.74 # 11545 # 12357 # -1 # ID=1_4;partial=00;start_type=ATG;rbs_motif=None;rbs_spacer=None;gc_cont=0.440
dke_a-contig-6_184   -            249 ParA                 PF10609.7    246   9.7e-12   40.8   1.3   1   1   2.1e-13   7.2e-11   37.9   1.3     5    76     6    72     3   236 0.76 # 200273 # 201019 # -1 # ID=6_184;partial=00;start_type=ATG;rbs_motif=AGGT;rbs_spacer=8bp;gc_cont=0.461
dke_a-contig-2_7     -            260 MipZ                 PF09140.9    262   7.3e-09   31.2   0.0   1   1   3.2e-11   1.1e-08   30.7   0.0     6   110    37   149    32   172 0.71 # 5294 # 6073 # 1 # ID=2_7;partial=00;start_type=ATG;rbs_motif=None;rbs_spacer=None;gc_cont=0.499
dke_a-contig-6_184   -            249 MipZ                 PF09140.9    262   3.3e-08   29.1   0.0   1   1   1.6e-10   5.3e-08   28.4   0.0     2   121     6   121     5   134 0.71 # 200273 # 201019 # -1 # ID=6_184;partial=00;start_type=ATG;rbs_motif=AGGT;rbs_spacer=8bp;gc_cont=0.461
dke_a-contig-1_4     -            271 MipZ                 PF09140.9    262   1.1e-06   24.1   0.2   1   1   7.5e-09   2.5e-06   22.9   0.2     5    48    18    61    14   150 0.71 # 11545 # 12357 # -1 # ID=1_4;partial=00;start_type=ATG;rbs_motif=None;rbs_spacer=None;gc_cont=0.440
dke_a-contig-5_102   -            719 Zeta_toxin           PF06414.10   199     9e-08   27.6   0.1   1   2   4.5e-05    0.0066   11.7   0.0    14    51   214   249   207   258 0.89 # 91033 # 93189 # 1 # ID=5_102;partial=00;start_type=TTG;rbs_motif=AGxAGG/AGGxGG;rbs_spacer=3-4bp;gc_cont=0.520
dke_a-contig-5_102   -            719 Zeta_toxin           PF06414.10   199     9e-08   27.6   0.1   2   2   1.8e-05    0.0026   13.0   0.0    18    51   490   521   475   534 0.85 # 91033 # 93189 # 1 # ID=5_102;partial=00;start_type=TTG;rbs_motif=AGxAGG/AGGxGG;rbs_spacer=3-4bp;gc_cont=0.520
dke_a-contig-2_30    -            204 Zeta_toxin           PF06414.10   199   3.8e-06   22.3   0.0   1   1   4.6e-08   6.7e-06   21.5   0.0    17    50     8    40     2   179 0.69 # 24970 # 25581 # -1 # ID=2_30;partial=00;start_type=ATG;rbs_motif=None;rbs_spacer=None;gc_cont=0.440
dke_a-contig-7_92    -            209 Zeta_toxin           PF06414.10   199   7.6e-06   21.3   0.0   1   2   3.7e-07   5.4e-05   18.5   0.0    15    62     3    47     1    81 0.77 # 80445 # 81071 # 1 # ID=7_92;partial=00;start_type=GTG;rbs_motif=None;rbs_spacer=None;gc_cont=0.421
dke_a-contig-7_92    -            209 Zeta_toxin           PF06414.10   199   7.6e-06   21.3   0.0   2   2      0.13        19    0.4   0.0    86   102    92   108    85   124 0.86 # 80445 # 81071 # 1 # ID=7_92;partial=00;start_type=GTG;rbs_motif=None;rbs_spacer=None;gc_cont=0.421
dke_a-contig-3_8     -            439 Zeta_toxin           PF06414.10   199   2.9e-05   19.4   0.0   1   2      0.63        92   -1.8   0.0   134   159    88   113    79   128 0.70 # 3907 # 5223 # -1 # ID=3_8;partial=00;start_type=ATG;rbs_motif=None;rbs_spacer=None;gc_cont=0.498
dke_a-contig-3_8     -            439 Zeta_toxin           PF06414.10   199   2.9e-05   19.4   0.0   2   2   9.7e-07   0.00014   17.2   0.0    15    51   185   221   180   241 0.95 # 3907 # 5223 # -1 # ID=3_8;partial=00;start_type=ATG;rbs_motif=None;rbs_spacer=None;gc_cont=0.498
dke_a-contig-6_297   -            433 Zeta_toxin           PF06414.10   199   6.5e-05   18.3   0.0   1   1   9.3e-07   0.00014   17.2   0.0     9   108    87   188    82   203 0.79 # 297721 # 299019 # -1 # ID=6_297;partial=00;start_type=ATG;rbs_motif=None;rbs_spacer=None;gc_cont=0.493
dke_a-contig-5_79    -            409 Zeta_toxin           PF06414.10   199   7.1e-05   18.1   0.0   1   2   3.5e-05    0.0051   12.1   0.0    15    56    42    81    30    86 0.85 # 71232 # 72458 # -1 # ID=5_79;partial=00;start_type=GTG;rbs_motif=None;rbs_spacer=None;gc_cont=0.500
dke_a-contig-5_79    -            409 Zeta_toxin           PF06414.10   199   7.1e-05   18.1   0.0   2   2     0.012       1.7    3.8   0.0   150   186   336   379   253   389 0.80 # 71232 # 72458 # -1 # ID=5_79;partial=00;start_type=GTG;rbs_motif=None;rbs_spacer=None;gc_cont=0.500
dke_a-contig-6_59    -            509 Zeta_toxin           PF06414.10   199   0.00018   16.8   0.0   1   1   2.1e-06   0.00031   16.1   0.0    19    51   269   301   263   334 0.88 # 61090 # 62616 # -1 # ID=6_59;partial=00;start_type=ATG;rbs_motif=None;rbs_spacer=None;gc_cont=0.487
dke_a-contig-2_7     -            260 CbiA                 PF01656.21   128   4.3e-21   71.3   0.2   1   2      0.83   1.1e+02   -1.1   0.0    98   119     3    24     1    30 0.70 # 5294 # 6073 # 1 # ID=2_7;partial=00;start_type=ATG;rbs_motif=None;rbs_spacer=None;gc_cont=0.499
dke_a-contig-2_7     -            260 CbiA                 PF01656.21   128   4.3e-21   71.3   0.2   2   2   9.5e-23   1.2e-20   69.8   0.1     3   128    36   241    34   241 0.90 # 5294 # 6073 # 1 # ID=2_7;partial=00;start_type=ATG;rbs_motif=None;rbs_spacer=None;gc_cont=0.499
dke_a-contig-1_4     -            271 CbiA                 PF01656.21   128   3.9e-18   61.7   0.0   1   1   5.4e-20   6.9e-18   60.9   0.0     3   126    18   219    16   221 0.90 # 11545 # 12357 # -1 # ID=1_4;partial=00;start_type=ATG;rbs_motif=None;rbs_spacer=None;gc_cont=0.440
dke_a-contig-6_184   -            249 CbiA                 PF01656.21   128   3.1e-14   49.1   0.0   1   1   3.1e-16     4e-14   48.7   0.0     1   100     7   236     7   247 0.78 # 200273 # 201019 # -1 # ID=6_184;partial=00;start_type=ATG;rbs_motif=AGGT;rbs_spacer=8bp;gc_cont=0.461
dke_a-contig-6_297   -            433 CbiA                 PF01656.21   128   2.1e-07   27.0   0.0   1   1   5.5e-09     7e-07   25.3   0.0     9    87   104   244   103   425 0.83 # 297721 # 299019 # -1 # ID=6_297;partial=00;start_type=ATG;rbs_motif=None;rbs_spacer=None;gc_cont=0.493
dke_a-contig-2_70    -            569 CbiA                 PF01656.21   128   1.4e-06   24.4   0.0   1   1   2.3e-08     3e-06   23.3   0.0     2    66    78   205    77   318 0.75 # 60929 # 62635 # 1 # ID=2_70;partial=00;start_type=ATG;rbs_motif=None;rbs_spacer=None;gc_cont=0.431
dke_a-contig-3_9     -            397 CbiA                 PF01656.21   128   0.00057   15.9   0.8   1   2   0.00052     0.066    9.2   0.2     9    28   210   229   206   238 0.91 # 5275 # 6465 # -1 # ID=3_9;partial=00;start_type=ATG;rbs_motif=None;rbs_spacer=None;gc_cont=0.484
dke_a-contig-3_9     -            397 CbiA                 PF01656.21   128   0.00057   15.9   0.8   2   2     0.015       1.9    4.5   0.0    27    87   282   352   269   370 0.73 # 5275 # 6465 # -1 # ID=3_9;partial=00;start_type=ATG;rbs_motif=None;rbs_spacer=None;gc_cont=0.484
dke_a-contig-7_164   -            362 CbiA                 PF01656.21   128   0.00076   15.5   0.0   1   1   9.3e-06    0.0012   14.9   0.0     6    55    61   181    57   326 0.69 # 156415 # 157500 # -1 # ID=7_164;partial=00;start_type=ATG;rbs_motif=None;rbs_spacer=None;gc_cont=0.401
dke_a-contig-5_136   -            206 CbiA                 PF01656.21   128   0.00092   15.3   0.2   1   2   2.7e-05    0.0034   13.4   0.1     7    31     9    33     3    34 0.86 # 127906 # 128523 # 1 # ID=5_136;partial=00;start_type=ATG;rbs_motif=None;rbs_spacer=None;gc_cont=0.447
dke_a-contig-5_136   -            206 CbiA                 PF01656.21   128   0.00092   15.3   0.2   2   2      0.97   1.2e+02   -1.3   0.0   104   124   141   161   123   181 0.69 # 127906 # 128523 # 1 # ID=5_136;partial=00;start_type=ATG;rbs_motif=None;rbs_spacer=None;gc_cont=0.447
#
# Program:         hmmsearch
# Version:         3.1b2 (February 2015)
# Pipeline mode:   SEARCH
# Query file:      data/hmm/model.hmm
# Target file:     data/circos/hmmvis/dke_a.fasta
# Option settings: hmmsearch --domtblout data/circos/hmmvis/dke_a.fasta.out -E 0.001 data/hmm/model.hmm data/circos/hmmvis/dke_a.fasta 
# Current dir:     /
# Date:            Sat Mar 25 08:49:27 2017
# [ok]
