#                                                                            --- full sequence --- -------------- this domain -------------   hmm coord   ali coord   env coord
# target name        accession   tlen query name           accession   qlen   E-value  score  bias   #  of  c-Evalue  i-Evalue  score  bias  from    to  from    to  from    to  acc description of target
#------------------- ---------- ----- -------------------- ---------- ----- --------- ------ ----- --- --- --------- --------- ------ ----- ----- ----- ----- ----- ----- ----- ---- ---------------------
thermo_a-contig-7_53  -            147 ParA                 PF10609.7    246   9.9e-40  134.0   0.5   1   1   1.2e-42   1.2e-39  133.7   0.5     2   110    30   141    29   143 0.95 # 29590 # 30030 # 1 # ID=7_53;partial=00;start_type=ATG;rbs_motif=None;rbs_spacer=None;gc_cont=0.578
thermo_a-contig-7_54  -             98 ParA                 PF10609.7    246   4.1e-21   73.0   0.0   1   1   4.8e-24   4.7e-21   72.8   0.0   165   245     1    81     1    82 0.93 # 30185 # 30478 # 1 # ID=7_54;partial=00;start_type=GTG;rbs_motif=None;rbs_spacer=None;gc_cont=0.571
thermo_a-contig-3_109 -            110 ParA                 PF10609.7    246     1e-05   22.6   0.1   1   1   1.1e-08   1.1e-05   22.5   0.1     6    37     4    35     1    75 0.88 # 63826 # 64155 # 1 # ID=3_109;partial=00;start_type=ATG;rbs_motif=None;rbs_spacer=None;gc_cont=0.582
thermo_a-contig-7_53 -            147 MipZ                 PF09140.9    262   7.4e-06   22.9   0.1   1   1   2.9e-09   8.7e-06   22.6   0.1     2    39    34    71    32   101 0.89 # 29590 # 30030 # 1 # ID=7_53;partial=00;start_type=ATG;rbs_motif=None;rbs_spacer=None;gc_cont=0.578
thermo_a-contig-10_100 -             92 Zeta_toxin           PF06414.10   199   1.6e-05   21.8   0.1   1   1   2.6e-08   1.9e-05   21.5   0.1    17    53    32    68    21    73 0.89 # 56694 # 56969 # 1 # ID=10_100;partial=00;start_type=ATG;rbs_motif=GGGGG;rbs_spacer=7bp;gc_cont=0.591
thermo_a-contig-3_209  -            157 Zeta_toxin           PF06414.10   199   0.00018   18.3   0.7   1   2     0.048        36    1.0   0.1   136   164    45    74    24    82 0.75 # 123154 # 123624 # 1 # ID=3_209;partial=00;start_type=ATG;rbs_motif=None;rbs_spacer=None;gc_cont=0.599
thermo_a-contig-3_209  -            157 Zeta_toxin           PF06414.10   199   0.00018   18.3   0.7   2   2   1.5e-06    0.0011   15.7   0.1    12    56    93   138    87   142 0.85 # 123154 # 123624 # 1 # ID=3_209;partial=00;start_type=ATG;rbs_motif=None;rbs_spacer=None;gc_cont=0.599
thermo_a-contig-8_135  -             99 Zeta_toxin           PF06414.10   199   0.00022   18.0   0.0   1   1   3.9e-07   0.00029   17.7   0.0    19    49    37    67    26    77 0.83 # 91412 # 91708 # 1 # ID=8_135;partial=00;start_type=ATG;rbs_motif=None;rbs_spacer=None;gc_cont=0.566
thermo_a-contig-10_56  -             56 Zeta_toxin           PF06414.10   199   0.00056   16.7   0.0   1   1   8.4e-07   0.00062   16.6   0.0    18    58     7    44     2    48 0.88 # 30540 # 30707 # 1 # ID=10_56;partial=00;start_type=GTG;rbs_motif=None;rbs_spacer=None;gc_cont=0.625
thermo_a-contig-7_53  -            147 CbiA                 PF01656.21   128   6.2e-11   39.9   0.1   1   1   1.7e-13   7.3e-11   39.7   0.1     1    47    34    81    34   138 0.80 # 29590 # 30030 # 1 # ID=7_53;partial=00;start_type=ATG;rbs_motif=None;rbs_spacer=None;gc_cont=0.578
thermo_a-contig-11_76 -            129 CbiA                 PF01656.21   128   1.3e-10   38.9   0.0   1   1   3.5e-13   1.5e-10   38.7   0.0     3    63     8   119     6   126 0.86 # 43507 # 43893 # 1 # ID=11_76;partial=00;start_type=GTG;rbs_motif=None;rbs_spacer=None;gc_cont=0.587
thermo_a-contig-3_109 -            110 CbiA                 PF01656.21   128   1.7e-09   35.2   0.0   1   1   4.1e-12   1.7e-09   35.2   0.0     1    47     4    51     4   105 0.80 # 63826 # 64155 # 1 # ID=3_109;partial=00;start_type=ATG;rbs_motif=None;rbs_spacer=None;gc_cont=0.582
thermo_a-contig-3_259 -            195 CbiA                 PF01656.21   128   5.6e-09   33.6   0.0   1   1   1.9e-11   7.9e-09   33.1   0.0     6   126    10   181     6   183 0.87 # 150014 # 150598 # 1 # ID=3_259;partial=00;start_type=GTG;rbs_motif=None;rbs_spacer=None;gc_cont=0.571
thermo_a-contig-1_14  -            270 CbiA                 PF01656.21   128   2.8e-06   24.9   0.0   1   1   2.6e-08   1.1e-05   22.9   0.0     9    87   108   250   107   266 0.70 # 8000 # 8809 # -1 # ID=1_14;partial=00;start_type=ATG;rbs_motif=None;rbs_spacer=None;gc_cont=0.577
thermo_a-contig-6_69  -            148 CbiA                 PF01656.21   128   4.7e-06   24.2   0.0   1   1   1.3e-08   5.5e-06   23.9   0.0     8    55    12    70     4   132 0.72 # 39766 # 40209 # 1 # ID=6_69;partial=00;start_type=ATG;rbs_motif=None;rbs_spacer=None;gc_cont=0.547
thermo_a-contig-11_45 -            272 CbiA                 PF01656.21   128   0.00033   18.2   0.0   1   1   1.3e-06   0.00053   17.5   0.0     6    55    19   115    15   195 0.64 # 24046 # 24861 # -1 # ID=11_45;partial=00;start_type=TTG;rbs_motif=None;rbs_spacer=None;gc_cont=0.550
thermo_a-contig-7_164 -            102 RepL                 PF05732.9    165   0.00022   18.2   0.1   1   1   9.7e-08   0.00029   17.8   0.1    75   108    31    64    17    67 0.92 # 96547 # 96852 # -1 # ID=7_164;partial=00;start_type=ATG;rbs_motif=GGGGG;rbs_spacer=6bp;gc_cont=0.556
thermo_a-contig-7_31 -            180 RP-C                 PF03428.11   175    0.0002   18.5   0.6   1   2     1e-07   0.00031   17.9   0.1    72   102    51    81    46    83 0.96 # 17424 # 17963 # 1 # ID=7_31;partial=00;start_type=ATG;rbs_motif=None;rbs_spacer=None;gc_cont=0.557
thermo_a-contig-7_31 -            180 RP-C                 PF03428.11   175    0.0002   18.5   0.6   2   2      0.37   1.1e+03   -3.4   0.1   133   148   103   118   101   129 0.61 # 17424 # 17963 # 1 # ID=7_31;partial=00;start_type=ATG;rbs_motif=None;rbs_spacer=None;gc_cont=0.557
thermo_a-contig-1_328 -            110 RHH_1                PF01402.19    39     2e-10   37.7   8.4   1   2     1e-12   1.5e-09   34.9   1.8     1    39     6    45     6    45 0.98 # 179972 # 180301 # -1 # ID=1_328;partial=00;start_type=ATG;rbs_motif=GGAGG;rbs_spacer=11bp;gc_cont=0.500
thermo_a-contig-1_328 -            110 RHH_1                PF01402.19    39     2e-10   37.7   8.4   2   2   0.00069         1    6.9   0.6     2    36    55    90    54    92 0.89 # 179972 # 180301 # -1 # ID=1_328;partial=00;start_type=ATG;rbs_motif=GGAGG;rbs_spacer=11bp;gc_cont=0.500
thermo_a-contig-2_65  -            193 RHH_1                PF01402.19    39   0.00036   17.9   0.3   1   2   2.4e-07   0.00036   17.9   0.3     1    38     3    40     3    41 0.93 # 49376 # 49954 # -1 # ID=2_65;partial=00;start_type=ATG;rbs_motif=None;rbs_spacer=None;gc_cont=0.556
thermo_a-contig-2_65  -            193 RHH_1                PF01402.19    39   0.00036   17.9   0.3   2   2      0.23   3.4e+02   -1.1   0.3    30    39    87    96    87    96 0.89 # 49376 # 49954 # -1 # ID=2_65;partial=00;start_type=ATG;rbs_motif=None;rbs_spacer=None;gc_cont=0.556
#
# Program:         hmmsearch
# Version:         3.1b2 (February 2015)
# Pipeline mode:   SEARCH
# Query file:      data/hmm/model.hmm
# Target file:     data/circos/hmmvis/thermo_a.fasta
# Option settings: hmmsearch --domtblout data/circos/hmmvis/thermo_a.fasta.out -E 0.001 data/hmm/model.hmm data/circos/hmmvis/thermo_a.fasta 
# Current dir:     /
# Date:            Sat Mar 25 08:49:58 2017
# [ok]
