#                                                                            --- full sequence --- -------------- this domain -------------   hmm coord   ali coord   env coord
# target name        accession   tlen query name           accession   qlen   E-value  score  bias   #  of  c-Evalue  i-Evalue  score  bias  from    to  from    to  from    to  acc description of target
#------------------- ---------- ----- -------------------- ---------- ----- --------- ------ ----- --- --- --------- --------- ------ ----- ----- ----- ----- ----- ----- ----- ---- ---------------------
cunic_d-contig-1_285  -            338 K00150               -            346   1.1e-79  264.8   1.6   1   1   1.3e-82   1.2e-79  264.6   1.6     3   345     1   333     1   334 0.97 # 296676 # 297689 # 1 # ID=1_285;partial=00;start_type=ATG;rbs_motif=None;rbs_spacer=None;gc_cont=0.409
cunic_d-contig-1_360  -            341 K00150               -            346   0.00014   17.8   0.0   1   2     0.009       8.3    2.0   0.0     2    49     2    48     1    84 0.74 # 375068 # 376090 # -1 # ID=1_360;partial=00;start_type=ATG;rbs_motif=GGAG/GAGG;rbs_spacer=5-10bp;gc_cont=0.402
cunic_d-contig-1_360  -            341 K00150               -            346   0.00014   17.8   0.0   2   2   2.5e-06    0.0023   13.7   0.0   212   259   212   259   176   298 0.92 # 375068 # 376090 # -1 # ID=1_360;partial=00;start_type=ATG;rbs_motif=GGAG/GAGG;rbs_spacer=5-10bp;gc_cont=0.402
cunic_d-contig-1_547 -            293 K00845               -            395   1.5e-32  110.2   0.1   1   1   9.6e-36   1.8e-32  109.9   0.1   137   264    18   229     2   274 0.84 # 565495 # 566373 # 1 # ID=1_547;partial=00;start_type=ATG;rbs_motif=None;rbs_spacer=None;gc_cont=0.405
cunic_d-contig-1_1406 -            567 K00873               -            516   1.2e-62  209.2   0.1   1   1   7.8e-66   1.4e-62  209.0   0.1   122   457    13   491     5   566 0.77 # 1424572 # 1426272 # -1 # ID=1_1406;partial=00;start_type=ATG;rbs_motif=None;rbs_spacer=None;gc_cont=0.403
cunic_d-contig-1_547 -            293 K00886               -            504   1.5e-06   25.0   0.2   1   2   1.6e-08   1.5e-05   21.6   0.1   237   325    24   122     5   127 0.76 # 565495 # 566373 # 1 # ID=1_547;partial=00;start_type=ATG;rbs_motif=None;rbs_spacer=None;gc_cont=0.405
cunic_d-contig-1_547 -            293 K00886               -            504   1.5e-06   25.0   0.2   2   2      0.02        19    1.5   0.0   353   380   198   225   153   269 0.78 # 565495 # 566373 # 1 # ID=1_547;partial=00;start_type=ATG;rbs_motif=None;rbs_spacer=None;gc_cont=0.405
cunic_d-contig-1_441 -            158 K00886               -            504   0.00025   17.6   0.1   1   1   2.8e-07   0.00026   17.5   0.1    20   116     8    93     2   154 0.50 # 455758 # 456231 # 1 # ID=1_441;partial=00;start_type=TTG;rbs_motif=GGAG/GAGG;rbs_spacer=5-10bp;gc_cont=0.443
cunic_d-contig-1_1273 -            617 K01596               -            632   2.3e-10   36.5   0.0   1   1   2.8e-13   2.6e-10   36.3   0.0   227   365    72   606     5   616 0.64 # 1301733 # 1303583 # -1 # ID=1_1273;partial=00;start_type=ATG;rbs_motif=GGA/GAG/AGG;rbs_spacer=5-10bp;gc_cont=0.407
cunic_d-contig-1_261  -            896 K01596               -            632   3.2e-10   36.0   0.0   1   1   4.9e-13   4.5e-10   35.5   0.0   141   514    77   894    65   895 0.51 # 267402 # 270089 # -1 # ID=1_261;partial=00;start_type=ATG;rbs_motif=None;rbs_spacer=None;gc_cont=0.406
cunic_d-contig-1_1319 -            386 K01622               -            365  4.5e-165  545.7   0.0   1   1  2.7e-168  5.1e-165  545.5   0.0     1   363     1   367     1   369 0.99 # 1342844 # 1344001 # 1 # ID=1_1319;partial=00;start_type=ATG;rbs_motif=None;rbs_spacer=None;gc_cont=0.403
cunic_d-contig-1_1740 -            114 K01834               -            508   3.6e-05   19.2   0.0   1   1   6.3e-08   3.9e-05   19.1   0.0   381   440    38    99    16   106 0.89 # 1752029 # 1752370 # -1 # ID=1_1740;partial=00;start_type=ATG;rbs_motif=None;rbs_spacer=None;gc_cont=0.330
cunic_d-contig-1_86   -            234 K01834               -            508   0.00029   16.2   0.0   1   1     6e-07   0.00037   15.9   0.0   376   446     9    81     2    90 0.89 # 93858 # 94559 # 1 # ID=1_86;partial=00;start_type=ATG;rbs_motif=None;rbs_spacer=None;gc_cont=0.420
cunic_d-contig-1_1715 -            116 K01834               -            508   0.00086   14.7   0.0   1   1   1.7e-06     0.001   14.4   0.0   385   442    22    81     4    85 0.76 # 1724478 # 1724825 # -1 # ID=1_1715;partial=00;start_type=ATG;rbs_motif=None;rbs_spacer=None;gc_cont=0.365
cunic_d-contig-1_1702 -            191 K06859               -            209   0.00099   15.1   0.0   1   1   8.1e-07    0.0015   14.5   0.0    91   139    91   136    88   158 0.92 # 1711407 # 1711979 # 1 # ID=1_1702;partial=00;start_type=ATG;rbs_motif=GGAG/GAGG;rbs_spacer=5-10bp;gc_cont=0.363
cunic_d-contig-1_786 -            224 K13810               -            944   5.1e-08   28.2   0.3   1   2    0.0012       1.1    3.9   0.0    38    68    22    52     3    56 0.83 # 807254 # 807925 # -1 # ID=1_786;partial=00;start_type=ATG;rbs_motif=GGAGG;rbs_spacer=5-10bp;gc_cont=0.384
cunic_d-contig-1_786 -            224 K13810               -            944   5.1e-08   28.2   0.3   2   2   8.3e-10   7.7e-07   24.3   0.2    98   168    50   115    35   146 0.86 # 807254 # 807925 # -1 # ID=1_786;partial=00;start_type=ATG;rbs_motif=GGAGG;rbs_spacer=5-10bp;gc_cont=0.384
cunic_d-contig-1_595 -            318 K13810               -            944   0.00028   15.8   0.0   1   1   4.6e-07   0.00042   15.2   0.0   439   522    22    92     8   118 0.74 # 611217 # 612170 # 1 # ID=1_595;partial=00;start_type=ATG;rbs_motif=None;rbs_spacer=None;gc_cont=0.388
cunic_d-contig-1_347 -            407 K15633               -            515   0.00068   15.3   0.0   1   1   5.9e-07    0.0011   14.6   0.0    14    66     1    56     1   124 0.83 # 359322 # 360542 # 1 # ID=1_347;partial=00;start_type=GTG;rbs_motif=GGAGG;rbs_spacer=5-10bp;gc_cont=0.421
cunic_d-contig-1_740  -            181 K15634               -            217   8.2e-05   18.7   0.0   1   1   1.6e-07   9.7e-05   18.5   0.0    79   122    20   166     5   178 0.64 # 760538 # 761080 # 1 # ID=1_740;partial=00;start_type=ATG;rbs_motif=None;rbs_spacer=None;gc_cont=0.374
cunic_d-contig-1_615  -            219 K15634               -            217    0.0001   18.4   0.0   1   1   1.8e-07   0.00011   18.3   0.0    79   122    52   181     7   213 0.68 # 636551 # 637207 # 1 # ID=1_615;partial=00;start_type=GTG;rbs_motif=None;rbs_spacer=None;gc_cont=0.425
cunic_d-contig-1_1093 -            219 K15634               -            217   0.00032   16.8   0.0   1   1   5.5e-07   0.00034   16.7   0.0    79   120    42   170     6   213 0.66 # 1118306 # 1118962 # -1 # ID=1_1093;partial=00;start_type=ATG;rbs_motif=None;rbs_spacer=None;gc_cont=0.370
cunic_d-contig-1_347 -            407 K15635               -            407  6.2e-113  374.4   0.0   1   1  3.9e-116  7.2e-113  374.2   0.0     3   405     7   399     5   401 0.93 # 359322 # 360542 # 1 # ID=1_347;partial=00;start_type=GTG;rbs_motif=GGAGG;rbs_spacer=5-10bp;gc_cont=0.421
cunic_d-contig-1_595  -            318 K15916               -            353   3.8e-72  239.7   0.0   1   1   9.7e-75   4.5e-72  239.5   0.0    22   352    10   315     4   316 0.91 # 611217 # 612170 # 1 # ID=1_595;partial=00;start_type=ATG;rbs_motif=None;rbs_spacer=None;gc_cont=0.388
cunic_d-contig-1_960  -            188 K15916               -            353   3.9e-11   39.1   0.1   1   1     6e-13   2.8e-10   36.3   0.1    46   144    38   162    14   184 0.75 # 979213 # 979776 # -1 # ID=1_960;partial=00;start_type=ATG;rbs_motif=None;rbs_spacer=None;gc_cont=0.390
cunic_d-contig-1_730  -            343 K15916               -            353   2.3e-06   23.4   0.0   1   1   4.5e-08   2.1e-05   20.2   0.0     3   337     2   319     1   324 0.69 # 751408 # 752436 # 1 # ID=1_730;partial=00;start_type=ATG;rbs_motif=None;rbs_spacer=None;gc_cont=0.356
cunic_d-contig-1_1553 -            329 K15916               -            353    0.0008   15.0   0.6   1   2   2.2e-05      0.01   11.4   1.3    16   155     3   146     1   223 0.65 # 1566418 # 1567404 # -1 # ID=1_1553;partial=00;start_type=ATG;rbs_motif=None;rbs_spacer=None;gc_cont=0.378
cunic_d-contig-1_1553 -            329 K15916               -            353    0.0008   15.0   0.6   2   2     0.055        25    0.2   0.0   301   338   280   317   236   325 0.74 # 1566418 # 1567404 # -1 # ID=1_1553;partial=00;start_type=ATG;rbs_motif=None;rbs_spacer=None;gc_cont=0.378
cunic_d-contig-1_1225 -            308 K16370               -            635   3.1e-08   29.7   0.1   1   1   3.3e-11   6.1e-08   28.7   0.1   340   571    39   278     2   304 0.70 # 1249677 # 1250600 # 1 # ID=1_1225;partial=00;start_type=ATG;rbs_motif=GGA/GAG/AGG;rbs_spacer=11-12bp;gc_cont=0.367
#
# Program:         hmmsearch
# Version:         3.1b2 (February 2015)
# Pipeline mode:   SEARCH
# Query file:      data/hmm/list1.hmm
# Target file:     data/circos/hmmvis1/cunic_d.fasta
# Option settings: hmmsearch --domtblout data/circos/hmmvis1/cunic_d.fasta.out -E 0.001 data/hmm/list1.hmm data/circos/hmmvis1/cunic_d.fasta 
# Current dir:     /
# Date:            Wed Mar 29 11:06:16 2017
# [ok]
