#                                                                            --- full sequence --- -------------- this domain -------------   hmm coord   ali coord   env coord
# target name        accession   tlen query name           accession   qlen   E-value  score  bias   #  of  c-Evalue  i-Evalue  score  bias  from    to  from    to  from    to  acc description of target
#------------------- ---------- ----- -------------------- ---------- ----- --------- ------ ----- --- --- --------- --------- ------ ----- ----- ----- ----- ----- ----- ----- ---- ---------------------
dke_c-contig-3_979   -            338 K00150               -            346     9e-80  264.8   1.6   1   1   1.9e-82     1e-79  264.6   1.6     3   345     1   333     1   334 0.97 # 992930 # 993943 # -1 # ID=3_979;partial=00;start_type=ATG;rbs_motif=None;rbs_spacer=None;gc_cont=0.407
dke_c-contig-3_904   -            341 K00150               -            346   0.00011   17.9   0.0   1   2     0.012       6.5    2.2   0.0     2    49     2    48     1    88 0.74 # 914504 # 915526 # 1 # ID=3_904;partial=00;start_type=ATG;rbs_motif=GGAG/GAGG;rbs_spacer=5-10bp;gc_cont=0.406
dke_c-contig-3_904   -            341 K00150               -            346   0.00011   17.9   0.0   2   2   4.1e-06    0.0021   13.6   0.0   212   259   212   259   196   298 0.91 # 914504 # 915526 # 1 # ID=3_904;partial=00;start_type=ATG;rbs_motif=GGAG/GAGG;rbs_spacer=5-10bp;gc_cont=0.406
dke_c-contig-3_206   -            424 K00150               -            346   0.00093   14.8   0.2   1   1   2.7e-06    0.0014   14.2   0.2     3   150   218   356   217   366 0.70 # 202896 # 204167 # -1 # ID=3_206;partial=00;start_type=ATG;rbs_motif=None;rbs_spacer=None;gc_cont=0.434
dke_c-contig-3_736   -            293 K00845               -            395   1.3e-32  110.2   0.1   1   1   9.6e-36   1.5e-32  109.9   0.1   137   264    18   229     2   274 0.84 # 742060 # 742938 # -1 # ID=3_736;partial=00;start_type=ATG;rbs_motif=None;rbs_spacer=None;gc_cont=0.405
dke_c-contig-3_736   -            293 K00886               -            504   1.2e-06   25.0   0.2   1   2   1.6e-08   1.3e-05   21.6   0.1   237   325    24   122     5   127 0.76 # 742060 # 742938 # -1 # ID=3_736;partial=00;start_type=ATG;rbs_motif=None;rbs_spacer=None;gc_cont=0.405
dke_c-contig-3_736   -            293 K00886               -            504   1.2e-06   25.0   0.2   2   2      0.02        16    1.5   0.0   353   380   198   225   153   269 0.78 # 742060 # 742938 # -1 # ID=3_736;partial=00;start_type=ATG;rbs_motif=None;rbs_spacer=None;gc_cont=0.405
dke_c-contig-3_821   -            158 K00886               -            504   0.00026   17.3   0.1   1   1   3.4e-07   0.00026   17.3   0.1    20   110     8    87     2   154 0.52 # 834286 # 834759 # -1 # ID=3_821;partial=00;start_type=TTG;rbs_motif=GGAG/GAGG;rbs_spacer=5-10bp;gc_cont=0.426
dke_c-contig-3_1003  -            896 K01596               -            632   3.6e-09   32.3   0.0   1   1   3.5e-12   5.4e-09   31.7   0.0   141   514    77   894    65   895 0.51 # 1020530 # 1023217 # 1 # ID=3_1003;partial=00;start_type=ATG;rbs_motif=None;rbs_spacer=None;gc_cont=0.404
dke_c-contig-3_62    -            386 K01622               -            365  7.6e-165  544.7   0.0   1   1  5.5e-168  8.6e-165  544.5   0.0     1   363     1   367     1   369 0.99 # 57767 # 58924 # -1 # ID=3_62;partial=00;start_type=ATG;rbs_motif=None;rbs_spacer=None;gc_cont=0.415
dke_c-contig-1_183   -            114 K01834               -            508   3.1e-05   19.2   0.0   1   1   6.3e-08   3.3e-05   19.1   0.0   381   440    38    99    16   106 0.89 # 197825 # 198166 # 1 # ID=1_183;partial=00;start_type=ATG;rbs_motif=None;rbs_spacer=None;gc_cont=0.330
dke_c-contig-3_1168  -            239 K01834               -            508   9.4e-05   17.6   0.0   1   1   2.5e-07   0.00013   17.2   0.0   378   449    16    89     5    95 0.90 # 1187052 # 1187768 # -1 # ID=3_1168;partial=00;start_type=ATG;rbs_motif=None;rbs_spacer=None;gc_cont=0.418
dke_c-contig-1_208   -            116 K01834               -            508   0.00072   14.7   0.0   1   1   1.7e-06   0.00087   14.4   0.0   385   442    22    81     4    85 0.76 # 225370 # 225717 # 1 # ID=1_208;partial=00;start_type=ATG;rbs_motif=None;rbs_spacer=None;gc_cont=0.368
dke_c-contig-1_221   -            191 K06859               -            209   0.00083   15.1   0.0   1   1   8.1e-07    0.0013   14.5   0.0    91   139    91   136    88   158 0.92 # 238216 # 238788 # -1 # ID=1_221;partial=00;start_type=ATG;rbs_motif=GGAG/GAGG;rbs_spacer=5-10bp;gc_cont=0.363
dke_c-contig-3_525   -            224 K13810               -            944   4.3e-08   28.2   0.3   1   2    0.0012      0.91    3.9   0.0    38    68    22    52     3    56 0.83 # 524160 # 524831 # 1 # ID=3_525;partial=00;start_type=ATG;rbs_motif=GGAGG;rbs_spacer=5-10bp;gc_cont=0.384
dke_c-contig-3_525   -            224 K13810               -            944   4.3e-08   28.2   0.3   2   2   8.3e-10   6.5e-07   24.3   0.2    98   168    50   115    35   146 0.86 # 524160 # 524831 # 1 # ID=3_525;partial=00;start_type=ATG;rbs_motif=GGAGG;rbs_spacer=5-10bp;gc_cont=0.384
dke_c-contig-3_687   -            318 K13810               -            944   0.00024   15.8   0.0   1   1   4.6e-07   0.00036   15.2   0.0   439   522    22    92     8   118 0.74 # 693941 # 694894 # -1 # ID=3_687;partial=00;start_type=ATG;rbs_motif=None;rbs_spacer=None;gc_cont=0.389
dke_c-contig-3_917   -            407 K15633               -            515   0.00057   15.3   0.0   1   1   5.9e-07   0.00092   14.6   0.0    14    66     1    56     1   124 0.83 # 930052 # 931272 # -1 # ID=3_917;partial=00;start_type=GTG;rbs_motif=GGAGG;rbs_spacer=5-10bp;gc_cont=0.422
dke_c-contig-3_569   -            181 K15634               -            217   6.9e-05   18.7   0.0   1   1     1e-07   8.2e-05   18.5   0.0    79   122    20   166     5   178 0.64 # 569167 # 569709 # -1 # ID=3_569;partial=00;start_type=ATG;rbs_motif=None;rbs_spacer=None;gc_cont=0.376
dke_c-contig-3_258   -            219 K15634               -            217   0.00085   15.1   0.0   1   1   1.1e-06   0.00089   15.1   0.0    79   119    46   169     7   213 0.66 # 256673 # 257329 # 1 # ID=3_258;partial=00;start_type=ATG;rbs_motif=None;rbs_spacer=None;gc_cont=0.416
dke_c-contig-3_917   -            407 K15635               -            407  5.2e-113  374.4   0.0   1   1  3.9e-116  6.1e-113  374.2   0.0     3   405     7   399     5   401 0.93 # 930052 # 931272 # -1 # ID=3_917;partial=00;start_type=GTG;rbs_motif=GGAGG;rbs_spacer=5-10bp;gc_cont=0.422
dke_c-contig-3_687   -            318 K15916               -            353   3.2e-72  239.7   0.0   1   1   4.9e-75   3.8e-72  239.5   0.0    22   352    10   315     4   316 0.91 # 693941 # 694894 # -1 # ID=3_687;partial=00;start_type=ATG;rbs_motif=None;rbs_spacer=None;gc_cont=0.389
dke_c-contig-3_579   -            343 K15916               -            353   1.4e-06   23.9   0.0   1   1   1.7e-08   1.3e-05   20.6   0.0     3   337     2   319     1   324 0.71 # 577811 # 578839 # -1 # ID=3_579;partial=00;start_type=ATG;rbs_motif=None;rbs_spacer=None;gc_cont=0.359
dke_c-contig-3_157   -            301 K16370               -            635   1.3e-07   27.4   0.1   1   1   6.5e-10     1e-06   24.4   0.1   313   569    36   276     4   297 0.62 # 151349 # 152251 # -1 # ID=3_157;partial=00;start_type=ATG;rbs_motif=GGA/GAG/AGG;rbs_spacer=11-12bp;gc_cont=0.388
#
# Program:         hmmsearch
# Version:         3.1b2 (February 2015)
# Pipeline mode:   SEARCH
# Query file:      data/hmm/list1.hmm
# Target file:     data/circos/hmmvis1/dke_c.fasta
# Option settings: hmmsearch --domtblout data/circos/hmmvis1/dke_c.fasta.out -E 0.001 data/hmm/list1.hmm data/circos/hmmvis1/dke_c.fasta 
# Current dir:     /
# Date:            Wed Mar 29 11:05:36 2017
# [ok]
