#                                                                            --- full sequence --- -------------- this domain -------------   hmm coord   ali coord   env coord
# target name        accession   tlen query name           accession   qlen   E-value  score  bias   #  of  c-Evalue  i-Evalue  score  bias  from    to  from    to  from    to  acc description of target
#------------------- ---------- ----- -------------------- ---------- ----- --------- ------ ----- --- --- --------- --------- ------ ----- ----- ----- ----- ----- ----- ----- ---- ---------------------
dke_b-contig-17_155  -            368 K00150               -            346   8.1e-83  275.1   1.2   1   1   9.3e-86   9.3e-83  274.9   1.2     3   345    30   361    28   362 0.97 # 152976 # 154079 # -1 # ID=17_155;partial=00;start_type=ATG;rbs_motif=GGA/GAG/AGG;rbs_spacer=5-10bp;gc_cont=0.476
dke_b-contig-17_47   -            356 K00150               -            346   1.3e-06   24.5   0.0   1   2      0.13   1.3e+02   -1.8   0.0     3    25    12    35    10    50 0.86 # 48614 # 49681 # 1 # ID=17_47;partial=00;start_type=ATG;rbs_motif=None;rbs_spacer=None;gc_cont=0.494
dke_b-contig-17_47   -            356 K00150               -            346   1.3e-06   24.5   0.0   2   2   3.7e-09   3.7e-06   23.0   0.0   135   260   120   280    64   343 0.81 # 48614 # 49681 # 1 # ID=17_47;partial=00;start_type=ATG;rbs_motif=None;rbs_spacer=None;gc_cont=0.494
dke_b-contig-5_14    -            315 K00845               -            395   4.6e-40  135.0   5.8   1   1   5.4e-43   5.4e-40  134.8   5.8   107   267     2   277     1   308 0.84 # 14960 # 15904 # -1 # ID=5_14;partial=00;start_type=GTG;rbs_motif=None;rbs_spacer=None;gc_cont=0.483
dke_b-contig-6_53    -            674 K00845               -            395   3.4e-05   20.2   0.0   1   2   0.00018      0.18    7.9   0.0   109   146     1    43     1   157 0.77 # 54415 # 56436 # -1 # ID=6_53;partial=00;start_type=ATG;rbs_motif=GGA/GAG/AGG;rbs_spacer=11-12bp;gc_cont=0.481
dke_b-contig-6_53    -            674 K00845               -            395   3.4e-05   20.2   0.0   2   2   2.7e-05     0.027   10.6   0.0    42   129   204   347   175   562 0.67 # 54415 # 56436 # -1 # ID=6_53;partial=00;start_type=ATG;rbs_motif=GGA/GAG/AGG;rbs_spacer=11-12bp;gc_cont=0.481
dke_b-contig-17_22   -            561 K00873               -            516   9.7e-62  206.3   0.1   1   1   5.6e-65   1.1e-61  206.1   0.1   122   457     3   484     1   539 0.78 # 21910 # 23592 # -1 # ID=17_22;partial=00;start_type=ATG;rbs_motif=None;rbs_spacer=None;gc_cont=0.509
dke_b-contig-5_14    -            315 K00886               -            504     4e-10   36.8   1.6   1   2   7.8e-12   7.8e-09   32.6   0.7   181   317     2   157     1   170 0.74 # 14960 # 15904 # -1 # ID=5_14;partial=00;start_type=GTG;rbs_motif=None;rbs_spacer=None;gc_cont=0.483
dke_b-contig-5_14    -            315 K00886               -            504     4e-10   36.8   1.6   2   2    0.0069       6.9    3.0   0.0   365   383   254   273   247   294 0.72 # 14960 # 15904 # -1 # ID=5_14;partial=00;start_type=GTG;rbs_motif=None;rbs_spacer=None;gc_cont=0.483
dke_b-contig-17_151  -            157 K00886               -            504   0.00025   17.7   0.0   1   1   2.7e-07   0.00027   17.6   0.0    56   106    20    88     3   154 0.65 # 149879 # 150349 # 1 # ID=17_151;partial=00;start_type=ATG;rbs_motif=None;rbs_spacer=None;gc_cont=0.497
dke_b-contig-29_35   -            625 K01596               -            632   1.8e-12   43.6   0.0   1   1     2e-15     2e-12   43.4   0.0   227   373    77   622     5   624 0.66 # 29945 # 31819 # -1 # ID=29_35;partial=00;start_type=ATG;rbs_motif=None;rbs_spacer=None;gc_cont=0.487
dke_b-contig-7_48    -            899 K01596               -            632   4.6e-11   38.9   0.0   1   1   1.1e-13   1.1e-10   37.6   0.0    89   513    41   895    37   898 0.50 # 43083 # 45779 # -1 # ID=7_48;partial=00;start_type=ATG;rbs_motif=None;rbs_spacer=None;gc_cont=0.498
dke_b-contig-22_13   -            386 K01622               -            365  1.3e-162  537.7   0.0   1   1  7.6e-166  1.5e-162  537.5   0.0     1   363     1   367     1   369 0.99 # 10674 # 11831 # -1 # ID=22_13;partial=00;start_type=ATG;rbs_motif=None;rbs_spacer=None;gc_cont=0.481
dke_b-contig-20_10   -            125 K01834               -            508   0.00025   16.5   0.0   1   1   1.5e-07    0.0003   16.3   0.0   382   444    22    86    16   100 0.88 # 9347 # 9721 # -1 # ID=20_10;partial=00;start_type=ATG;rbs_motif=None;rbs_spacer=None;gc_cont=0.432
dke_b-contig-27_37   -            189 K06859               -            209   0.00034   16.7   0.2   1   1   2.8e-07   0.00055   16.1   0.2    91   139    91   136    88   138 0.93 # 32784 # 33350 # -1 # ID=27_37;partial=00;start_type=ATG;rbs_motif=GGA/GAG/AGG;rbs_spacer=5-10bp;gc_cont=0.467
dke_b-contig-30_27   -            224 K13810               -            944   1.6e-09   33.2   0.3   1   2    0.0027       5.4    1.7   0.0    28    65    12    49     5    53 0.80 # 27450 # 28121 # -1 # ID=30_27;partial=00;start_type=ATG;rbs_motif=GGxGG;rbs_spacer=5-10bp;gc_cont=0.473
dke_b-contig-30_27   -            224 K13810               -            944   1.6e-09   33.2   0.3   2   2   7.4e-12   1.5e-08   30.0   0.1   100   167    52   114    41   127 0.86 # 27450 # 28121 # -1 # ID=30_27;partial=00;start_type=ATG;rbs_motif=GGxGG;rbs_spacer=5-10bp;gc_cont=0.473
dke_b-contig-26_223  -            405 K15635               -            407  7.6e-123  407.1   0.0   1   1  4.6e-126  9.2e-123  406.9   0.0     1   404     2   396     2   399 0.95 # 219808 # 221022 # 1 # ID=26_223;partial=00;start_type=ATG;rbs_motif=None;rbs_spacer=None;gc_cont=0.521
dke_b-contig-1_46    -            307 K15916               -            353   6.9e-78  258.7   0.0   1   1   9.3e-81   9.3e-78  258.3   0.0    17   352     3   306     1   306 0.89 # 41933 # 42853 # 1 # ID=1_46;partial=00;start_type=ATG;rbs_motif=None;rbs_spacer=None;gc_cont=0.456
dke_b-contig-24_9    -            186 K15916               -            353   8.5e-06   21.6   2.8   1   1   2.2e-08   2.2e-05   20.2   2.8    78   137    86   155    20   180 0.79 # 8048 # 8605 # -1 # ID=24_9;partial=00;start_type=ATG;rbs_motif=None;rbs_spacer=None;gc_cont=0.471
dke_b-contig-16_7    -            299 K16370               -            635   4.9e-05   19.2   0.0   1   1   3.5e-08   7.1e-05   18.7   0.0   500   571   208   281    11   288 0.67 # 5109 # 6005 # -1 # ID=16_7;partial=00;start_type=GTG;rbs_motif=None;rbs_spacer=None;gc_cont=0.443
#
# Program:         hmmsearch
# Version:         3.1b2 (February 2015)
# Pipeline mode:   SEARCH
# Query file:      data/hmm/list1.hmm
# Target file:     data/circos/hmmvis1/dke_b.fasta
# Option settings: hmmsearch --domtblout data/circos/hmmvis1/dke_b.fasta.out -E 0.001 data/hmm/list1.hmm data/circos/hmmvis1/dke_b.fasta 
# Current dir:     /
# Date:            Wed Mar 29 11:06:41 2017
# [ok]
