#                                                                            --- full sequence --- -------------- this domain -------------   hmm coord   ali coord   env coord
# target name        accession   tlen query name           accession   qlen   E-value  score  bias   #  of  c-Evalue  i-Evalue  score  bias  from    to  from    to  from    to  acc description of target
#------------------- ---------- ----- -------------------- ---------- ----- --------- ------ ----- --- --- --------- --------- ------ ----- ----- ----- ----- ----- ----- ----- ---- ---------------------
therm_a-contig-1_1163 -            339 K00150               -            346   7.5e-80  265.0   0.8   1   1   1.1e-82   8.5e-80  264.9   0.8     3   345     1   333     1   334 0.97 # 1174864 # 1175880 # 1 # ID=1_1163;partial=00;start_type=ATG;rbs_motif=None;rbs_spacer=None;gc_cont=0.499
therm_a-contig-1_1241 -            325 K00150               -            346   0.00066   15.3   0.0   1   1   1.4e-06    0.0011   14.6   0.0     2    98     2    92     1   122 0.75 # 1250586 # 1251560 # -1 # ID=1_1241;partial=00;start_type=ATG;rbs_motif=None;rbs_spacer=None;gc_cont=0.456
therm_a-contig-1_871 -            325 K00845               -            395   1.7e-42  142.7   0.6   1   1   1.3e-45     2e-42  142.5   0.6   109   267     4   278     1   311 0.83 # 883084 # 884058 # 1 # ID=1_871;partial=00;start_type=GTG;rbs_motif=None;rbs_spacer=None;gc_cont=0.505
therm_a-contig-1_947 -            545 K00873               -            516   2.6e-67  224.4   0.2   1   1     2e-70   3.1e-67  224.1   0.2   122   459     2   480     1   541 0.78 # 963950 # 965584 # -1 # ID=1_947;partial=00;start_type=ATG;rbs_motif=GGAGG;rbs_spacer=5-10bp;gc_cont=0.478
therm_a-contig-1_871 -            325 K00886               -            504   1.4e-08   31.3   0.6   1   2     6e-10   9.5e-07   25.3   0.2   184   317     5   152     1   164 0.71 # 883084 # 884058 # 1 # ID=1_871;partial=00;start_type=GTG;rbs_motif=None;rbs_spacer=None;gc_cont=0.505
therm_a-contig-1_871 -            325 K00886               -            504   1.4e-08   31.3   0.6   2   2    0.0014       2.2    4.4   0.0   365   382   254   271   247   290 0.74 # 883084 # 884058 # 1 # ID=1_871;partial=00;start_type=GTG;rbs_motif=None;rbs_spacer=None;gc_cont=0.505
therm_a-contig-1_1135 -            409 K00927               -            458   1.1e-07   27.6   0.0   1   1   8.6e-11   1.4e-07   27.3   0.0    48   167    10   402     2   406 0.65 # 1148184 # 1149410 # 1 # ID=1_1135;partial=00;start_type=ATG;rbs_motif=None;rbs_spacer=None;gc_cont=0.460
therm_a-contig-1_128 -            615 K01596               -            632   2.1e-13   46.3   0.0   1   1     3e-16   2.3e-13   46.1   0.0   233   367   106   608    10   614 0.67 # 115599 # 117443 # -1 # ID=1_128;partial=00;start_type=ATG;rbs_motif=GGA/GAG/AGG;rbs_spacer=5-10bp;gc_cont=0.481
therm_a-contig-1_118 -            880 K01596               -            632   1.3e-11   40.4   0.0   1   1   2.2e-14   1.7e-11   40.0   0.0    91   515    37   877    32   879 0.51 # 104573 # 107212 # 1 # ID=1_118;partial=00;start_type=ATG;rbs_motif=None;rbs_spacer=None;gc_cont=0.494
therm_a-contig-1_1496 -            376 K01622               -            365  3.3e-167  552.5   0.0   1   1  2.4e-170  3.8e-167  552.3   0.0     1   363     1   367     1   369 0.99 # 1476074 # 1477201 # -1 # ID=1_1496;partial=00;start_type=ATG;rbs_motif=None;rbs_spacer=None;gc_cont=0.531
therm_a-contig-1_1045 -            234 K04041               -            654   7.6e-05   17.7   0.0   1   1   6.1e-08   9.6e-05   17.3   0.0   174   230     6    61     1    67 0.89 # 1058575 # 1059276 # -1 # ID=1_1045;partial=00;start_type=ATG;rbs_motif=None;rbs_spacer=None;gc_cont=0.432
therm_a-contig-1_856  -            604 K11389               -            653   9.6e-21   70.1   0.3   1   2     1e-15   5.5e-13   44.5   0.2     5   227     8   205     5   236 0.75 # 862786 # 864597 # -1 # ID=1_856;partial=00;start_type=ATG;rbs_motif=None;rbs_spacer=None;gc_cont=0.557
therm_a-contig-1_856  -            604 K11389               -            653   9.6e-21   70.1   0.3   2   2   7.4e-09   3.9e-06   21.9   0.0   335   408   292   370   285   414 0.81 # 862786 # 864597 # -1 # ID=1_856;partial=00;start_type=ATG;rbs_motif=None;rbs_spacer=None;gc_cont=0.557
therm_a-contig-1_885  -            592 K11389               -            653   3.7e-18   61.6   0.5   1   3   4.1e-13   2.2e-10   35.9   0.1    24   122    32   129    10   137 0.90 # 895065 # 896840 # 1 # ID=1_885;partial=00;start_type=GTG;rbs_motif=GGA/GAG/AGG;rbs_spacer=5-10bp;gc_cont=0.528
therm_a-contig-1_885  -            592 K11389               -            653   3.7e-18   61.6   0.5   2   3     0.068        36   -1.1   0.0   202   240   180   214   142   234 0.67 # 895065 # 896840 # 1 # ID=1_885;partial=00;start_type=GTG;rbs_motif=GGA/GAG/AGG;rbs_spacer=5-10bp;gc_cont=0.528
therm_a-contig-1_885  -            592 K11389               -            653   3.7e-18   61.6   0.5   3   3   4.3e-09   2.3e-06   22.7   0.0   349   402   307   360   273   389 0.81 # 895065 # 896840 # 1 # ID=1_885;partial=00;start_type=GTG;rbs_motif=GGA/GAG/AGG;rbs_spacer=5-10bp;gc_cont=0.528
therm_a-contig-1_1203 -            624 K11389               -            653   4.8e-14   48.0   0.1   1   2   2.7e-10   1.4e-07   26.6   0.0     5   123     7   128     4   136 0.88 # 1212343 # 1214214 # 1 # ID=1_1203;partial=00;start_type=ATG;rbs_motif=None;rbs_spacer=None;gc_cont=0.501
therm_a-contig-1_1203 -            624 K11389               -            653   4.8e-14   48.0   0.1   2   2   5.3e-08   2.8e-05   19.1   0.0   345   408   312   375   279   384 0.90 # 1212343 # 1214214 # 1 # ID=1_1203;partial=00;start_type=ATG;rbs_motif=None;rbs_spacer=None;gc_cont=0.501
therm_a-contig-1_641  -            224 K13810               -            944   1.5e-11   39.7   0.2   1   2   0.00053      0.42    5.0   0.0    37    67    21    51     5    53 0.87 # 648180 # 648851 # -1 # ID=1_641;partial=00;start_type=ATG;rbs_motif=GGAGG;rbs_spacer=5-10bp;gc_cont=0.442
therm_a-contig-1_641  -            224 K13810               -            944   1.5e-11   39.7   0.2   2   2   1.5e-12   1.2e-09   33.3   0.1   100   168    52   115    48   130 0.90 # 648180 # 648851 # -1 # ID=1_641;partial=00;start_type=ATG;rbs_motif=GGAGG;rbs_spacer=5-10bp;gc_cont=0.442
therm_a-contig-1_1488 -            305 K13810               -            944   0.00015   16.4   0.0   1   2   5.2e-07   0.00041   15.0   0.0   433   480     6    53     2   100 0.79 # 1468631 # 1469545 # 1 # ID=1_1488;partial=00;start_type=ATG;rbs_motif=None;rbs_spacer=None;gc_cont=0.515
therm_a-contig-1_1488 -            305 K13810               -            944   0.00015   16.4   0.0   2   2      0.17   1.3e+02   -3.2   0.0   441   498   243   297   196   300 0.61 # 1468631 # 1469545 # 1 # ID=1_1488;partial=00;start_type=ATG;rbs_motif=None;rbs_spacer=None;gc_cont=0.515
therm_a-contig-1_438 -            405 K15635               -            407  1.1e-117  389.8   0.0   1   1  7.8e-121  1.2e-117  389.6   0.0     3   404     5   396     2   399 0.94 # 439324 # 440538 # -1 # ID=1_438;partial=00;start_type=ATG;rbs_motif=None;rbs_spacer=None;gc_cont=0.516
therm_a-contig-1_1488 -            305 K15916               -            353   2.3e-84  279.7   0.0   1   1   5.2e-87   2.7e-84  279.5   0.0    38   350    16   303     2   304 0.90 # 1468631 # 1469545 # 1 # ID=1_1488;partial=00;start_type=ATG;rbs_motif=None;rbs_spacer=None;gc_cont=0.515
therm_a-contig-1_505  -            344 K15916               -            353   2.5e-11   39.5   0.1   1   2   1.1e-08   5.7e-06   21.9   0.1     3   121     2   115     1   128 0.87 # 509248 # 510279 # -1 # ID=1_505;partial=00;start_type=ATG;rbs_motif=None;rbs_spacer=None;gc_cont=0.513
therm_a-contig-1_505  -            344 K15916               -            353   2.5e-11   39.5   0.1   2   2   8.6e-07   0.00045   15.6   0.0   185   339   170   322   144   328 0.86 # 509248 # 510279 # -1 # ID=1_505;partial=00;start_type=ATG;rbs_motif=None;rbs_spacer=None;gc_cont=0.513
therm_a-contig-1_905  -            183 K15916               -            353   3.7e-07   25.8   2.2   1   1   4.5e-09   2.4e-06   23.1   2.2    71   136    76   151     1   157 0.70 # 919988 # 920536 # -1 # ID=1_905;partial=00;start_type=ATG;rbs_motif=None;rbs_spacer=None;gc_cont=0.454
therm_a-contig-1_201 -            192 K16305               -            454   1.6e-13   47.5   0.0   1   2   4.5e-13   7.1e-10   35.5   0.0   315   446    10   155     2   156 0.82 # 196692 # 197267 # -1 # ID=1_201;partial=00;start_type=ATG;rbs_motif=None;rbs_spacer=None;gc_cont=0.464
therm_a-contig-1_201 -            192 K16305               -            454   1.6e-13   47.5   0.0   2   2   2.2e-07   0.00035   16.7   0.0   314   374   118   182   117   188 0.86 # 196692 # 197267 # -1 # ID=1_201;partial=00;start_type=ATG;rbs_motif=None;rbs_spacer=None;gc_cont=0.464
therm_a-contig-1_548 -            337 K16306               -            200   0.00011   18.1   0.5   1   2    0.0018       2.8    3.7   0.2   116   133    69    86    22    98 0.74 # 550538 # 551548 # -1 # ID=1_548;partial=00;start_type=ATG;rbs_motif=None;rbs_spacer=None;gc_cont=0.503
therm_a-contig-1_548 -            337 K16306               -            200   0.00011   18.1   0.5   2   2   3.9e-06    0.0062   12.4   0.0   130   185   249   300   236   314 0.78 # 550538 # 551548 # -1 # ID=1_548;partial=00;start_type=ATG;rbs_motif=None;rbs_spacer=None;gc_cont=0.503
therm_a-contig-1_931 -            288 K16370               -            635   0.00021   16.8   0.0   1   1   1.6e-07   0.00025   16.6   0.0   500   562   193   255   135   285 0.83 # 947914 # 948777 # 1 # ID=1_931;partial=00;start_type=ATG;rbs_motif=None;rbs_spacer=None;gc_cont=0.461
#
# Program:         hmmsearch
# Version:         3.1b2 (February 2015)
# Pipeline mode:   SEARCH
# Query file:      data/hmm/list1.hmm
# Target file:     data/circos/hmmvis1/therm_a.fasta
# Option settings: hmmsearch --domtblout data/circos/hmmvis1/therm_a.fasta.out -E 0.001 data/hmm/list1.hmm data/circos/hmmvis1/therm_a.fasta 
# Current dir:     /
# Date:            Wed Mar 29 11:06:02 2017
# [ok]
