dke_a-contig-1_1	2	236	arman_2-contig-8_2	4	239	72.69
dke_a-contig-1_2	12	229	arman_2-contig-6_39	7	220	56.31
dke_a-contig-1_3	197	1245	arman_2-contig-7_224	310	1380	59.62
dke_a-contig-1_3	2339	3338	arman_2-contig-7_224	370	1394	60.44
dke_a-contig-1_3	788	1762	arman_2-contig-7_224	370	1380	58.50
dke_a-contig-1_3	1305	2279	arman_2-contig-7_224	370	1380	58.50
dke_a-contig-1_3	1822	2796	arman_2-contig-7_224	370	1380	58.21
dke_a-contig-1_3	558	650	arman_2-contig-7_224	80	175	56.25
dke_a-contig-1_3	1075	1167	arman_2-contig-7_224	80	175	56.25
dke_a-contig-1_3	1592	1684	arman_2-contig-7_224	80	175	56.25
dke_a-contig-1_3	2109	2201	arman_2-contig-7_224	80	175	56.25
dke_a-contig-1_3	2626	2718	arman_2-contig-7_224	80	175	56.25
dke_a-contig-1_3	3221	3338	arman_2-contig-6_40	195	319	58.73
dke_a-contig-1_3	925	991	arman_2-contig-4_27	1	65	65.67
dke_a-contig-1_3	1442	1508	arman_2-contig-4_27	1	65	65.67
dke_a-contig-1_3	1959	2025	arman_2-contig-4_27	1	65	65.67
dke_a-contig-1_3	2476	2542	arman_2-contig-4_27	1	65	65.67
dke_a-contig-1_3	293	460	arman_2-contig-6_12	183	342	51.12
dke_a-contig-1_3	695	809	arman_2-contig-7_47	362	481	51.61
dke_a-contig-1_3	1212	1326	arman_2-contig-7_47	362	481	51.61
dke_a-contig-1_3	1729	1843	arman_2-contig-7_47	362	481	51.61
dke_a-contig-1_3	2246	2360	arman_2-contig-7_47	362	481	51.61
dke_a-contig-1_3	2763	2872	arman_2-contig-7_47	362	476	52.10
dke_a-contig-1_3	2807	2898	arman_2-contig-2_1	597	715	47.06
dke_a-contig-1_4	12	244	arman_2-contig-8_245	5	237	57.08
dke_a-contig-1_4	18	63	arman_2-contig-8_118	34	79	71.74
dke_a-contig-1_5	122	551	arman_2-contig-8_244	10	433	52.89
dke_a-contig-1_5	11	84	arman_2-contig-8_243	9	80	59.21
dke_a-contig-1_6	19	335	arman_2-contig-8_3	2	320	64.09
dke_a-contig-1_7	4	587	arman_2-contig-8_4	14	590	59.26
dke_a-contig-1_7	74	197	arman_2-contig-6_48	505	624	50.81
dke_a-contig-1_9	1	83	arman_2-contig-8_5	1	83	78.31
dke_a-contig-1_11	1	764	arman_2-contig-8_7	1	764	63.51
dke_a-contig-1_11	2	85	arman_2-contig-8_72	4	87	50.59
dke_a-contig-1_12	3	403	arman_2-contig-8_8	2	402	82.04
dke_a-contig-1_13	1	214	arman_2-contig-8_9	1	215	76.28
dke_a-contig-1_14	1	351	arman_2-contig-8_10	1	350	82.77
dke_a-contig-1_14	21	329	arman_2-contig-5_54	29	337	70.87
dke_a-contig-1_14	11	350	arman_2-contig-5_55	4	341	66.76
dke_a-contig-1_14	19	306	arman_2-contig-8_63	20	311	61.09
dke_a-contig-1_15	1	169	arman_2-contig-8_11	1	169	83.43
dke_a-contig-1_16	1	309	arman_2-contig-8_12	1	309	87.06
dke_a-contig-1_17	1	97	arman_2-contig-8_14	1	102	73.08
dke_a-contig-1_17	3	172	arman_2-contig-8_13	1	171	50.82
dke_a-contig-1_17	4	56	arman_2-contig-6_12	3	55	67.92
dke_a-contig-1_17	7	74	arman_2-contig-5_39	18	86	71.01
dke_a-contig-1_17	9	77	arman_2-contig-5_83	5	73	57.14
dke_a-contig-1_17	12	122	arman_2-contig-6_52	1	103	43.86
dke_a-contig-1_18	1	422	arman_2-contig-8_15	1	422	91.23
dke_a-contig-1_19	9	262	arman_2-contig-8_16	19	272	62.75
dke_a-contig-1_20	1	70	arman_2-contig-7_325	1	70	88.57
dke_a-contig-1_21	1	103	arman_2-contig-7_324	1	103	87.38
dke_a-contig-1_22	1	325	arman_2-contig-7_322	1	322	78.77
dke_a-contig-1_23	5	200	arman_2-contig-7_321	9	209	67.16
dke_a-contig-1_25	1	340	arman_2-contig-7_320	1	315	51.31
dke_a-contig-1_26	1	78	arman_2-contig-7_319	1	78	93.59
dke_a-contig-1_27	1	182	arman_2-contig-7_318	1	206	46.12
dke_a-contig-1_28	3	100	arman_2-contig-7_317	1	95	54.08
dke_a-contig-1_30	8	188	arman_2-contig-7_316	14	195	57.14
dke_a-contig-1_31	4	274	arman_2-contig-8_352	7	274	54.21
dke_a-contig-1_32	6	223	arman_2-contig-8_353	9	226	80.73
dke_a-contig-1_32	6	206	arman_2-contig-7_88	5	204	46.95
dke_a-contig-1_32	4	200	arman_2-contig-6_50	2	210	47.62
dke_a-contig-1_33	3	153	arman_2-contig-8_354	440	582	66.89
dke_a-contig-1_34	7	424	arman_2-contig-8_354	4	426	65.96
dke_a-contig-1_35	1	569	arman_2-contig-8_355	1	570	82.81
dke_a-contig-1_36	67	129	arman_2-contig-8_357	1	61	80.95
dke_a-contig-1_37	1	242	arman_2-contig-8_358	1	242	72.73
dke_a-contig-1_38	29	435	arman_2-contig-8_359	37	466	60.96
dke_a-contig-1_39	11	398	arman_2-contig-8_360	8	385	68.51
dke_a-contig-1_40	7	502	arman_2-contig-8_361	1	491	60.88
dke_a-contig-1_41	87	375	arman_2-contig-5_2	3	311	58.99
dke_a-contig-1_42	50	370	arman_2-contig-5_5	3	336	66.28
dke_a-contig-1_44	1	298	arman_2-contig-5_6	237	532	76.17
dke_a-contig-1_44	144	244	arman_2-contig-4_17	171	275	50.48
dke_a-contig-1_45	1	278	arman_2-contig-5_7	1	278	82.37
dke_a-contig-1_46	1	277	arman_2-contig-5_8	1	276	81.95
dke_a-contig-1_47	10	506	arman_2-contig-5_9	1	497	94.16
dke_a-contig-1_47	37	394	arman_2-contig-4_15	34	357	44.83
dke_a-contig-1_47	60	379	arman_2-contig-8_235	92	402	43.03
dke_a-contig-1_48	4	101	arman_2-contig-5_10	5	102	79.59
dke_a-contig-1_49	2	112	arman_2-contig-5_11	1	112	73.21
dke_a-contig-1_50	1	243	arman_2-contig-5_12	6	248	82.79
dke_a-contig-1_51	2	42	arman_2-contig-5_13	5	45	75.61
dke_a-contig-1_52	23	785	arman_2-contig-5_14	26	786	67.71
dke_a-contig-1_53	6	548	arman_2-contig-5_15	7	542	77.80
dke_a-contig-1_54	1	165	arman_2-contig-5_16	1	166	74.70
dke_a-contig-1_55	11	308	arman_2-contig-6_52	1	294	71.91
dke_a-contig-1_55	11	308	arman_2-contig-3_30	1	294	68.23
dke_a-contig-1_55	4	115	arman_2-contig-6_13	1	113	54.87
dke_a-contig-1_55	6	32	arman_2-contig-8_14	8	34	96.30
dke_a-contig-1_55	6	98	arman_2-contig-6_12	6	94	50.00
dke_a-contig-2_1	1	55	arman_2-contig-8_114	136	190	80.00
dke_a-contig-2_2	27	275	arman_2-contig-7_186	23	270	68.67
dke_a-contig-2_2	71	201	arman_2-contig-8_45	136	272	47.26
dke_a-contig-2_4	2	384	arman_2-contig-8_115	1	379	68.31
dke_a-contig-2_4	173	368	arman_2-contig-8_286	182	375	50.51
dke_a-contig-2_4	95	313	arman_2-contig-7_289	120	319	43.81
dke_a-contig-2_4	15	365	arman_2-contig-7_271	21	366	41.47
dke_a-contig-2_4	146	322	arman_2-contig-8_50	150	316	42.39
dke_a-contig-2_5	9	339	arman_2-contig-8_116	13	343	81.87
dke_a-contig-2_6	1	95	arman_2-contig-8_117	1	95	87.37
dke_a-contig-2_7	4	258	arman_2-contig-8_118	2	257	79.30
dke_a-contig-2_7	34	75	arman_2-contig-8_245	9	50	71.43
dke_a-contig-2_8	1	351	arman_2-contig-8_142	1	351	76.70
dke_a-contig-2_9	26	340	arman_2-contig-8_141	1	315	84.13
dke_a-contig-2_10	6	115	arman_2-contig-8_140	19	128	72.97
dke_a-contig-2_11	4	367	arman_2-contig-8_139	8	374	66.03
dke_a-contig-2_13	1	391	arman_2-contig-8_137	1	388	76.77
dke_a-contig-2_14	1	245	arman_2-contig-8_136	1	246	62.60
dke_a-contig-2_15	3	918	arman_2-contig-8_135	1	918	71.24
dke_a-contig-2_15	6	758	arman_2-contig-8_343	25	865	48.55
dke_a-contig-2_15	25	353	arman_2-contig-6_31	38	399	44.36
dke_a-contig-2_15	15	344	arman_2-contig-7_234	26	329	41.08
dke_a-contig-2_15	229	351	arman_2-contig-4_60	339	466	53.85
dke_a-contig-2_16	1	632	arman_2-contig-8_134	1	633	58.46
dke_a-contig-2_16	295	374	arman_2-contig-6_52	509	592	52.38
dke_a-contig-2_17	57	250	arman_2-contig-8_133	71	267	65.48
dke_a-contig-2_18	5	94	arman_2-contig-8_132	4	93	72.22
dke_a-contig-2_19	1	115	arman_2-contig-8_131	1	115	71.30
dke_a-contig-2_20	9	211	arman_2-contig-8_130	5	207	87.68
dke_a-contig-2_21	3	121	arman_2-contig-8_129	1	119	76.67
dke_a-contig-2_22	1	366	arman_2-contig-8_128	23	388	84.15
dke_a-contig-2_23	6	119	arman_2-contig-8_127	1	114	78.07
dke_a-contig-2_24	10	318	arman_2-contig-8_126	9	318	65.92
dke_a-contig-2_25	1	399	arman_2-contig-8_125	1	401	72.64
dke_a-contig-2_26	14	87	arman_2-contig-8_124	1	74	85.14
dke_a-contig-2_27	1	166	arman_2-contig-8_123	1	166	67.66
dke_a-contig-2_27	4	170	arman_2-contig-4_43	6	193	46.56
dke_a-contig-2_28	2	102	arman_2-contig-8_122	9	109	84.16
dke_a-contig-2_29	10	167	arman_2-contig-8_121	11	161	63.29
dke_a-contig-2_30	6	191	arman_2-contig-8_120	2	189	66.84
dke_a-contig-2_31	1	535	arman_2-contig-8_119	1	535	91.59
dke_a-contig-2_32	8	642	arman_2-contig-8_143	39	674	84.30
dke_a-contig-2_33	13	810	arman_2-contig-8_144	6	803	78.70
dke_a-contig-2_34	1	317	arman_2-contig-8_146	1	317	90.54
dke_a-contig-2_35	52	264	arman_2-contig-8_147	2	215	62.33
dke_a-contig-2_36	9	131	arman_2-contig-8_151	7	132	58.73
dke_a-contig-2_37	1	260	arman_2-contig-8_167	4	264	78.79
dke_a-contig-2_37	6	236	arman_2-contig-8_90	9	236	44.58
dke_a-contig-2_38	6	247	arman_2-contig-8_166	2	244	70.78
dke_a-contig-2_39	1	94	arman_2-contig-8_165	10	103	91.49
dke_a-contig-2_40	1	164	arman_2-contig-8_164	1	161	63.41
dke_a-contig-2_41	61	290	arman_2-contig-8_163	23	249	65.22
dke_a-contig-2_42	1	168	arman_2-contig-8_162	1	168	75.60
dke_a-contig-2_43	1	87	arman_2-contig-8_161	1	84	59.77
dke_a-contig-2_44	1	318	arman_2-contig-8_160	1	321	74.14
dke_a-contig-2_45	2	253	arman_2-contig-8_159	3	260	65.50
dke_a-contig-2_46	1	84	arman_2-contig-8_158	6	89	80.95
dke_a-contig-2_47	1	238	arman_2-contig-8_157	1	238	82.43
dke_a-contig-2_48	13	85	arman_2-contig-6_59	1	73	87.67
dke_a-contig-2_48	13	86	arman_2-contig-8_89	1	74	82.43
dke_a-contig-2_49	1	131	arman_2-contig-8_156	1	131	81.68
dke_a-contig-2_50	2	206	arman_2-contig-8_155	11	223	71.50
dke_a-contig-2_51	1	208	arman_2-contig-8_154	1	208	91.35
dke_a-contig-2_52	1	1151	arman_2-contig-8_153	3	1120	75.06
dke_a-contig-2_53	9	293	arman_2-contig-7_293	1	285	77.89
dke_a-contig-2_53	4	291	arman_2-contig-7_4	1	279	50.52
dke_a-contig-2_54	1	195	arman_2-contig-7_102	1	207	48.56
dke_a-contig-2_55	13	108	arman_2-contig-8_223	10	105	94.79
dke_a-contig-2_56	6	112	arman_2-contig-6_43	1	106	71.96
dke_a-contig-2_59	2	255	arman_2-contig-3_51	3	223	50.39
dke_a-contig-2_59	323	529	arman_2-contig-3_51	19	223	57.14
dke_a-contig-2_59	322	529	arman_2-contig-7_28	40	246	53.59
dke_a-contig-2_59	24	298	arman_2-contig-7_28	41	295	44.37
dke_a-contig-2_59	3	230	arman_2-contig-7_67	11	215	51.72
dke_a-contig-2_59	323	518	arman_2-contig-7_67	31	228	51.50
dke_a-contig-2_59	305	529	arman_2-contig-7_40	4	224	52.86
dke_a-contig-2_59	24	255	arman_2-contig-7_40	21	224	46.55
dke_a-contig-2_59	307	527	arman_2-contig-7_173	4	220	50.22
dke_a-contig-2_59	4	257	arman_2-contig-7_173	5	231	44.19
dke_a-contig-2_59	307	530	arman_2-contig-7_76	1	217	46.96
dke_a-contig-2_59	22	255	arman_2-contig-7_76	15	216	46.38
dke_a-contig-2_59	339	553	arman_2-contig-8_238	35	247	47.49
dke_a-contig-2_59	23	256	arman_2-contig-8_238	19	222	44.49
dke_a-contig-2_59	324	527	arman_2-contig-8_83	18	229	48.26
dke_a-contig-2_59	25	253	arman_2-contig-8_83	18	229	41.22
dke_a-contig-2_62	1	339	arman_2-contig-8_201	1	340	77.65
dke_a-contig-2_62	5	251	arman_2-contig-7_37	1	263	46.47
dke_a-contig-2_64	2	62	arman_2-contig-8_109	6	69	60.94
dke_a-contig-2_67	3	169	arman_2-contig-7_248	2	167	70.06
dke_a-contig-2_70	59	551	arman_2-contig-8_235	76	570	52.38
dke_a-contig-2_70	66	354	arman_2-contig-4_15	43	321	42.53
dke_a-contig-2_70	55	327	arman_2-contig-5_9	40	312	40.14
dke_a-contig-2_73	1	133	arman_2-contig-4_42	29	161	85.71
dke_a-contig-2_74	1	368	arman_2-contig-4_41	1	368	78.80
dke_a-contig-2_74	5	166	arman_2-contig-7_156	22	183	45.61
dke_a-contig-2_76	1	161	arman_2-contig-8_224	1	161	83.23
dke_a-contig-2_80	1	308	arman_2-contig-8_211	1	307	68.17
dke_a-contig-2_81	9	137	arman_2-contig-8_210	10	139	66.67
dke_a-contig-2_82	13	311	arman_2-contig-8_209	14	317	66.56
dke_a-contig-2_82	150	354	arman_2-contig-4_28	36	236	52.63
dke_a-contig-2_83	6	339	arman_2-contig-8_213	2	335	78.74
dke_a-contig-2_84	1	338	arman_2-contig-8_205	1	338	76.04
dke_a-contig-2_84	6	340	arman_2-contig-7_106	40	381	56.85
dke_a-contig-2_84	38	339	arman_2-contig-8_206	68	363	49.50
dke_a-contig-2_85	4	188	arman_2-contig-8_203	2	180	67.03
dke_a-contig-2_85	36	158	arman_2-contig-6_49	49	171	50.39
dke_a-contig-2_92	5	211	arman_2-contig-6_50	7	205	47.60
dke_a-contig-2_92	3	217	arman_2-contig-8_353	9	205	45.37
dke_a-contig-2_92	35	212	arman_2-contig-6_79	105	270	50.28
dke_a-contig-2_94	43	240	arman_2-contig-8_195	7	204	74.87
dke_a-contig-3_3	9	271	arman_2-contig-4_28	14	263	57.41
dke_a-contig-3_3	60	171	arman_2-contig-8_209	189	298	50.44
dke_a-contig-3_4	1	156	arman_2-contig-8_271	59	213	74.36
dke_a-contig-3_5	1	81	arman_2-contig-8_270	1	81	95.06
dke_a-contig-3_7	6	95	arman_2-contig-8_269	12	101	61.11
dke_a-contig-3_8	1	439	arman_2-contig-8_268	1	439	85.42
dke_a-contig-3_8	55	339	arman_2-contig-7_197	113	402	53.20
dke_a-contig-3_8	59	419	arman_2-contig-4_21	136	500	49.47
dke_a-contig-3_9	1	397	arman_2-contig-8_267	1	371	68.51
dke_a-contig-3_9	119	396	arman_2-contig-8_49	25	290	46.98
dke_a-contig-3_10	12	142	arman_2-contig-8_266	12	142	63.36
dke_a-contig-3_11	1	53	arman_2-contig-8_265	1	52	64.15
dke_a-contig-3_12	5	222	arman_2-contig-8_264	5	222	71.56
dke_a-contig-3_13	1	88	arman_2-contig-8_263	1	88	71.59
dke_a-contig-3_14	1	48	arman_2-contig-8_262	1	48	79.17
dke_a-contig-3_15	17	103	arman_2-contig-8_261	16	102	82.76
dke_a-contig-3_16	1	133	arman_2-contig-8_260	4	136	87.22
dke_a-contig-3_17	4	432	arman_2-contig-8_53	2	430	79.95
dke_a-contig-3_17	29	426	arman_2-contig-6_71	9	368	41.85
dke_a-contig-3_18	2	463	arman_2-contig-8_54	17	478	82.90
dke_a-contig-3_19	2	205	arman_2-contig-8_55	3	207	79.51
dke_a-contig-3_20	1	255	arman_2-contig-8_56	1	256	63.98
dke_a-contig-3_21	1	419	arman_2-contig-8_57	1	419	74.22
dke_a-contig-3_21	1	413	arman_2-contig-6_11	22	450	50.45
dke_a-contig-3_21	25	411	arman_2-contig-8_288	9	414	49.88
dke_a-contig-3_21	1	398	arman_2-contig-7_126	176	621	44.37
dke_a-contig-3_21	133	240	arman_2-contig-7_264	77	182	56.64
dke_a-contig-3_22	2	203	arman_2-contig-8_58	22	230	60.66
dke_a-contig-3_23	7	322	arman_2-contig-8_61	5	316	88.29
dke_a-contig-3_24	1	354	arman_2-contig-8_63	1	354	91.24
dke_a-contig-3_24	21	328	arman_2-contig-5_55	13	314	62.66
dke_a-contig-3_24	2	331	arman_2-contig-8_10	10	328	60.73
dke_a-contig-3_24	22	329	arman_2-contig-5_54	29	331	63.46
dke_a-contig-3_25	3	209	arman_2-contig-3_32	7	213	90.82
dke_a-contig-3_26	15	415	arman_2-contig-7_237	16	421	61.86
dke_a-contig-3_27	20	206	arman_2-contig-8_299	25	203	61.90
dke_a-contig-3_28	20	410	arman_2-contig-8_298	14	406	66.75
dke_a-contig-3_29	1	516	arman_2-contig-8_294	1	523	80.50
dke_a-contig-3_30	1	104	arman_2-contig-8_293	1	104	70.19
dke_a-contig-3_31	1	110	arman_2-contig-8_292	1	112	81.25
dke_a-contig-3_32	2	371	arman_2-contig-8_291	6	397	47.77
dke_a-contig-3_33	6	240	arman_2-contig-7_347	14	248	76.60
dke_a-contig-3_33	3	231	arman_2-contig-7_348	28	261	60.17
dke_a-contig-3_34	9	91	arman_2-contig-8_289	11	93	73.49
dke_a-contig-3_35	18	440	arman_2-contig-8_288	1	420	80.85
dke_a-contig-3_35	1	437	arman_2-contig-6_11	22	451	66.97
dke_a-contig-3_35	1	422	arman_2-contig-7_126	176	624	54.75
dke_a-contig-3_35	1	439	arman_2-contig-8_57	1	416	54.42
dke_a-contig-3_35	134	264	arman_2-contig-7_264	76	200	49.24
dke_a-contig-3_36	48	240	arman_2-contig-8_287	1	191	69.43
dke_a-contig-3_37	1	388	arman_2-contig-8_286	1	386	72.94
dke_a-contig-3_37	5	388	arman_2-contig-8_115	6	376	41.24
dke_a-contig-3_37	213	374	arman_2-contig-7_1	53	218	44.31
dke_a-contig-3_37	206	335	arman_2-contig-8_50	189	322	49.26
dke_a-contig-3_37	218	388	arman_2-contig-7_289	212	392	42.62
dke_a-contig-3_38	1	132	arman_2-contig-8_285	1	131	69.70
dke_a-contig-3_39	7	140	arman_2-contig-8_284	5	135	70.15
dke_a-contig-3_40	3	197	arman_2-contig-8_307	4	198	94.36
dke_a-contig-3_41	5	143	arman_2-contig-8_308	1	139	79.86
dke_a-contig-3_42	1	247	arman_2-contig-8_309	1	247	77.33
dke_a-contig-3_43	1	162	arman_2-contig-8_310	1	163	88.34
dke_a-contig-3_44	3	425	arman_2-contig-8_311	1	424	78.82
dke_a-contig-3_45	19	129	arman_2-contig-1_11	23	123	42.50
dke_a-contig-3_46	4	217	arman_2-contig-8_312	6	219	81.78
dke_a-contig-3_46	12	214	arman_2-contig-8_314	13	217	61.95
dke_a-contig-3_46	14	153	arman_2-contig-7_315	102	256	44.72
dke_a-contig-3_46	35	207	arman_2-contig-7_96	36	218	43.92
dke_a-contig-3_47	12	372	arman_2-contig-8_313	14	374	87.81
dke_a-contig-3_48	9	218	arman_2-contig-8_314	8	217	70.48
dke_a-contig-3_48	15	216	arman_2-contig-8_312	15	214	58.91
dke_a-contig-3_49	2	221	arman_2-contig-8_315	13	232	76.36
dke_a-contig-3_50	1	595	arman_2-contig-8_355	1	566	46.64
dke_a-contig-3_51	32	406	arman_2-contig-7_349	11	393	44.61
dke_a-contig-3_52	1	411	arman_2-contig-8_316	2	412	79.08
dke_a-contig-3_52	91	343	arman_2-contig-7_222	62	282	40.77
dke_a-contig-3_53	19	122	arman_2-contig-8_318	14	117	59.62
dke_a-contig-3_56	1	226	arman_2-contig-5_85	1	225	46.93
dke_a-contig-3_57	21	277	arman_2-contig-5_84	6	262	67.44
dke_a-contig-3_58	13	192	arman_2-contig-5_83	2	181	64.64
dke_a-contig-3_58	5	181	arman_2-contig-5_39	9	176	46.77
dke_a-contig-3_59	3	399	arman_2-contig-5_82	5	400	81.36
dke_a-contig-3_60	35	333	arman_2-contig-5_81	30	324	55.16
dke_a-contig-3_61	1	742	arman_2-contig-5_80	1	746	64.53
dke_a-contig-3_63	4	218	arman_2-contig-7_301	7	221	79.53
dke_a-contig-3_64	1	235	arman_2-contig-7_302	1	243	52.46
dke_a-contig-3_65	10	575	arman_2-contig-7_303	9	578	66.26
dke_a-contig-3_66	11	194	arman_2-contig-7_304	6	185	55.14
dke_a-contig-3_67	1	245	arman_2-contig-7_305	1	245	74.29
dke_a-contig-3_67	9	149	arman_2-contig-7_25	30	175	49.32
dke_a-contig-3_68	1	62	arman_2-contig-7_306	1	62	80.65
dke_a-contig-3_69	1	193	arman_2-contig-7_307	1	192	81.87
dke_a-contig-3_70	7	127	arman_2-contig-7_308	14	134	62.81
dke_a-contig-3_73	5	137	arman_2-contig-7_309	4	137	77.61
dke_a-contig-3_73	6	89	arman_2-contig-8_54	16	103	55.68
dke_a-contig-3_74	1	112	arman_2-contig-7_311	1	112	80.36
dke_a-contig-3_75	1	122	arman_2-contig-5_61	1	122	83.61
dke_a-contig-3_76	4	229	arman_2-contig-5_60	6	231	67.26
dke_a-contig-3_77	15	246	arman_2-contig-5_59	5	213	57.33
dke_a-contig-3_78	1	57	arman_2-contig-5_58	6	57	77.19
dke_a-contig-3_79	1	105	arman_2-contig-5_57	1	111	63.39
dke_a-contig-3_80	1	131	arman_2-contig-5_56	1	131	90.84
dke_a-contig-3_81	7	344	arman_2-contig-5_55	6	343	87.87
dke_a-contig-3_81	5	322	arman_2-contig-8_10	14	333	69.38
dke_a-contig-3_81	8	315	arman_2-contig-5_54	20	330	68.27
dke_a-contig-3_81	6	315	arman_2-contig-8_63	7	328	63.98
dke_a-contig-3_82	1	353	arman_2-contig-5_54	1	356	93.54
dke_a-contig-3_82	4	351	arman_2-contig-8_10	3	349	66.76
dke_a-contig-3_82	27	328	arman_2-contig-5_55	14	314	68.98
dke_a-contig-3_82	23	350	arman_2-contig-8_63	18	350	60.24
dke_a-contig-3_83	24	214	arman_2-contig-5_53	21	212	57.65
dke_a-contig-3_84	1	296	arman_2-contig-7_352	1	296	86.15
dke_a-contig-3_85	1	154	arman_2-contig-7_353	1	124	56.49
dke_a-contig-3_86	1	132	arman_2-contig-7_354	1	132	81.82
dke_a-contig-3_88	2	549	arman_2-contig-7_356	1	549	75.68
dke_a-contig-3_89	1	493	arman_2-contig-7_357	1	493	86.82
dke_a-contig-4_2	11	282	arman_2-contig-8_272	4	277	72.36
dke_a-contig-4_3	1	206	arman_2-contig-8_273	1	207	90.82
dke_a-contig-4_4	1	67	arman_2-contig-8_274	4	70	85.07
dke_a-contig-4_5	2	178	arman_2-contig-8_275	1	172	73.45
dke_a-contig-4_6	12	149	arman_2-contig-8_276	17	154	79.71
dke_a-contig-4_7	4	103	arman_2-contig-8_277	2	101	66.34
dke_a-contig-4_8	1	191	arman_2-contig-8_278	1	190	77.49
dke_a-contig-4_9	21	217	arman_2-contig-8_279	1	196	64.65
dke_a-contig-4_10	36	214	arman_2-contig-8_280	1	179	45.65
dke_a-contig-4_11	2	543	arman_2-contig-8_281	1	541	78.78
dke_a-contig-4_12	4	524	arman_2-contig-8_282	7	526	71.18
dke_a-contig-4_12	14	527	arman_2-contig-3_7	16	526	50.58
dke_a-contig-4_13	7	204	arman_2-contig-8_353	9	196	47.83
dke_a-contig-4_13	5	217	arman_2-contig-6_79	70	278	45.61
dke_a-contig-4_15	6	214	arman_2-contig-8_283	11	219	72.17
dke_a-contig-4_16	21	124	arman_2-contig-8_306	35	139	55.05
dke_a-contig-4_17	40	417	arman_2-contig-3_49	45	421	47.59
dke_a-contig-4_18	1	60	arman_2-contig-8_302	1	60	91.67
dke_a-contig-4_20	27	96	arman_2-contig-4_46	33	107	52.00
dke_a-contig-4_21	2	45	arman_2-contig-7_220	1	43	68.18
dke_a-contig-4_21	1	43	arman_2-contig-7_221	1	43	59.09
dke_a-contig-4_22	14	119	arman_2-contig-8_320	31	151	49.59
dke_a-contig-4_23	1	681	arman_2-contig-7_221	1	683	71.78
dke_a-contig-4_23	145	625	arman_2-contig-7_155	84	607	43.95
dke_a-contig-4_25	7	85	arman_2-contig-7_101	8	86	69.62
dke_a-contig-4_26	1	48	arman_2-contig-8_64	1	48	79.17
dke_a-contig-4_27	22	100	arman_2-contig-8_65	9	88	87.50
dke_a-contig-4_28	1	156	arman_2-contig-8_66	1	147	81.41
dke_a-contig-4_30	1	731	arman_2-contig-8_67	1	731	92.75
dke_a-contig-4_30	23	177	arman_2-contig-5_96	2	163	44.64
dke_a-contig-4_30	27	153	arman_2-contig-7_269	1	125	46.51
dke_a-contig-4_31	8	239	arman_2-contig-8_68	3	238	88.56
dke_a-contig-4_32	1	143	arman_2-contig-8_69	1	143	97.20
dke_a-contig-4_33	1	95	arman_2-contig-8_70	1	95	81.05
dke_a-contig-4_34	1	484	arman_2-contig-8_76	1	482	84.92
dke_a-contig-4_35	19	76	arman_2-contig-8_75	1	58	94.83
dke_a-contig-4_36	2	244	arman_2-contig-8_74	8	250	65.02
dke_a-contig-4_36	20	230	arman_2-contig-8_344	24	228	44.04
dke_a-contig-4_37	1	356	arman_2-contig-8_73	1	361	70.44
dke_a-contig-4_38	1	1125	arman_2-contig-8_72	1	1129	62.71
dke_a-contig-4_38	9	307	arman_2-contig-8_7	7	265	41.21
dke_a-contig-4_39	1	340	arman_2-contig-8_71	1	342	70.76
dke_a-contig-4_40	1	263	arman_2-contig-8_90	6	258	72.62
dke_a-contig-4_41	5	80	arman_2-contig-8_89	1	76	89.47
dke_a-contig-4_41	5	75	arman_2-contig-6_59	1	71	77.46
dke_a-contig-4_42	5	131	arman_2-contig-8_88	6	132	69.29
dke_a-contig-4_43	10	544	arman_2-contig-8_87	6	539	81.31
dke_a-contig-4_43	66	544	arman_2-contig-7_72	22	471	50.83
dke_a-contig-4_44	4	472	arman_2-contig-8_86	3	471	90.19
dke_a-contig-4_44	291	447	arman_2-contig-8_85	231	371	45.22
dke_a-contig-4_45	11	408	arman_2-contig-8_85	10	410	54.63
dke_a-contig-4_45	188	368	arman_2-contig-8_86	266	446	44.57
dke_a-contig-4_46	12	111	arman_2-contig-8_84	5	105	66.34
dke_a-contig-4_46	20	58	arman_2-contig-7_317	11	49	71.79
dke_a-contig-4_47	1	242	arman_2-contig-8_83	1	242	82.23
dke_a-contig-4_47	18	201	arman_2-contig-7_67	32	211	51.04
dke_a-contig-4_47	3	202	arman_2-contig-7_40	7	196	48.04
dke_a-contig-4_47	5	223	arman_2-contig-3_51	7	215	47.53
dke_a-contig-4_47	2	174	arman_2-contig-7_173	4	163	44.81
dke_a-contig-4_47	15	226	arman_2-contig-7_28	39	241	45.91
dke_a-contig-4_47	18	238	arman_2-contig-8_238	21	228	46.02
dke_a-contig-4_48	2	411	arman_2-contig-8_82	6	417	80.19
dke_a-contig-4_48	66	405	arman_2-contig-4_86	41	386	41.48
dke_a-contig-4_49	1	124	arman_2-contig-8_81	1	124	82.26
dke_a-contig-4_49	2	122	arman_2-contig-7_134	5	122	61.16
dke_a-contig-4_50	1	238	arman_2-contig-8_80	1	236	73.53
dke_a-contig-4_50	2	222	arman_2-contig-7_178	509	727	44.49
dke_a-contig-4_51	1	286	arman_2-contig-8_79	1	285	70.98
dke_a-contig-4_52	8	191	arman_2-contig-7_56	3	202	41.55
dke_a-contig-4_52	8	187	arman_2-contig-8_111	4	199	43.72
dke_a-contig-4_53	7	482	arman_2-contig-8_93	8	485	79.33
dke_a-contig-4_54	7	284	arman_2-contig-8_94	8	285	73.02
dke_a-contig-4_54	14	278	arman_2-contig-7_93	19	288	44.88
dke_a-contig-4_55	12	578	arman_2-contig-7_235	11	577	82.01
dke_a-contig-4_55	41	481	arman_2-contig-6_58	17	429	52.89
dke_a-contig-4_56	17	188	arman_2-contig-8_96	8	178	58.38
dke_a-contig-4_58	1	351	arman_2-contig-8_97	1	357	66.95
dke_a-contig-4_59	17	439	arman_2-contig-8_98	18	441	70.66
dke_a-contig-4_60	1	933	arman_2-contig-8_99	1	928	80.30
dke_a-contig-4_61	4	385	arman_2-contig-8_100	2	382	76.44
dke_a-contig-4_61	9	379	arman_2-contig-8_102	7	362	55.73
dke_a-contig-4_62	8	252	arman_2-contig-3_18	11	255	60.73
dke_a-contig-4_63	26	166	arman_2-contig-6_7	16	157	59.15
dke_a-contig-4_63	2	165	arman_2-contig-8_113	3	171	63.31
dke_a-contig-4_63	31	136	arman_2-contig-7_265	46	150	56.88
dke_a-contig-4_63	55	95	arman_2-contig-5_99	29	67	65.85
dke_a-contig-4_64	5	192	arman_2-contig-8_114	6	190	77.66
dke_a-contig-4_65	27	275	arman_2-contig-7_186	23	270	68.67
dke_a-contig-4_65	71	201	arman_2-contig-8_45	136	272	47.26
dke_a-contig-4_67	2	275	arman_2-contig-8_115	1	271	69.20
dke_a-contig-5_1	4	278	arman_2-contig-6_52	209	515	49.20
dke_a-contig-5_1	163	234	arman_2-contig-6_52	837	908	54.05
dke_a-contig-5_1	4	278	arman_2-contig-3_30	209	515	46.95
dke_a-contig-5_1	190	272	arman_2-contig-3_30	701	780	49.40
dke_a-contig-5_3	8	630	arman_2-contig-5_18	2	622	91.83
dke_a-contig-5_4	1	207	arman_2-contig-5_19	1	207	80.68
dke_a-contig-5_5	2	304	arman_2-contig-5_38	1	302	88.45
dke_a-contig-5_6	3	83	arman_2-contig-7_145	5	88	72.62
dke_a-contig-5_7	1	474	arman_2-contig-7_144	1	473	88.61
dke_a-contig-5_8	15	608	arman_2-contig-7_143	1	594	89.39
dke_a-contig-5_9	20	843	arman_2-contig-7_142	2	827	86.32
dke_a-contig-5_10	16	351	arman_2-contig-7_141	10	344	79.76
dke_a-contig-5_11	207	313	arman_2-contig-7_1	69	179	45.05
dke_a-contig-5_11	171	358	arman_2-contig-8_115	175	377	45.81
dke_a-contig-5_12	1	75	arman_2-contig-7_140	1	76	90.79
dke_a-contig-5_13	1	106	arman_2-contig-5_37	1	106	65.42
dke_a-contig-5_14	7	189	arman_2-contig-5_36	5	187	86.89
dke_a-contig-5_15	1	94	arman_2-contig-5_35	1	94	86.17
dke_a-contig-5_16	4	106	arman_2-contig-5_34	2	103	91.26
dke_a-contig-5_16	27	102	arman_2-contig-8_51	1	76	75.00
dke_a-contig-5_18	2	145	arman_2-contig-6_29	13	166	64.52
dke_a-contig-5_19	1	137	arman_2-contig-7_187	1	140	54.17
dke_a-contig-5_20	25	93	arman_2-contig-4_47	23	92	81.43
dke_a-contig-5_21	4	125	arman_2-contig-4_46	1	122	91.80
dke_a-contig-5_24	8	192	arman_2-contig-8_231	2	167	52.15
dke_a-contig-5_39	89	361	arman_2-contig-7_285	19	304	42.77
dke_a-contig-5_40	8	515	arman_2-contig-3_7	12	514	64.76
dke_a-contig-5_40	1	514	arman_2-contig-8_282	8	520	52.94
dke_a-contig-5_41	6	125	arman_2-contig-7_327	17	139	75.61
dke_a-contig-5_42	3	82	arman_2-contig-3_9	2	80	76.25
dke_a-contig-5_44	7	131	arman_2-contig-3_10	6	130	84.00
dke_a-contig-5_45	1	41	arman_2-contig-3_11	1	41	90.24
dke_a-contig-5_46	1	73	arman_2-contig-3_12	1	73	86.30
dke_a-contig-5_47	3	154	arman_2-contig-3_13	2	154	73.20
dke_a-contig-5_48	23	520	arman_2-contig-3_14	13	565	37.44
dke_a-contig-5_50	1	205	arman_2-contig-8_184	4	218	61.40
dke_a-contig-5_50	19	205	arman_2-contig-8_91	10	189	48.69
dke_a-contig-5_54	35	284	arman_2-contig-6_52	1	259	46.21
dke_a-contig-5_54	35	284	arman_2-contig-3_30	1	259	45.63
dke_a-contig-5_54	30	78	arman_2-contig-6_13	3	51	59.18
dke_a-contig-5_55	9	183	arman_2-contig-7_109	16	185	56.91
dke_a-contig-5_56	4	1020	arman_2-contig-4_2	1	1012	63.95
dke_a-contig-5_56	17	836	arman_2-contig-5_24	13	769	44.42
dke_a-contig-5_56	34	807	arman_2-contig-6_36	28	800	36.69
dke_a-contig-5_57	1	66	arman_2-contig-4_3	1	66	80.30
dke_a-contig-5_63	33	109	arman_2-contig-8_304	18	94	64.94
dke_a-contig-5_65	1	453	arman_2-contig-8_305	12	453	53.19
dke_a-contig-5_65	116	255	arman_2-contig-8_60	11	149	44.76
dke_a-contig-5_66	1	422	arman_2-contig-4_4	1	419	70.85
dke_a-contig-5_67	1	445	arman_2-contig-4_5	1	445	75.51
dke_a-contig-5_68	7	632	arman_2-contig-4_6	17	636	72.20
dke_a-contig-5_69	6	363	arman_2-contig-4_7	3	360	69.83
dke_a-contig-5_70	9	416	arman_2-contig-4_8	4	411	79.41
dke_a-contig-5_73	1	245	arman_2-contig-4_78	1	245	83.67
dke_a-contig-5_74	1	231	arman_2-contig-4_79	1	231	89.18
dke_a-contig-5_75	1	254	arman_2-contig-4_80	1	274	52.52
dke_a-contig-5_76	3	239	arman_2-contig-4_81	5	240	80.17
dke_a-contig-5_76	6	240	arman_2-contig-8_297	4	241	65.13
dke_a-contig-5_76	7	236	arman_2-contig-8_296	13	238	52.81
dke_a-contig-5_77	41	338	arman_2-contig-4_82	32	336	48.89
dke_a-contig-5_78	37	439	arman_2-contig-4_83	40	451	59.18
dke_a-contig-5_79	15	405	arman_2-contig-4_38	10	405	70.03
dke_a-contig-5_80	8	236	arman_2-contig-4_37	8	239	71.55
dke_a-contig-5_81	15	629	arman_2-contig-4_36	1	615	67.15
dke_a-contig-5_82	95	301	arman_2-contig-4_35	108	314	58.85
dke_a-contig-5_83	9	77	arman_2-contig-4_34	1	69	76.81
dke_a-contig-5_84	3	223	arman_2-contig-7_259	1	224	64.00
dke_a-contig-5_85	8	327	arman_2-contig-7_258	1	320	88.12
dke_a-contig-5_85	23	243	arman_2-contig-4_38	11	229	48.26
dke_a-contig-5_87	12	660	arman_2-contig-7_254	13	660	68.10
dke_a-contig-5_91	1	343	arman_2-contig-4_90	5	348	79.25
dke_a-contig-5_91	158	338	arman_2-contig-4_89	67	228	55.25
dke_a-contig-5_94	9	135	arman_2-contig-4_91	25	139	47.24
dke_a-contig-5_96	135	220	arman_2-contig-7_294	25	110	60.47
dke_a-contig-5_98	1	101	arman_2-contig-5_95	1	101	87.13
dke_a-contig-5_99	7	423	arman_2-contig-5_96	1	417	93.53
dke_a-contig-5_99	7	183	arman_2-contig-4_51	6	176	48.35
dke_a-contig-5_99	211	305	arman_2-contig-3_27	118	211	55.79
dke_a-contig-5_99	8	148	arman_2-contig-8_67	23	151	45.52
dke_a-contig-5_102	1	719	arman_2-contig-4_49	1	720	94.17
dke_a-contig-5_102	181	701	arman_2-contig-8_319	370	903	54.73
dke_a-contig-5_102	421	671	arman_2-contig-8_319	342	587	62.75
dke_a-contig-5_102	453	711	arman_2-contig-2_16	112	368	53.03
dke_a-contig-5_102	161	434	arman_2-contig-2_16	92	367	50.89
dke_a-contig-5_102	177	401	arman_2-contig-5_90	179	407	58.70
dke_a-contig-5_102	436	672	arman_2-contig-5_90	166	404	57.50
dke_a-contig-5_103	29	148	arman_2-contig-4_50	1	120	75.00
dke_a-contig-5_104	5	407	arman_2-contig-4_51	1	403	86.60
dke_a-contig-5_104	10	333	arman_2-contig-5_96	1	322	42.90
dke_a-contig-5_105	4	149	arman_2-contig-7_267	3	186	58.15
dke_a-contig-5_108	1	568	arman_2-contig-7_269	1	569	80.49
dke_a-contig-5_108	1	210	arman_2-contig-8_67	27	239	40.95
dke_a-contig-5_109	5	402	arman_2-contig-7_270	2	401	81.25
dke_a-contig-5_110	1	240	arman_2-contig-7_208	1	233	63.93
dke_a-contig-5_110	7	76	arman_2-contig-7_68	10	79	68.57
dke_a-contig-5_111	8	158	arman_2-contig-5_99	4	154	55.26
dke_a-contig-5_111	23	64	arman_2-contig-5_63	24	59	64.29
dke_a-contig-5_111	20	110	arman_2-contig-1_11	25	114	45.05
dke_a-contig-5_113	17	202	arman_2-contig-7_246	12	177	42.50
dke_a-contig-5_114	8	300	arman_2-contig-8_192	21	315	53.85
dke_a-contig-5_115	28	124	arman_2-contig-7_266	1	97	91.75
dke_a-contig-5_116	1	430	arman_2-contig-4_53	1	431	83.29
dke_a-contig-5_116	12	430	arman_2-contig-4_33	10	436	52.42
dke_a-contig-5_116	13	424	arman_2-contig-7_351	40	476	44.47
dke_a-contig-5_116	176	422	arman_2-contig-4_71	87	325	44.92
dke_a-contig-5_117	8	107	arman_2-contig-4_55	1	101	91.09
dke_a-contig-5_118	7	291	arman_2-contig-4_56	8	290	65.26
dke_a-contig-5_119	9	500	arman_2-contig-7_42	12	503	63.23
dke_a-contig-5_120	9	385	arman_2-contig-7_41	4	378	64.14
dke_a-contig-5_120	174	348	arman_2-contig-3_50	50	220	61.14
dke_a-contig-5_121	6	331	arman_2-contig-7_40	7	332	75.46
dke_a-contig-5_121	6	330	arman_2-contig-3_51	5	330	58.41
dke_a-contig-5_121	1	214	arman_2-contig-8_238	1	212	52.53
dke_a-contig-5_121	5	223	arman_2-contig-7_76	1	216	54.09
dke_a-contig-5_121	20	229	arman_2-contig-7_28	41	252	52.58
dke_a-contig-5_121	5	209	arman_2-contig-7_173	4	208	55.02
dke_a-contig-5_121	18	199	arman_2-contig-7_67	29	216	53.19
dke_a-contig-5_121	5	218	arman_2-contig-8_83	2	226	47.66
dke_a-contig-5_122	10	118	arman_2-contig-7_39	13	120	61.47
dke_a-contig-5_123	1	472	arman_2-contig-4_57	1	470	77.51
dke_a-contig-5_124	21	142	arman_2-contig-4_58	1	122	84.43
dke_a-contig-5_125	1	417	arman_2-contig-4_59	1	414	77.51
dke_a-contig-5_126	16	519	arman_2-contig-4_60	4	507	77.98
dke_a-contig-5_126	34	158	arman_2-contig-7_234	25	151	48.03
dke_a-contig-5_126	378	473	arman_2-contig-8_135	248	345	53.06
dke_a-contig-5_131	1	204	arman_2-contig-8_181	1	206	69.42
dke_a-contig-5_132	18	396	arman_2-contig-7_234	1	374	69.13
dke_a-contig-5_132	39	351	arman_2-contig-8_135	9	343	45.68
dke_a-contig-5_132	46	172	arman_2-contig-4_60	26	146	45.45
dke_a-contig-5_132	261	366	arman_2-contig-4_60	366	473	48.18
dke_a-contig-5_134	1	306	arman_2-contig-6_9	1	308	74.03
dke_a-contig-5_135	2	501	arman_2-contig-8_242	1	484	59.53
dke_a-contig-5_135	40	185	arman_2-contig-7_68	110	256	55.41
dke_a-contig-5_136	2	184	arman_2-contig-7_118	1	208	54.81
dke_a-contig-5_136	1	144	arman_2-contig-7_137	1	151	45.68
dke_a-contig-5_137	1	164	arman_2-contig-6_26	31	180	59.76
dke_a-contig-5_138	6	155	arman_2-contig-7_107	10	159	76.67
dke_a-contig-5_139	19	237	arman_2-contig-7_108	22	242	68.78
dke_a-contig-5_140	24	337	arman_2-contig-7_100	3	316	72.93
dke_a-contig-5_141	1	346	arman_2-contig-7_99	2	347	63.90
dke_a-contig-5_142	1	145	arman_2-contig-7_98	1	145	86.90
dke_a-contig-5_143	1	156	arman_2-contig-7_97	1	156	87.18
dke_a-contig-5_144	5	208	arman_2-contig-7_96	23	226	68.63
dke_a-contig-5_144	2	200	arman_2-contig-8_312	24	209	41.90
dke_a-contig-5_146	2	132	arman_2-contig-7_94	5	132	64.89
dke_a-contig-5_147	1	289	arman_2-contig-7_93	1	288	64.97
dke_a-contig-5_147	19	293	arman_2-contig-8_94	15	283	49.46
dke_a-contig-5_148	10	338	arman_2-contig-7_92	11	338	72.95
dke_a-contig-5_149	4	267	arman_2-contig-7_91	3	263	76.89
dke_a-contig-5_149	24	251	arman_2-contig-6_4	16	238	48.68
dke_a-contig-5_150	2	373	arman_2-contig-7_90	4	375	62.07
dke_a-contig-5_151	1	291	arman_2-contig-7_89	1	291	74.57
dke_a-contig-5_152	5	293	arman_2-contig-3_27	4	291	63.67
dke_a-contig-5_153	42	208	arman_2-contig-8_148	16	182	70.66
dke_a-contig-5_157	4	251	arman_2-contig-4_77	5	240	56.80
dke_a-contig-5_158	2	455	arman_2-contig-4_76	1	454	79.07
dke_a-contig-5_158	9	439	arman_2-contig-7_343	2	453	52.94
dke_a-contig-5_159	1	412	arman_2-contig-4_75	1	413	79.90
dke_a-contig-5_160	4	324	arman_2-contig-4_74	3	322	84.42
dke_a-contig-5_161	1	356	arman_2-contig-4_73	1	355	82.02
dke_a-contig-5_162	1	436	arman_2-contig-4_33	1	436	87.16
dke_a-contig-5_162	14	436	arman_2-contig-4_53	16	431	51.16
dke_a-contig-5_162	143	429	arman_2-contig-4_71	54	326	44.44
dke_a-contig-5_162	4	427	arman_2-contig-7_351	29	473	41.45
dke_a-contig-5_163	1	89	arman_2-contig-3_16	1	89	84.27
dke_a-contig-5_166	21	96	arman_2-contig-8_304	18	94	66.23
dke_a-contig-5_167	7	443	arman_2-contig-8_305	13	452	58.37
dke_a-contig-5_167	109	335	arman_2-contig-8_60	10	218	42.61
dke_a-contig-6_7	1	625	arman_2-contig-8_107	1	628	77.50
dke_a-contig-6_8	1	301	arman_2-contig-8_106	1	302	80.46
dke_a-contig-6_9	15	248	arman_2-contig-7_348	41	268	50.20
dke_a-contig-6_9	38	248	arman_2-contig-7_347	41	246	46.19
dke_a-contig-6_11	27	70	arman_2-contig-8_105	10	52	75.00
dke_a-contig-6_12	13	85	arman_2-contig-8_13	2	71	56.16
dke_a-contig-6_13	1	526	arman_2-contig-3_23	1	514	56.51
dke_a-contig-6_13	83	223	arman_2-contig-4_98	203	356	49.03
dke_a-contig-6_14	1	222	arman_2-contig-8_324	1	226	66.81
dke_a-contig-6_14	4	219	arman_2-contig-6_15	6	220	48.47
dke_a-contig-6_18	2	264	arman_2-contig-7_55	3	263	64.91
dke_a-contig-6_18	1	260	arman_2-contig-5_98	1	238	46.67
dke_a-contig-6_19	70	135	arman_2-contig-8_221	93	158	62.12
dke_a-contig-6_21	7	568	arman_2-contig-7_75	3	564	85.41
dke_a-contig-6_22	1	392	arman_2-contig-7_74	1	392	82.65
dke_a-contig-6_22	28	296	arman_2-contig-6_66	48	301	43.43
dke_a-contig-6_23	9	292	arman_2-contig-7_73	4	287	70.07
dke_a-contig-6_24	1	478	arman_2-contig-7_72	1	476	82.22
dke_a-contig-6_24	3	468	arman_2-contig-8_87	45	530	51.11
dke_a-contig-6_26	1	375	arman_2-contig-7_127	1	370	76.53
dke_a-contig-6_26	3	58	arman_2-contig-7_217	56	111	67.86
dke_a-contig-6_26	6	57	arman_2-contig-6_17	480	527	65.38
dke_a-contig-6_27	1	621	arman_2-contig-7_128	1	614	89.86
dke_a-contig-6_28	8	173	arman_2-contig-7_129	14	176	73.21
dke_a-contig-6_29	3	129	arman_2-contig-7_130	4	129	72.44
dke_a-contig-6_30	1	152	arman_2-contig-7_131	1	150	66.23
dke_a-contig-6_32	3	928	arman_2-contig-4_32	47	956	50.77
dke_a-contig-6_32	249	370	arman_2-contig-4_29	654	790	51.75
dke_a-contig-6_32	426	721	arman_2-contig-4_29	504	805	43.12
dke_a-contig-6_32	285	401	arman_2-contig-4_29	483	596	53.39
dke_a-contig-6_32	525	708	arman_2-contig-4_30	105	295	46.46
dke_a-contig-6_32	262	390	arman_2-contig-4_30	452	601	47.68
dke_a-contig-6_32	655	706	arman_2-contig-4_30	522	575	63.64
dke_a-contig-6_32	310	383	arman_2-contig-8_24	204	280	66.23
dke_a-contig-6_32	655	724	arman_2-contig-8_24	216	285	62.86
dke_a-contig-6_33	5	190	arman_2-contig-4_31	1	180	72.04
dke_a-contig-6_34	10	620	arman_2-contig-4_30	2	639	49.11
dke_a-contig-6_34	115	584	arman_2-contig-4_29	407	810	41.58
dke_a-contig-6_34	101	294	arman_2-contig-4_29	614	790	47.45
dke_a-contig-6_34	345	580	arman_2-contig-4_29	357	581	42.21
dke_a-contig-6_34	111	547	arman_2-contig-4_32	578	953	40.48
dke_a-contig-6_34	396	580	arman_2-contig-4_32	240	426	46.32
dke_a-contig-6_34	232	322	arman_2-contig-4_32	345	446	57.84
dke_a-contig-6_34	386	582	arman_2-contig-4_32	571	772	44.65
dke_a-contig-6_34	243	307	arman_2-contig-8_24	216	280	63.08
dke_a-contig-6_34	496	579	arman_2-contig-8_24	205	282	54.76
dke_a-contig-6_35	1	1099	arman_2-contig-4_29	1	1095	49.31
dke_a-contig-6_35	711	1038	arman_2-contig-4_32	663	942	46.87
dke_a-contig-6_35	490	623	arman_2-contig-4_32	686	812	48.53
dke_a-contig-6_35	490	575	arman_2-contig-4_32	343	426	56.98
dke_a-contig-6_35	899	1060	arman_2-contig-4_32	579	750	43.09
dke_a-contig-6_35	708	805	arman_2-contig-4_32	317	411	53.06
dke_a-contig-6_35	501	822	arman_2-contig-4_30	235	592	42.09
dke_a-contig-6_35	682	1073	arman_2-contig-4_30	175	579	42.30
dke_a-contig-6_35	510	583	arman_2-contig-8_24	218	292	64.47
dke_a-contig-6_36	9	335	arman_2-contig-4_24	3	328	81.65
dke_a-contig-6_37	1	344	arman_2-contig-4_23	1	363	74.10
dke_a-contig-6_38	10	205	arman_2-contig-4_22	7	233	57.27
dke_a-contig-6_39	44	545	arman_2-contig-4_21	19	520	86.25
dke_a-contig-6_39	121	435	arman_2-contig-7_197	79	388	53.46
dke_a-contig-6_39	168	527	arman_2-contig-8_268	66	421	51.46
dke_a-contig-6_40	8	409	arman_2-contig-4_20	9	421	55.93
dke_a-contig-6_41	4	230	arman_2-contig-4_19	5	236	75.00
dke_a-contig-6_41	60	178	arman_2-contig-8_73	54	155	50.42
dke_a-contig-6_43	4	138	arman_2-contig-6_20	8	142	76.30
dke_a-contig-6_43	1	131	arman_2-contig-6_19	116	246	52.67
dke_a-contig-6_43	1	137	arman_2-contig-6_18	100	236	48.18
dke_a-contig-6_43	4	135	arman_2-contig-7_290	111	245	44.44
dke_a-contig-6_44	40	256	arman_2-contig-6_19	39	255	66.36
dke_a-contig-6_44	119	247	arman_2-contig-6_20	7	135	53.49
dke_a-contig-6_44	82	249	arman_2-contig-6_18	65	232	48.21
dke_a-contig-6_45	23	235	arman_2-contig-6_18	23	235	64.79
dke_a-contig-6_45	68	236	arman_2-contig-6_19	78	252	50.86
dke_a-contig-6_46	7	135	arman_2-contig-6_17	8	132	61.83
dke_a-contig-6_47	211	2001	arman_2-contig-6_16	210	2015	50.32
dke_a-contig-6_48	14	236	arman_2-contig-6_14	19	241	72.20
dke_a-contig-6_49	226	315	arman_2-contig-6_60	20	111	51.09
dke_a-contig-6_51	1	127	arman_2-contig-7_189	1	128	46.92
dke_a-contig-6_52	7	440	arman_2-contig-7_190	1	435	42.98
dke_a-contig-6_55	4	124	arman_2-contig-7_193	6	127	59.02
dke_a-contig-6_56	4	80	arman_2-contig-7_194	5	81	76.62
dke_a-contig-6_58	11	212	arman_2-contig-4_23	136	324	42.58
dke_a-contig-6_59	23	484	arman_2-contig-7_197	2	463	61.51
dke_a-contig-6_59	121	391	arman_2-contig-4_21	119	389	55.07
dke_a-contig-6_59	223	498	arman_2-contig-8_268	139	407	49.47
dke_a-contig-6_60	1	105	arman_2-contig-7_198	1	105	92.38
dke_a-contig-6_61	4	589	arman_2-contig-7_199	3	588	83.79
dke_a-contig-6_62	69	960	arman_2-contig-7_200	127	1018	55.52
dke_a-contig-6_63	1	329	arman_2-contig-6_25	1	327	67.78
dke_a-contig-6_63	1	330	arman_2-contig-8_77	1	342	51.60
dke_a-contig-6_63	1	219	arman_2-contig-8_246	1	225	44.49
dke_a-contig-6_63	4	220	arman_2-contig-7_71	9	238	44.07
dke_a-contig-6_64	8	121	arman_2-contig-7_158	11	127	65.81
dke_a-contig-6_64	2	118	arman_2-contig-8_227	5	125	51.64
dke_a-contig-6_65	3	102	arman_2-contig-5_23	18	108	76.00
dke_a-contig-6_65	43	101	arman_2-contig-8_178	32	90	86.44
dke_a-contig-6_65	48	99	arman_2-contig-7_124	11	64	59.26
dke_a-contig-6_66	1	253	arman_2-contig-5_22	1	253	74.70
dke_a-contig-6_67	13	501	arman_2-contig-5_21	3	489	66.40
dke_a-contig-6_68	1	546	arman_2-contig-5_20	1	545	59.60
dke_a-contig-6_69	6	173	arman_2-contig-5_39	10	185	71.59
dke_a-contig-6_69	11	172	arman_2-contig-6_12	3	158	60.49
dke_a-contig-6_69	15	153	arman_2-contig-5_83	4	158	52.23
dke_a-contig-6_69	14	80	arman_2-contig-8_14	8	77	66.67
dke_a-contig-6_69	11	80	arman_2-contig-8_13	2	73	62.16
dke_a-contig-6_69	19	72	arman_2-contig-3_30	1	56	57.89
dke_a-contig-6_69	19	63	arman_2-contig-6_52	1	44	62.22
dke_a-contig-6_70	2	636	arman_2-contig-5_40	1	637	72.68
dke_a-contig-6_71	1	105	arman_2-contig-5_41	1	105	61.90
dke_a-contig-6_73	1	204	arman_2-contig-5_43	1	204	80.88
dke_a-contig-6_74	1	465	arman_2-contig-5_44	1	465	90.54
dke_a-contig-6_74	119	438	arman_2-contig-5_45	199	524	45.07
dke_a-contig-6_75	1	569	arman_2-contig-5_45	4	571	87.87
dke_a-contig-6_75	210	505	arman_2-contig-5_44	131	421	45.57
dke_a-contig-6_76	4	108	arman_2-contig-5_46	2	105	70.48
dke_a-contig-6_77	6	340	arman_2-contig-5_47	2	336	60.64
dke_a-contig-6_78	1	174	arman_2-contig-5_48	1	172	52.30
dke_a-contig-6_79	1	76	arman_2-contig-5_49	2	77	98.68
dke_a-contig-6_80	14	492	arman_2-contig-7_157	4	482	83.92
dke_a-contig-6_83	1	127	arman_2-contig-7_161	1	127	72.44
dke_a-contig-6_84	1	178	arman_2-contig-8_323	9	186	78.09
dke_a-contig-6_85	1	175	arman_2-contig-8_321	1	175	85.71
dke_a-contig-6_93	112	347	arman_2-contig-7_163	8	247	74.58
dke_a-contig-6_94	5	798	arman_2-contig-7_155	3	796	74.59
dke_a-contig-6_94	86	608	arman_2-contig-7_221	144	627	47.74
dke_a-contig-6_95	1	354	arman_2-contig-7_156	1	354	77.68
dke_a-contig-6_96	1	271	arman_2-contig-7_315	20	291	64.34
dke_a-contig-6_97	1	495	arman_2-contig-7_314	1	494	74.34
dke_a-contig-6_98	1	257	arman_2-contig-7_313	13	269	75.88
dke_a-contig-6_99	13	195	arman_2-contig-7_312	1	183	75.14
dke_a-contig-6_100	1	322	arman_2-contig-5_63	1	321	66.87
dke_a-contig-6_100	16	72	arman_2-contig-5_99	10	71	54.84
dke_a-contig-6_101	25	520	arman_2-contig-5_64	8	497	56.57
dke_a-contig-6_102	3	149	arman_2-contig-5_65	5	147	50.34
dke_a-contig-6_103	7	365	arman_2-contig-5_66	8	366	67.41
dke_a-contig-6_104	5	159	arman_2-contig-5_67	4	158	85.81
dke_a-contig-6_105	1	557	arman_2-contig-5_68	1	556	84.02
dke_a-contig-6_105	35	135	arman_2-contig-8_175	35	138	46.15
dke_a-contig-6_106	43	216	arman_2-contig-5_69	4	177	60.34
dke_a-contig-6_107	6	524	arman_2-contig-5_70	6	524	79.85
dke_a-contig-6_108	4	387	arman_2-contig-5_71	4	384	75.26
dke_a-contig-6_109	1	95	arman_2-contig-5_72	1	93	82.29
dke_a-contig-6_110	4	365	arman_2-contig-5_73	7	368	62.43
dke_a-contig-6_111	52	117	arman_2-contig-5_74	1	66	86.36
dke_a-contig-6_112	1	258	arman_2-contig-5_75	1	259	73.08
dke_a-contig-6_113	193	373	arman_2-contig-2_1	152	319	62.30
dke_a-contig-6_113	1	153	arman_2-contig-8_14	1	187	53.44
dke_a-contig-6_113	202	359	arman_2-contig-6_13	173	327	50.61
dke_a-contig-6_113	6	152	arman_2-contig-8_13	3	171	49.42
dke_a-contig-6_113	10	59	arman_2-contig-5_83	5	53	64.00
dke_a-contig-6_113	7	57	arman_2-contig-6_12	5	55	68.63
dke_a-contig-6_114	1	439	arman_2-contig-7_182	1	439	81.63
dke_a-contig-6_114	1	400	arman_2-contig-7_154	4	398	47.45
dke_a-contig-6_115	2	391	arman_2-contig-7_181	1	389	71.68
dke_a-contig-6_116	9	185	arman_2-contig-7_180	1	167	57.78
dke_a-contig-6_117	1	52	arman_2-contig-8_351	1	52	92.31
dke_a-contig-6_118	5	283	arman_2-contig-8_350	14	293	61.35
dke_a-contig-6_119	1	514	arman_2-contig-8_349	1	512	69.07
dke_a-contig-6_119	58	213	arman_2-contig-3_26	55	213	47.50
dke_a-contig-6_120	6	631	arman_2-contig-8_348	5	633	68.82
dke_a-contig-6_121	1	346	arman_2-contig-7_297	1	346	64.74
dke_a-contig-6_122	7	155	arman_2-contig-7_296	1	150	70.67
dke_a-contig-6_124	19	390	arman_2-contig-7_112	1	370	72.65
dke_a-contig-6_125	3	336	arman_2-contig-7_37	1	316	48.51
dke_a-contig-6_125	3	275	arman_2-contig-8_201	5	248	41.88
dke_a-contig-6_126	3	165	arman_2-contig-7_119	2	165	47.90
dke_a-contig-6_127	3	403	arman_2-contig-7_310	2	406	51.83
dke_a-contig-6_128	1	91	arman_2-contig-7_249	1	92	69.57
dke_a-contig-6_129	1	280	arman_2-contig-7_225	1	280	77.86
dke_a-contig-6_130	1	408	arman_2-contig-7_226	1	408	83.62
dke_a-contig-6_131	1	252	arman_2-contig-7_227	1	246	68.65
dke_a-contig-6_131	4	251	arman_2-contig-6_3	6	252	62.50
dke_a-contig-6_133	1	407	arman_2-contig-7_228	1	410	81.22
dke_a-contig-6_133	1	407	arman_2-contig-7_230	1	407	75.98
dke_a-contig-6_134	1	168	arman_2-contig-7_229	1	168	86.90
dke_a-contig-6_135	1	407	arman_2-contig-7_228	1	410	81.46
dke_a-contig-6_135	1	405	arman_2-contig-7_230	1	405	76.60
dke_a-contig-6_136	1	168	arman_2-contig-7_229	1	168	86.90
dke_a-contig-6_137	1	405	arman_2-contig-7_230	1	405	89.14
dke_a-contig-6_137	1	407	arman_2-contig-7_228	1	410	78.78
dke_a-contig-6_138	1	144	arman_2-contig-7_231	1	144	63.45
dke_a-contig-6_138	4	144	arman_2-contig-7_78	2	142	52.45
dke_a-contig-6_140	2	395	arman_2-contig-8_197	5	404	62.19
dke_a-contig-6_140	7	362	arman_2-contig-8_214	20	363	47.51
dke_a-contig-6_143	15	117	arman_2-contig-4_66	15	118	53.77
dke_a-contig-6_144	1	66	arman_2-contig-4_67	1	66	74.24
dke_a-contig-6_145	2	182	arman_2-contig-4_68	3	183	62.43
dke_a-contig-6_146	12	646	arman_2-contig-4_69	7	662	72.10
dke_a-contig-6_146	35	373	arman_2-contig-7_326	35	378	45.75
dke_a-contig-6_149	3	213	arman_2-contig-7_242	5	222	52.27
dke_a-contig-6_150	1	536	arman_2-contig-7_245	18	568	55.26
dke_a-contig-6_151	1	456	arman_2-contig-7_241	1	456	78.29
dke_a-contig-6_152	1	412	arman_2-contig-7_240	4	415	74.76
dke_a-contig-6_154	1	176	arman_2-contig-7_257	1	178	61.45
dke_a-contig-6_154	2	176	arman_2-contig-3_17	19	188	53.67
dke_a-contig-6_156	1	287	arman_2-contig-6_28	1	287	75.26
dke_a-contig-6_157	2	98	arman_2-contig-6_30	14	116	58.25
dke_a-contig-6_158	32	406	arman_2-contig-7_349	11	393	44.99
dke_a-contig-6_159	8	816	arman_2-contig-5_24	2	811	76.30
dke_a-contig-6_159	13	772	arman_2-contig-4_2	8	830	42.81
dke_a-contig-6_159	13	268	arman_2-contig-6_36	8	308	39.02
dke_a-contig-6_159	288	792	arman_2-contig-6_36	381	858	40.71
dke_a-contig-6_160	1	154	arman_2-contig-5_25	1	154	79.87
dke_a-contig-6_161	1	190	arman_2-contig-5_26	1	189	78.42
dke_a-contig-6_162	9	106	arman_2-contig-5_27	8	105	77.55
dke_a-contig-6_163	2	120	arman_2-contig-5_28	1	119	70.59
dke_a-contig-6_163	7	119	arman_2-contig-5_27	7	107	52.21
dke_a-contig-6_164	6	78	arman_2-contig-5_29	6	86	59.26
dke_a-contig-6_165	1	671	arman_2-contig-5_30	1	670	75.71
dke_a-contig-6_166	5	188	arman_2-contig-5_31	3	186	80.98
dke_a-contig-6_167	1	441	arman_2-contig-7_154	1	444	72.95
dke_a-contig-6_167	16	360	arman_2-contig-7_182	15	369	52.09
dke_a-contig-6_167	4	374	arman_2-contig-8_198	12	406	45.21
dke_a-contig-6_167	21	315	arman_2-contig-6_70	24	335	44.62
dke_a-contig-6_168	4	109	arman_2-contig-7_153	7	114	77.78
dke_a-contig-6_168	1	107	arman_2-contig-7_355	1	107	69.44
dke_a-contig-6_169	20	316	arman_2-contig-8_103	1	296	79.12
dke_a-contig-6_170	24	254	arman_2-contig-4_77	27	240	44.86
dke_a-contig-6_171	11	419	arman_2-contig-4_69	3	415	42.40
dke_a-contig-6_172	1	86	arman_2-contig-7_150	1	86	94.19
dke_a-contig-6_173	2	131	arman_2-contig-7_149	3	132	85.38
dke_a-contig-6_174	17	446	arman_2-contig-7_164	1	430	83.02
dke_a-contig-6_175	1	398	arman_2-contig-7_165	1	398	87.69
dke_a-contig-6_178	22	96	arman_2-contig-8_304	18	93	52.63
dke_a-contig-6_179	3	443	arman_2-contig-8_305	10	451	58.39
dke_a-contig-6_179	104	336	arman_2-contig-8_60	5	218	41.28
dke_a-contig-6_180	3	175	arman_2-contig-7_166	27	200	63.13
dke_a-contig-6_181	54	705	arman_2-contig-7_167	58	720	65.49
dke_a-contig-6_182	15	991	arman_2-contig-7_168	1	998	63.36
dke_a-contig-6_183	1413	1550	arman_2-contig-2_1	150	286	64.29
dke_a-contig-6_183	3100	3483	arman_2-contig-2_1	157	553	45.54
dke_a-contig-6_183	4645	4969	arman_2-contig-2_1	148	491	46.99
dke_a-contig-6_183	999	1400	arman_2-contig-2_1	231	659	44.94
dke_a-contig-6_183	1973	2261	arman_2-contig-2_1	205	491	44.23
dke_a-contig-6_183	523	551	arman_2-contig-2_1	125	153	79.31
dke_a-contig-6_183	3106	3421	arman_2-contig-6_13	175	493	46.45
dke_a-contig-6_183	4647	4794	arman_2-contig-6_13	159	311	54.55
dke_a-contig-6_183	201	544	arman_2-contig-6_13	164	491	41.18
dke_a-contig-6_183	1901	2055	arman_2-contig-6_13	140	294	49.69
dke_a-contig-6_183	2397	2560	arman_2-contig-6_13	140	294	48.80
dke_a-contig-6_183	701	791	arman_2-contig-6_13	145	241	52.53
dke_a-contig-6_183	965	1062	arman_2-contig-6_13	223	304	46.94
dke_a-contig-6_183	4955	5093	arman_2-contig-7_224	1255	1393	49.64
dke_a-contig-6_183	2270	2427	arman_2-contig-7_224	752	923	49.14
dke_a-contig-6_183	559	716	arman_2-contig-7_224	753	914	51.19
dke_a-contig-6_183	1257	1414	arman_2-contig-7_224	753	924	49.72
dke_a-contig-6_183	17	74	arman_2-contig-8_14	7	66	71.67
dke_a-contig-6_183	15	159	arman_2-contig-8_13	2	170	46.59
dke_a-contig-6_183	20	148	arman_2-contig-5_83	5	162	43.67
dke_a-contig-6_183	814	994	arman_2-contig-4_32	582	770	43.72
dke_a-contig-6_183	865	994	arman_2-contig-4_32	298	426	51.88
dke_a-contig-6_183	4973	5093	arman_2-contig-6_40	192	318	49.22
dke_a-contig-6_184	3	217	arman_2-contig-8_245	5	234	49.79
dke_a-contig-6_184	7	180	arman_2-contig-8_118	32	222	44.95
dke_a-contig-6_185	119	595	arman_2-contig-8_244	9	480	48.76
dke_a-contig-6_186	17	784	arman_2-contig-7_170	2	774	66.96
dke_a-contig-6_187	16	205	arman_2-contig-8_196	9	203	61.11
dke_a-contig-6_187	21	156	arman_2-contig-1_7	29	155	48.57
dke_a-contig-6_188	1	482	arman_2-contig-8_259	5	475	51.93
dke_a-contig-6_189	3	118	arman_2-contig-7_176	111	225	61.21
dke_a-contig-6_190	21	159	arman_2-contig-8_320	31	155	63.31
dke_a-contig-6_193	2	135	arman_2-contig-8_101	34	166	65.19
dke_a-contig-6_194	1	89	arman_2-contig-5_76	1	89	91.01
dke_a-contig-6_195	12	506	arman_2-contig-5_77	7	503	80.08
dke_a-contig-6_196	1	1148	arman_2-contig-5_78	1	1148	80.12
dke_a-contig-6_197	1	577	arman_2-contig-5_79	3	579	81.28
dke_a-contig-6_198	3	198	arman_2-contig-7_300	8	205	73.74
dke_a-contig-6_199	1	34	arman_2-contig-7_299	1	34	88.24
dke_a-contig-6_201	1	350	arman_2-contig-8_347	1	350	74.86
dke_a-contig-6_202	1	150	arman_2-contig-8_346	1	150	66.45
dke_a-contig-6_204	7	505	arman_2-contig-8_345	2	492	66.67
dke_a-contig-6_205	2	248	arman_2-contig-8_344	3	247	79.76
dke_a-contig-6_205	23	217	arman_2-contig-8_74	26	224	42.79
dke_a-contig-6_206	2	874	arman_2-contig-8_343	6	895	77.67
dke_a-contig-6_206	22	844	arman_2-contig-8_135	5	758	47.68
dke_a-contig-6_206	15	385	arman_2-contig-6_31	12	400	39.22
dke_a-contig-6_206	271	388	arman_2-contig-4_60	354	470	50.41
dke_a-contig-6_207	1	120	arman_2-contig-8_342	1	120	90.00
dke_a-contig-6_207	1	120	arman_2-contig-7_104	1	120	80.83
dke_a-contig-6_208	1	186	arman_2-contig-8_341	29	214	83.33
dke_a-contig-6_209	5	179	arman_2-contig-8_340	6	180	72.73
dke_a-contig-6_210	1	158	arman_2-contig-8_339	1	158	80.38
dke_a-contig-6_211	8	129	arman_2-contig-8_338	5	125	72.95
dke_a-contig-6_212	1	175	arman_2-contig-8_337	1	175	73.14
dke_a-contig-6_213	4	132	arman_2-contig-8_336	35	163	83.72
dke_a-contig-6_215	10	184	arman_2-contig-8_335	7	181	77.84
dke_a-contig-6_216	1	228	arman_2-contig-8_334	3	231	60.70
dke_a-contig-6_217	2	118	arman_2-contig-8_333	1	117	79.49
dke_a-contig-6_218	1	133	arman_2-contig-8_332	1	133	94.74
dke_a-contig-6_219	1	95	arman_2-contig-8_331	1	95	90.53
dke_a-contig-6_220	15	108	arman_2-contig-8_330	10	103	71.28
dke_a-contig-6_224	2	104	arman_2-contig-8_168	4	108	70.75
dke_a-contig-6_225	1	407	arman_2-contig-8_329	1	405	84.52
dke_a-contig-6_226	11	382	arman_2-contig-8_328	8	379	69.09
dke_a-contig-6_227	1	189	arman_2-contig-8_327	1	193	61.03
dke_a-contig-6_228	15	239	arman_2-contig-7_331	14	245	53.02
dke_a-contig-6_229	1	56	arman_2-contig-7_330	1	56	98.21
dke_a-contig-6_230	1	272	arman_2-contig-7_329	1	272	72.43
dke_a-contig-6_231	1	211	arman_2-contig-7_328	1	211	85.31
dke_a-contig-6_232	6	270	arman_2-contig-7_236	5	271	63.06
dke_a-contig-6_233	1	480	arman_2-contig-7_351	1	480	86.88
dke_a-contig-6_233	34	473	arman_2-contig-4_53	7	422	42.95
dke_a-contig-6_233	43	473	arman_2-contig-4_33	14	427	43.30
dke_a-contig-6_235	12	185	arman_2-contig-7_346	5	178	77.59
dke_a-contig-6_236	1	179	arman_2-contig-7_345	1	179	78.33
dke_a-contig-6_237	1	153	arman_2-contig-7_344	1	158	87.97
dke_a-contig-6_238	12	209	arman_2-contig-7_332	1	200	60.29
dke_a-contig-6_239	6	90	arman_2-contig-7_333	11	95	74.12
dke_a-contig-6_240	1	186	arman_2-contig-7_334	2	187	69.15
dke_a-contig-6_241	28	322	arman_2-contig-4_71	30	328	59.67
dke_a-contig-6_241	30	320	arman_2-contig-4_33	124	429	46.86
dke_a-contig-6_241	29	319	arman_2-contig-4_53	129	423	41.75
dke_a-contig-6_243	1	152	arman_2-contig-7_336	18	169	68.18
dke_a-contig-6_244	1	169	arman_2-contig-7_338	1	169	95.86
dke_a-contig-6_245	1	130	arman_2-contig-7_339	1	130	86.15
dke_a-contig-6_245	4	130	arman_2-contig-1_3	7	140	50.00
dke_a-contig-6_245	4	83	arman_2-contig-1_5	3	89	51.72
dke_a-contig-6_247	1	118	arman_2-contig-7_340	1	118	82.20
dke_a-contig-6_247	1	87	arman_2-contig-7_10	1	91	48.35
dke_a-contig-6_248	2	173	arman_2-contig-7_341	8	179	71.43
dke_a-contig-6_249	1	191	arman_2-contig-7_342	1	191	77.49
dke_a-contig-6_250	1	471	arman_2-contig-7_343	1	472	83.47
dke_a-contig-6_250	20	448	arman_2-contig-4_76	26	434	48.31
dke_a-contig-6_250	127	324	arman_2-contig-7_263	92	286	46.73
dke_a-contig-6_251	18	402	arman_2-contig-7_18	16	399	71.69
dke_a-contig-6_251	19	405	arman_2-contig-7_335	19	404	69.59
dke_a-contig-6_251	18	285	arman_2-contig-1_16	2	251	43.22
dke_a-contig-6_251	195	399	arman_2-contig-7_3	24	217	39.63
dke_a-contig-6_252	1	887	arman_2-contig-7_178	1	889	73.37
dke_a-contig-6_252	506	724	arman_2-contig-8_80	2	220	43.48
dke_a-contig-6_253	9	298	arman_2-contig-7_179	2	291	77.59
dke_a-contig-6_254	8	205	arman_2-contig-7_288	13	212	76.50
dke_a-contig-6_255	117	193	arman_2-contig-8_202	104	191	50.00
dke_a-contig-6_256	1	339	arman_2-contig-7_287	1	341	80.35
dke_a-contig-6_258	1	107	arman_2-contig-7_272	1	108	70.37
dke_a-contig-6_259	11	99	arman_2-contig-5_50	18	109	75.00
dke_a-contig-6_260	1	304	arman_2-contig-8_325	1	304	83.22
dke_a-contig-6_261	1	104	arman_2-contig-8_326	18	121	90.38
dke_a-contig-6_262	19	172	arman_2-contig-7_177	16	167	80.00
dke_a-contig-6_263	15	918	arman_2-contig-8_319	17	919	75.28
dke_a-contig-6_263	282	900	arman_2-contig-4_49	118	700	55.99
dke_a-contig-6_263	650	863	arman_2-contig-2_16	111	330	56.00
dke_a-contig-6_263	369	585	arman_2-contig-2_16	111	333	49.55
dke_a-contig-6_263	417	668	arman_2-contig-5_90	230	482	50.58
dke_a-contig-6_263	649	893	arman_2-contig-5_90	181	429	54.18
dke_a-contig-6_266	1	194	arman_2-contig-7_121	1	193	73.71
dke_a-contig-6_267	1	144	arman_2-contig-8_18	6	150	80.00
dke_a-contig-6_268	11	107	arman_2-contig-8_19	12	108	84.54
dke_a-contig-6_269	1	403	arman_2-contig-8_20	1	401	88.83
dke_a-contig-6_270	16	172	arman_2-contig-8_21	10	166	45.62
dke_a-contig-6_271	10	100	arman_2-contig-8_22	1	90	65.93
dke_a-contig-6_272	3	101	arman_2-contig-8_318	19	117	66.67
dke_a-contig-6_274	1	232	arman_2-contig-8_25	1	232	92.67
dke_a-contig-6_274	32	227	arman_2-contig-7_125	11	205	49.50
dke_a-contig-6_275	2	226	arman_2-contig-8_26	3	227	88.44
dke_a-contig-6_276	1	199	arman_2-contig-8_27	1	197	65.83
dke_a-contig-6_277	1	240	arman_2-contig-8_28	1	240	90.42
dke_a-contig-6_277	9	174	arman_2-contig-8_29	14	200	42.11
dke_a-contig-6_278	1	242	arman_2-contig-8_29	15	256	83.47
dke_a-contig-6_278	1	240	arman_2-contig-8_28	10	228	46.31
dke_a-contig-6_279	1	76	arman_2-contig-8_30	1	76	75.00
dke_a-contig-6_280	1	119	arman_2-contig-8_31	1	119	84.03
dke_a-contig-6_281	1	44	arman_2-contig-8_32	1	44	79.55
dke_a-contig-6_282	2	75	arman_2-contig-8_33	3	76	83.78
dke_a-contig-6_282	4	77	arman_2-contig-7_120	3	75	60.81
dke_a-contig-6_283	4	182	arman_2-contig-8_34	3	182	69.44
dke_a-contig-6_284	1	63	arman_2-contig-8_35	1	63	66.67
dke_a-contig-6_285	1	107	arman_2-contig-8_37	1	107	86.92
dke_a-contig-6_286	1	415	arman_2-contig-8_38	1	416	69.71
dke_a-contig-6_286	337	423	arman_2-contig-5_68	465	551	52.87
dke_a-contig-6_287	1	160	arman_2-contig-8_39	1	160	84.38
dke_a-contig-6_288	1	357	arman_2-contig-8_40	3	357	73.74
dke_a-contig-6_289	104	391	arman_2-contig-8_41	70	357	68.62
dke_a-contig-6_289	109	195	arman_2-contig-8_232	433	519	56.32
dke_a-contig-6_290	1	485	arman_2-contig-8_42	1	484	91.13
dke_a-contig-6_291	73	230	arman_2-contig-8_43	62	218	51.25
dke_a-contig-6_292	8	156	arman_2-contig-8_44	31	180	53.59
dke_a-contig-6_293	46	328	arman_2-contig-8_45	89	375	64.41
dke_a-contig-6_293	112	325	arman_2-contig-7_186	82	273	43.89
dke_a-contig-6_294	23	257	arman_2-contig-8_46	18	251	63.40
dke_a-contig-6_295	7	146	arman_2-contig-8_47	1	141	83.69
dke_a-contig-6_296	1	366	arman_2-contig-8_48	1	366	75.88
dke_a-contig-6_296	67	150	arman_2-contig-7_181	2	109	48.15
dke_a-contig-6_297	1	431	arman_2-contig-8_49	1	431	83.99
dke_a-contig-6_297	94	286	arman_2-contig-8_267	174	368	48.21
dke_a-contig-6_298	11	387	arman_2-contig-8_50	1	380	75.79
dke_a-contig-6_298	204	329	arman_2-contig-8_286	213	333	43.65
dke_a-contig-6_298	157	385	arman_2-contig-8_115	144	380	41.56
dke_a-contig-6_299	1	64	arman_2-contig-8_51	22	86	84.62
dke_a-contig-6_299	1	54	arman_2-contig-5_34	45	99	80.00
dke_a-contig-6_300	1	360	arman_2-contig-8_52	7	370	65.66
dke_a-contig-6_300	1	281	arman_2-contig-6_6	9	285	43.85
dke_a-contig-6_301	20	464	arman_2-contig-8_258	21	466	69.28
dke_a-contig-6_301	195	427	arman_2-contig-8_257	208	441	49.59
dke_a-contig-6_301	113	442	arman_2-contig-8_256	124	452	45.06
dke_a-contig-6_302	1	455	arman_2-contig-8_257	1	452	67.03
dke_a-contig-6_302	103	463	arman_2-contig-8_258	89	448	50.95
dke_a-contig-6_302	61	413	arman_2-contig-8_256	55	404	43.17
dke_a-contig-6_303	1	589	arman_2-contig-8_256	2	598	71.02
dke_a-contig-6_303	4	434	arman_2-contig-8_257	6	441	43.88
dke_a-contig-6_304	1	100	arman_2-contig-8_255	1	101	71.29
dke_a-contig-6_305	8	162	arman_2-contig-8_254	5	159	62.58
dke_a-contig-6_306	3	122	arman_2-contig-8_253	2	122	90.91
dke_a-contig-6_307	2	345	arman_2-contig-8_252	1	344	83.43
dke_a-contig-6_308	5	91	arman_2-contig-8_251	2	88	78.16
dke_a-contig-6_309	1	567	arman_2-contig-8_250	1	561	50.61
dke_a-contig-6_310	23	155	arman_2-contig-8_249	3	135	90.23
dke_a-contig-6_311	6	120	arman_2-contig-8_248	7	121	61.74
dke_a-contig-6_312	8	76	arman_2-contig-8_247	7	75	66.67
dke_a-contig-6_313	1	352	arman_2-contig-6_13	1	327	54.02
dke_a-contig-6_313	11	146	arman_2-contig-6_52	1	131	52.21
dke_a-contig-6_313	11	147	arman_2-contig-3_30	1	132	51.45
dke_a-contig-6_314	3	240	arman_2-contig-7_290	2	241	66.80
dke_a-contig-6_315	210	399	arman_2-contig-8_242	238	435	46.31
dke_a-contig-6_316	115	249	arman_2-contig-8_241	106	245	46.43
dke_a-contig-6_318	3	123	arman_2-contig-6_60	5	135	57.25
dke_a-contig-6_318	2	101	arman_2-contig-5_52	13	110	45.71
dke_a-contig-6_319	1	60	arman_2-contig-5_94	1	60	85.00
dke_a-contig-6_320	9	326	arman_2-contig-8_171	1	318	86.48
dke_a-contig-6_321	1	229	arman_2-contig-8_172	1	229	86.46
dke_a-contig-6_321	1	217	arman_2-contig-6_55	1	217	59.36
dke_a-contig-6_322	11	97	arman_2-contig-8_173	7	93	50.56
dke_a-contig-6_323	1	174	arman_2-contig-8_174	1	174	67.24
dke_a-contig-6_324	1	134	arman_2-contig-8_175	1	135	73.33
dke_a-contig-6_324	35	136	arman_2-contig-5_68	36	134	47.06
dke_a-contig-6_325	40	269	arman_2-contig-8_176	41	274	65.25
dke_a-contig-6_326	49	296	arman_2-contig-8_177	1	248	90.73
dke_a-contig-6_327	16	288	arman_2-contig-4_63	20	293	50.90
dke_a-contig-6_328	4	298	arman_2-contig-8_238	5	301	66.56
dke_a-contig-6_328	1	296	arman_2-contig-7_40	3	305	51.47
dke_a-contig-6_328	7	236	arman_2-contig-7_28	29	268	52.08
dke_a-contig-6_328	2	222	arman_2-contig-7_67	9	240	49.36
dke_a-contig-6_328	1	208	arman_2-contig-7_173	1	210	53.99
dke_a-contig-6_328	1	234	arman_2-contig-3_51	1	236	52.32
dke_a-contig-6_328	5	226	arman_2-contig-7_76	2	218	53.57
dke_a-contig-6_328	5	214	arman_2-contig-8_83	3	225	45.02
dke_a-contig-6_329	1	260	arman_2-contig-8_237	1	261	77.95
dke_a-contig-6_330	85	383	arman_2-contig-7_106	74	378	58.69
dke_a-contig-6_330	86	382	arman_2-contig-8_205	33	336	55.59
dke_a-contig-6_330	89	381	arman_2-contig-8_206	66	359	50.33
dke_a-contig-6_335	6	401	arman_2-contig-5_96	3	410	51.22
dke_a-contig-6_335	6	149	arman_2-contig-4_51	8	149	48.98
dke_a-contig-6_335	9	189	arman_2-contig-7_269	1	195	41.43
dke_a-contig-6_336	14	322	arman_2-contig-8_60	15	325	48.87
dke_a-contig-6_337	4	213	arman_2-contig-8_239	1	210	82.38
dke_a-contig-6_338	20	234	arman_2-contig-7_62	12	227	54.55
dke_a-contig-6_338	20	234	arman_2-contig-7_63	12	234	54.19
dke_a-contig-6_338	18	202	arman_2-contig-8_300	4	189	49.48
dke_a-contig-7_1	18	320	arman_2-contig-6_52	1	299	72.04
dke_a-contig-7_1	18	320	arman_2-contig-3_30	1	299	68.09
dke_a-contig-7_1	13	122	arman_2-contig-6_13	3	113	54.95
dke_a-contig-7_1	13	39	arman_2-contig-8_14	8	34	96.30
dke_a-contig-7_1	13	91	arman_2-contig-8_13	5	81	50.63
dke_a-contig-7_1	13	143	arman_2-contig-6_12	6	137	43.80
dke_a-contig-7_3	1	139	arman_2-contig-7_78	1	139	76.26
dke_a-contig-7_3	1	139	arman_2-contig-7_231	1	141	48.95
dke_a-contig-7_4	1	285	arman_2-contig-7_79	1	282	69.47
dke_a-contig-7_5	6	162	arman_2-contig-7_80	1	157	73.25
dke_a-contig-7_6	1	667	arman_2-contig-7_81	1	666	80.66
dke_a-contig-7_8	1	498	arman_2-contig-7_68	4	494	51.92
dke_a-contig-7_8	121	257	arman_2-contig-8_242	50	182	56.83
dke_a-contig-7_8	1	67	arman_2-contig-7_208	1	67	70.15
dke_a-contig-7_9	26	244	arman_2-contig-7_67	12	230	78.54
dke_a-contig-7_9	46	239	arman_2-contig-7_173	20	207	57.79
dke_a-contig-7_9	42	241	arman_2-contig-3_51	16	210	55.72
dke_a-contig-7_9	45	242	arman_2-contig-7_28	41	235	53.00
dke_a-contig-7_9	45	241	arman_2-contig-7_40	21	211	53.81
dke_a-contig-7_9	45	253	arman_2-contig-8_238	20	221	48.80
dke_a-contig-7_9	46	256	arman_2-contig-8_83	18	237	48.48
dke_a-contig-7_9	25	225	arman_2-contig-7_76	1	187	50.75
dke_a-contig-7_10	4	561	arman_2-contig-7_66	2	557	61.34
dke_a-contig-7_11	1	442	arman_2-contig-7_65	1	437	78.78
dke_a-contig-7_13	17	149	arman_2-contig-7_238	20	145	51.09
dke_a-contig-7_16	9	303	arman_2-contig-7_88	5	300	81.08
dke_a-contig-7_16	9	161	arman_2-contig-8_353	9	164	50.32
dke_a-contig-7_17	2	154	arman_2-contig-7_338	12	166	53.55
dke_a-contig-7_18	1	220	arman_2-contig-8_179	1	220	86.82
dke_a-contig-7_20	14	191	arman_2-contig-6_75	13	196	50.26
dke_a-contig-7_20	24	190	arman_2-contig-7_184	30	188	50.00
dke_a-contig-7_21	17	190	arman_2-contig-6_74	20	195	55.93
dke_a-contig-7_21	1	144	arman_2-contig-6_86	1	154	50.00
dke_a-contig-7_21	38	144	arman_2-contig-7_183	43	147	50.00
dke_a-contig-7_22	159	373	arman_2-contig-7_349	150	368	46.55
dke_a-contig-7_26	1	193	arman_2-contig-6_75	1	196	47.78
dke_a-contig-7_27	25	207	arman_2-contig-6_74	13	202	55.79
dke_a-contig-7_27	16	178	arman_2-contig-6_86	1	176	55.68
dke_a-contig-7_28	3	238	arman_2-contig-8_149	5	246	50.99
dke_a-contig-7_29	143	286	arman_2-contig-8_286	161	316	46.20
dke_a-contig-7_34	1	112	arman_2-contig-7_2	121	220	46.43
dke_a-contig-7_35	3	103	arman_2-contig-7_2	5	109	69.52
dke_a-contig-7_36	188	350	arman_2-contig-8_286	216	382	41.52
dke_a-contig-7_40	28	214	arman_2-contig-6_14	40	226	45.83
dke_a-contig-7_41	8	146	arman_2-contig-1_11	8	146	78.42
dke_a-contig-7_42	9	216	arman_2-contig-7_2	5	209	57.75
dke_a-contig-7_44	2	287	arman_2-contig-3_43	4	290	70.38
dke_a-contig-7_47	6	183	arman_2-contig-6_62	15	191	52.97
dke_a-contig-7_50	1	204	arman_2-contig-7_70	1	204	68.14
dke_a-contig-7_51	1	357	arman_2-contig-7_71	4	361	84.64
dke_a-contig-7_51	1	281	arman_2-contig-6_25	1	265	44.72
dke_a-contig-7_51	17	335	arman_2-contig-8_77	18	324	44.15
dke_a-contig-7_51	19	205	arman_2-contig-8_246	22	200	44.27
dke_a-contig-7_52	1	584	arman_2-contig-7_69	4	586	77.44
dke_a-contig-7_55	3	129	arman_2-contig-8_227	4	132	82.17
dke_a-contig-7_56	9	332	arman_2-contig-7_222	17	340	61.73
dke_a-contig-7_58	8	240	arman_2-contig-5_17	3	219	49.15
dke_a-contig-7_58	5	186	arman_2-contig-3_52	3	202	47.85
dke_a-contig-7_61	1	364	arman_2-contig-7_59	25	388	67.31
dke_a-contig-7_62	5	480	arman_2-contig-6_58	7	482	89.08
dke_a-contig-7_62	10	426	arman_2-contig-7_235	35	479	51.89
dke_a-contig-7_63	1	406	arman_2-contig-6_64	20	423	70.56
dke_a-contig-7_64	1	223	arman_2-contig-7_56	1	222	57.40
dke_a-contig-7_64	2	214	arman_2-contig-8_111	3	214	52.11
dke_a-contig-7_65	1	364	arman_2-contig-7_35	1	374	82.18
dke_a-contig-7_67	5	188	arman_2-contig-7_110	4	187	75.68
dke_a-contig-7_70	22	330	arman_2-contig-6_69	9	316	77.35
dke_a-contig-7_71	1	361	arman_2-contig-6_65	1	380	54.05
dke_a-contig-7_71	102	257	arman_2-contig-3_8	143	284	42.33
dke_a-contig-7_72	1	172	arman_2-contig-7_132	1	173	57.23
dke_a-contig-7_75	11	215	arman_2-contig-7_33	11	215	67.96
dke_a-contig-7_76	2	294	arman_2-contig-7_32	3	295	70.99
dke_a-contig-7_77	1	343	arman_2-contig-7_31	1	342	71.22
dke_a-contig-7_78	30	241	arman_2-contig-7_30	19	229	44.55
dke_a-contig-7_79	10	308	arman_2-contig-7_29	5	301	61.92
dke_a-contig-7_80	243	353	arman_2-contig-6_85	1	111	89.19
dke_a-contig-7_80	18	335	arman_2-contig-3_8	15	347	49.70
dke_a-contig-7_80	57	360	arman_2-contig-6_65	22	345	41.55
dke_a-contig-7_81	3	188	arman_2-contig-7_87	4	189	65.59
dke_a-contig-7_82	57	164	arman_2-contig-7_355	2	109	74.07
dke_a-contig-7_82	59	162	arman_2-contig-7_153	7	112	54.21
dke_a-contig-7_84	9	143	arman_2-contig-7_25	45	179	61.48
dke_a-contig-7_84	29	141	arman_2-contig-7_305	38	151	51.75
dke_a-contig-7_85	1	281	arman_2-contig-7_76	1	281	81.49
dke_a-contig-7_85	2	224	arman_2-contig-3_51	5	231	54.82
dke_a-contig-7_85	2	239	arman_2-contig-7_40	7	256	51.39
dke_a-contig-7_85	4	223	arman_2-contig-8_238	12	229	47.35
dke_a-contig-7_85	26	219	arman_2-contig-7_173	29	225	52.24
dke_a-contig-7_85	16	247	arman_2-contig-7_28	40	269	48.32
dke_a-contig-7_85	17	205	arman_2-contig-7_67	31	228	51.50
dke_a-contig-7_86	4	244	arman_2-contig-7_77	1	241	83.82
dke_a-contig-7_88	4	210	arman_2-contig-7_49	1	203	84.06
dke_a-contig-7_89	1	100	arman_2-contig-7_46	1	100	84.00
dke_a-contig-7_90	1	327	arman_2-contig-7_37	1	327	88.69
dke_a-contig-7_90	4	263	arman_2-contig-8_201	8	252	49.81
dke_a-contig-7_91	29	156	arman_2-contig-7_54	23	157	53.28
dke_a-contig-7_93	40	280	arman_2-contig-7_54	2	242	41.47
dke_a-contig-7_95	1	476	arman_2-contig-6_70	1	476	98.11
dke_a-contig-7_95	41	409	arman_2-contig-8_198	45	415	45.41
dke_a-contig-7_95	20	351	arman_2-contig-7_182	16	334	44.60
dke_a-contig-7_96	1	378	arman_2-contig-6_71	1	378	90.48
dke_a-contig-7_96	71	374	arman_2-contig-8_53	102	429	41.96
dke_a-contig-7_97	1	369	arman_2-contig-6_72	1	369	97.29
dke_a-contig-7_97	12	364	arman_2-contig-6_66	12	364	67.99
dke_a-contig-7_97	59	301	arman_2-contig-7_74	40	296	38.04
dke_a-contig-7_98	1	46	arman_2-contig-6_73	2	47	89.13
dke_a-contig-7_100	23	209	arman_2-contig-7_16	19	201	50.53
dke_a-contig-7_102	14	310	arman_2-contig-7_162	1	297	85.19
dke_a-contig-7_104	1	30	arman_2-contig-6_78	1	30	76.67
dke_a-contig-7_110	1	208	arman_2-contig-1_6	1	207	81.73
dke_a-contig-7_111	7	181	arman_2-contig-8_231	2	167	47.54
dke_a-contig-7_112	1	132	arman_2-contig-7_24	1	132	92.42
dke_a-contig-7_113	4	138	arman_2-contig-7_15	1	132	47.41
dke_a-contig-7_114	1	216	arman_2-contig-7_16	1	216	91.20
dke_a-contig-7_115	29	204	arman_2-contig-1_15	1	176	88.64
dke_a-contig-7_117	1	197	arman_2-contig-1_14	1	197	84.77
dke_a-contig-7_119	62	292	arman_2-contig-8_294	79	313	47.39
dke_a-contig-7_123	4	307	arman_2-contig-8_95	5	307	61.69
dke_a-contig-7_124	3	431	arman_2-contig-7_209	11	440	72.09
dke_a-contig-7_126	3	394	arman_2-contig-8_170	37	419	72.96
dke_a-contig-7_129	2	174	arman_2-contig-7_25	8	180	68.21
dke_a-contig-7_129	67	171	arman_2-contig-7_305	46	151	47.37
dke_a-contig-7_130	2	319	arman_2-contig-7_28	8	324	65.73
dke_a-contig-7_130	33	250	arman_2-contig-3_51	19	236	54.09
dke_a-contig-7_130	33	250	arman_2-contig-7_40	21	236	52.51
dke_a-contig-7_130	33	242	arman_2-contig-7_76	17	220	50.71
dke_a-contig-7_130	33	227	arman_2-contig-7_67	31	228	49.51
dke_a-contig-7_130	33	240	arman_2-contig-8_238	20	223	48.80
dke_a-contig-7_130	34	241	arman_2-contig-7_173	20	225	50.00
dke_a-contig-7_130	31	210	arman_2-contig-8_83	15	201	43.00
dke_a-contig-7_131	3	263	arman_2-contig-7_27	12	270	53.56
dke_a-contig-7_132	7	264	arman_2-contig-7_26	12	268	56.59
dke_a-contig-7_136	1	383	arman_2-contig-7_111	1	386	65.54
dke_a-contig-7_136	13	133	arman_2-contig-4_59	17	142	50.79
dke_a-contig-7_137	8	649	arman_2-contig-6_48	1	642	89.88
dke_a-contig-7_137	452	639	arman_2-contig-8_4	17	217	48.26
dke_a-contig-7_138	13	378	arman_2-contig-6_47	6	371	92.90
dke_a-contig-7_140	1	138	arman_2-contig-6_46	1	138	84.78
dke_a-contig-7_141	1	148	arman_2-contig-6_45	1	143	66.44
dke_a-contig-7_142	1	758	arman_2-contig-6_44	1	763	86.65
dke_a-contig-7_145	17	294	arman_2-contig-3_40	10	289	59.44
dke_a-contig-7_146	2	315	arman_2-contig-6_42	3	314	68.79
dke_a-contig-7_147	7	834	arman_2-contig-6_41	2	826	80.46
dke_a-contig-7_148	1	138	arman_2-contig-6_38	5	142	88.41
dke_a-contig-7_150	6	213	arman_2-contig-6_37	5	223	56.62
dke_a-contig-7_151	1	938	arman_2-contig-6_36	1	945	68.78
dke_a-contig-7_151	5	781	arman_2-contig-5_24	4	710	39.41
dke_a-contig-7_151	1	880	arman_2-contig-4_2	1	888	37.35
dke_a-contig-7_151	26	82	arman_2-contig-7_356	2	59	58.62
dke_a-contig-7_152	30	472	arman_2-contig-3_41	5	438	47.94
dke_a-contig-7_153	22	283	arman_2-contig-6_32	29	296	60.45
dke_a-contig-7_154	1	209	arman_2-contig-6_34	24	233	64.95
dke_a-contig-7_155	14	294	arman_2-contig-6_35	9	291	58.19
dke_a-contig-7_156	1	704	arman_2-contig-6_31	1	706	77.62
dke_a-contig-7_156	40	402	arman_2-contig-8_135	25	360	45.03
dke_a-contig-7_156	26	402	arman_2-contig-8_343	33	400	38.35
dke_a-contig-7_156	31	196	arman_2-contig-4_60	26	190	48.26
dke_a-contig-7_157	1	359	arman_2-contig-3_21	1	356	66.85
dke_a-contig-7_158	19	855	arman_2-contig-3_22	12	845	65.44
dke_a-contig-7_159	21	268	arman_2-contig-8_149	5	246	44.53
dke_a-contig-7_160	3	747	arman_2-contig-4_9	2	752	56.48
dke_a-contig-7_164	9	103	arman_2-contig-4_15	12	106	57.89
dke_a-contig-7_164	131	249	arman_2-contig-4_15	226	339	50.00
dke_a-contig-7_164	19	95	arman_2-contig-5_9	14	92	60.76
dke_a-contig-7_164	156	355	arman_2-contig-5_9	277	491	41.85
dke_a-contig-7_165	71	234	arman_2-contig-4_16	74	238	51.50
dke_a-contig-7_166	1	339	arman_2-contig-4_17	1	342	67.34
dke_a-contig-7_166	5	226	arman_2-contig-5_6	228	431	50.66
dke_a-contig-7_166	132	232	arman_2-contig-8_360	141	251	52.14
dke_a-contig-7_166	165	232	arman_2-contig-8_361	244	311	55.88
dke_a-contig-7_167	18	133	arman_2-contig-4_18	16	126	75.21
dke_a-contig-7_168	2	506	arman_2-contig-6_24	8	515	47.71
dke_a-contig-7_169	16	655	arman_2-contig-7_126	2	642	90.03
dke_a-contig-7_169	228	636	arman_2-contig-8_288	11	404	56.17
dke_a-contig-7_169	169	631	arman_2-contig-6_11	3	433	52.16
dke_a-contig-7_169	188	653	arman_2-contig-8_57	1	416	48.73
dke_a-contig-7_169	344	446	arman_2-contig-7_264	79	177	54.81
dke_a-contig-7_170	1	208	arman_2-contig-7_125	1	207	89.95
dke_a-contig-7_170	11	206	arman_2-contig-8_25	32	227	50.00
dke_a-contig-7_171	1	81	arman_2-contig-7_124	1	82	81.71
dke_a-contig-7_171	5	64	arman_2-contig-8_178	32	89	60.00
dke_a-contig-7_171	4	63	arman_2-contig-5_23	48	105	63.33
dke_a-contig-7_172	47	139	arman_2-contig-7_123	39	131	61.29
dke_a-contig-7_173	4	366	arman_2-contig-7_122	14	381	89.28
dke_a-contig-7_174	1	97	arman_2-contig-7_120	1	97	86.60
dke_a-contig-7_174	3	73	arman_2-contig-8_33	5	76	62.50
dke_a-contig-7_176	1	180	arman_2-contig-7_119	1	179	78.89
dke_a-contig-7_177	1	203	arman_2-contig-7_115	1	203	95.07
dke_a-contig-7_178	1	66	arman_2-contig-7_114	1	66	95.45
dke_a-contig-7_179	21	91	arman_2-contig-7_82	37	106	63.51
dke_a-contig-7_181	1	149	arman_2-contig-7_260	1	149	82.55
dke_a-contig-7_183	1	577	arman_2-contig-8_355	1	566	56.56
dke_a-contig-7_184	1	270	arman_2-contig-7_261	1	275	63.90
dke_a-contig-7_185	1	351	arman_2-contig-7_262	1	351	67.81
dke_a-contig-7_186	1	306	arman_2-contig-7_263	1	306	88.56
dke_a-contig-7_187	9	314	arman_2-contig-7_264	16	321	64.50
dke_a-contig-7_187	71	173	arman_2-contig-7_126	331	436	58.88
dke_a-contig-7_187	12	194	arman_2-contig-6_11	71	293	45.33
dke_a-contig-7_187	68	306	arman_2-contig-8_57	131	405	42.21
dke_a-contig-7_188	41	87	arman_2-contig-8_322	1	47	87.23
dke_a-contig-7_189	80	175	arman_2-contig-7_250	4	99	88.54
dke_a-contig-7_190	1	202	arman_2-contig-5_92	1	202	76.24
dke_a-contig-7_191	11	145	arman_2-contig-5_91	4	137	68.15
dke_a-contig-7_192	9	504	arman_2-contig-5_90	19	510	88.71
dke_a-contig-7_192	70	485	arman_2-contig-2_16	29	415	53.07
dke_a-contig-7_192	160	398	arman_2-contig-4_49	437	673	57.50
dke_a-contig-7_192	174	401	arman_2-contig-4_49	179	402	58.08
dke_a-contig-7_192	176	442	arman_2-contig-8_319	369	633	53.53
dke_a-contig-7_192	128	441	arman_2-contig-8_319	620	914	50.00
dke_a-contig-7_193	13	221	arman_2-contig-7_210	25	233	86.60
dke_a-contig-7_194	11	105	arman_2-contig-7_211	13	107	60.00
dke_a-contig-7_195	3	365	arman_2-contig-7_212	2	369	62.26
dke_a-contig-7_196	4	76	arman_2-contig-7_213	5	78	78.38
dke_a-contig-7_197	9	204	arman_2-contig-7_214	4	199	64.80
dke_a-contig-7_198	26	213	arman_2-contig-7_215	8	201	55.05
dke_a-contig-7_199	14	463	arman_2-contig-7_216	24	474	63.94
dke_a-contig-7_200	25	264	arman_2-contig-7_217	25	264	56.68
dke_a-contig-7_200	56	108	arman_2-contig-7_127	5	57	67.92
dke_a-contig-7_205	176	407	arman_2-contig-8_286	156	386	48.77
dke_a-contig-7_205	184	336	arman_2-contig-7_289	168	321	47.24
dke_a-contig-7_205	216	315	arman_2-contig-8_115	189	290	57.14
