[08:47:08] This is prokka 1.12
[08:47:08] Written by Torsten Seemann <torsten.seemann@gmail.com>
[08:47:08] Homepage is https://github.com/tseemann/prokka
[08:47:08] Local time is Sat Mar 25 08:47:08 2017
[08:47:08] You are not telling me who you are!
[08:47:08] Operating system is linux
[08:47:08] You have BioPerl 1.006923
[08:47:08] System has 4 cores.
[08:47:08] Option --cpu asked for 8 cores, but system only has 4
[08:47:08] Will use maximum of 4 cores.
[08:47:08] Annotating as >>> Bacteria <<<
[08:47:08] Generating locus_tag from 'data/circos/fasta/dke_a.fasta' contents.
[08:47:08] Setting --locustag IGPFDBAH from MD5 209fdba146784fb886d2d2183d6d735d
[08:47:08] Creating new output folder: data/circos/prokka/dke_a
[08:47:08] Running: mkdir -p data\/circos\/prokka\/dke_a
[08:47:08] Using filename prefix: PROKKA_03252017.XXX
[08:47:08] Setting HMMER_NCPU=1
[08:47:08] Writing log to: data/circos/prokka/dke_a/PROKKA_03252017.log
[08:47:08] Command: /prokka/bin/prokka --outdir data/circos/prokka/dke_a data/circos/fasta/dke_a.fasta
[08:47:08] Appending to PATH: /prokka/bin/../binaries/linux
[08:47:08] Appending to PATH: /prokka/bin/../binaries/linux/../common
[08:47:08] Appending to PATH: /prokka/bin
[08:47:08] Looking for 'aragorn' - found /prokka/bin/../binaries/linux/aragorn
[08:47:08] Determined aragorn version is 1.2
[08:47:08] Looking for 'blastp' - found /opt/blast/bin/blastp
[08:47:08] Determined blastp version is 2.2
[08:47:08] Looking for 'cmpress' - found /usr/bin/cmpress
[08:47:08] Determined cmpress version is 1.1
[08:47:08] Looking for 'cmscan' - found /usr/bin/cmscan
[08:47:08] Determined cmscan version is 1.1
[08:47:08] Looking for 'egrep' - found /bin/egrep
[08:47:08] Looking for 'find' - found /usr/bin/find
[08:47:08] Looking for 'grep' - found /bin/grep
[08:47:08] Looking for 'hmmpress' - found /usr/local/bin/hmmpress
[08:47:08] Determined hmmpress version is 3.1
[08:47:08] Looking for 'hmmscan' - found /usr/local/bin/hmmscan
[08:47:08] Determined hmmscan version is 3.1
[08:47:08] Looking for 'java' - found /usr/bin/java
[08:47:08] Looking for 'less' - found /usr/bin/less
[08:47:08] Looking for 'makeblastdb' - found /opt/blast/bin/makeblastdb
[08:47:08] Determined makeblastdb version is 2.2
[08:47:08] Looking for 'minced' - found /prokka/bin/../binaries/linux/../common/minced
[08:47:08] Determined minced version is 2.0
[08:47:08] Looking for 'parallel' - found /prokka/bin/../binaries/linux/../common/parallel
[08:47:08] Determined parallel version is 20150122
[08:47:08] Looking for 'prodigal' - found /usr/local/bin/prodigal
[08:47:08] Determined prodigal version is 2.6
[08:47:08] Looking for 'prokka-genbank_to_fasta_db' - found /prokka/bin/prokka-genbank_to_fasta_db
[08:47:08] Looking for 'sed' - found /bin/sed
[08:47:08] Looking for 'tbl2asn' - found /prokka/bin/../binaries/linux/tbl2asn
[08:47:08] Determined tbl2asn version is 25.3
[08:47:08] Using genetic code table 11.
[08:47:08] Loading and checking input file: data/circos/fasta/dke_a.fasta
[08:47:08] Wrote 7 contigs totalling 976441 bp.
[08:47:08] Predicting tRNAs and tmRNAs
[08:47:08] Running: aragorn -l -gc11  -w data\/circos\/prokka\/dke_a\/PROKKA_03252017\.fna
[08:47:09] 1 tRNA-Lys [9819,9893] 35 (ctt)
[08:47:09] 2 tRNA-Met c[37220,37294] 36 (cat)
[08:47:09] 3 tRNA-Ile [47721,47797] 37 (tat)
[08:47:09] 4 tRNA-Pro c[71458,71532] 36 (cgg)
[08:47:09] 1 tRNA-Ala c[26578,26650] 33 (tgc)
[08:47:09] 2 tRNA-Val [43482,43554] 34 (tac)
[08:47:09] 3 tRNA-Asn c[45223,45296] 34 (gtt)
[08:47:09] 1 tRNA-Gln c[48728,48800] 35 (ttg)
[08:47:09] 1 tRNA-Gly c[44999,45072] 35 (tcc)
[08:47:09] 2 tRNA-Pro [80824,80896] 35 (tgg)
[08:47:09] 3 tRNA-Phe [116194,116268] 33 (gaa)
[08:47:09] 4 tRNA-Val [141811,141883] 33 (gac)
[08:47:09] 1 tRNA-Gly [44383,44477] 35 (acc)
[08:47:09] 2 tRNA-Thr [55162,55235] 35 (ggt)
[08:47:09] 3 tRNA-Arg c[91807,91882] 37 (gcg)
[08:47:09] 4 tRNA-Leu c[116221,116308] 38 (tag)
[08:47:09] 5 tRNA-Arg [124197,124273] 37 (cct)
[08:47:09] 6 tRNA-Glu [126732,126808] 37 (ctc)
[08:47:09] 7 tRNA-Val [128174,128246] 33 (cac)
[08:47:09] 8 tRNA-Gly [140813,140886] 35 (gcc)
[08:47:09] 9 tRNA-Leu c[173089,173176] 38 (cag)
[08:47:09] 10 tRNA-Tyr [208579,208672] 33 (gta)
[08:47:09] 11 tRNA-Asp [209212,209283] 34 (gtc)
[08:47:09] 12 tRNA-Lys [274861,274936] 36 (ttt)
[08:47:09] 1 tRNA-Glu [168201,168276] 37 (ttc)
[08:47:09] 2 tRNA-Ile c[177971,178045] 36 (gat)
[08:47:09] 3 tRNA-His c[180830,180901] 34 (gtg)
[08:47:09] 4 tRNA-Ala [187651,187722] 33 (cgc)
[08:47:09] Found 28 tRNAs
[08:47:09] Predicting Ribosomal RNAs
[08:47:09] You need either Barrnap or RNAmmer installed to predict rRNAs!
[08:47:09] Skipping ncRNA search, enable with --rfam if desired.
[08:47:09] Total of 28 tRNA + rRNA features
[08:47:09] Searching for CRISPR repeats
[08:47:09] Found 0 CRISPRs
[08:47:09] Predicting coding sequences
[08:47:09] Contigs total 976441 bp, so using single mode
[08:47:09] Running: prodigal -i data\/circos\/prokka\/dke_a\/PROKKA_03252017\.fna -c -m -g 11 -p single -f sco -q
[08:47:12] Excluding CDS which overlaps existing RNA (tRNA) at dke_a-contig-6:55194..56324 on + strand
[08:47:12] Found 1014 CDS
[08:47:12] Connecting features back to sequences
[08:47:12] Not using genus-specific database. Try --usegenus to enable it.
[08:47:12] Annotating CDS, please be patient.
[08:47:12] Will use 4 CPUs for similarity searching.
[08:47:12] There are still 1014 unannotated CDS left (started with 1014)
[08:47:12] Will use blast to search against /prokka/bin/../db/kingdom/Bacteria/sprot with 4 CPUs
[08:47:12] Running: cat data\/circos\/prokka\/dke_a\/sprot\.faa | parallel --gnu --plain -j 4 --block 37502 --recstart '>' --pipe blastp -query - -db /prokka/bin/../db/kingdom/Bacteria/sprot -evalue 1e-06 -num_threads 1 -num_descriptions 1 -num_alignments 1 -seg no > data\/circos\/prokka\/dke_a\/sprot\.blast 2> /dev/null
[08:47:37] Modify product: Probable DNA double-strand break repair Rad50 ATPase => putative DNA double-strand break repair Rad50 ATPase
[08:47:38] Modify product: Putative esterase aq_1494 => Putative esterase
[08:47:38] Modify product: Probable murein peptide carboxypeptidase => putative murein peptide carboxypeptidase
[08:47:38] Modify product: Probable amino-acid racemase => putative amino-acid racemase
[08:47:38] Modify product: Probable type I restriction enzyme BthVORF4518P M protein => putative type I restriction enzymeP M protein
[08:47:38] Modify product: Putative conjugal transfer protein Rv3659c => Putative conjugal transfer protein
[08:47:38] Modify product: Ribonuclease TTHA0252 => Ribonuclease
[08:47:38] Modify product: Ribonuclease TTHA0252 => Ribonuclease
[08:47:38] Modify product: Probable aspartate aminotransferase => putative aspartate aminotransferase
[08:47:38] Modify product: Protease HtpX homolog => Protease HtpX 
[08:47:38] Modify product: Putative cystathionine beta-synthase Rv1077 => Putative cystathionine beta-synthase
[08:47:38] Modify product: Probable 2-keto-3-deoxy-galactonate aldolase YagE => putative 2-keto-3-deoxy-galactonate aldolase YagE
[08:47:38] Modify product: Putative conjugal transfer protein Rv3659c => Putative conjugal transfer protein
[08:47:38] Modify product: Probable cysteine desulfurase => putative cysteine desulfurase
[08:47:38] Modify product: Aminopeptidase HP_1037 => Aminopeptidase
[08:47:38] Modify product: Putative conjugal transfer protein Rv3659c => Putative conjugal transfer protein
[08:47:38] Modify product: Calcium-transporting ATPase lmo0841 => Calcium-transporting ATPase
[08:47:38] Modify product: Probable bifunctional transcriptional activator/DNA repair enzyme AlkA => putative bifunctional transcriptional activator/DNA repair enzyme AlkA
[08:47:38] Modify product: Probable tRNA sulfurtransferase => putative tRNA sulfurtransferase
[08:47:38] Modify product: Uncharacterized amino acid permease YhdG => putative amino acid permease YhdG
[08:47:38] Modify product: Probable 4-amino-4-deoxy-L-arabinose-phosphoundecaprenol flippase subunit ArnE => putative 4-amino-4-deoxy-L-arabinose-phosphoundecaprenol flippase subunit ArnE
[08:47:38] Modify product: Uncharacterized amino acid permease YhdG => putative amino acid permease YhdG
[08:47:38] Modify product: Probable chaperone CsaA => putative chaperone CsaA
[08:47:38] Modify product: Uncharacterized methyltransferase YcgJ => putative methyltransferase YcgJ
[08:47:38] Modify product: Uncharacterized membrane protein Rv2637 => putative membrane protein
[08:47:38] Modify product: Uncharacterized metal-dependent hydrolase YjjV => putative metal-dependent hydrolase YjjV
[08:47:38] Modify product: Uncharacterized HIT-like protein HP_0404 => putative HIT-like protein
[08:47:38] Modify product: Uncharacterized MscS family protein YkuT => putative MscS family protein YkuT
[08:47:38] Modify product: Uncharacterized glycosyltransferase Rv0539 => putative glycosyltransferase
[08:47:38] Modify product: Uncharacterized glycosyltransferase EpsJ => putative glycosyltransferase EpsJ
[08:47:38] Modify product: NAD(P)H-dependent FMN reductase PA1204 => NAD(P)H-dependent FMN reductase
[08:47:38] Modify product: Putative heme-dependent peroxidase SA0544 => Putative heme-dependent peroxidase
[08:47:38] Modify product: Putative quercetin 2,3-dioxygenase Rv0181c => Putative quercetin 2,3-dioxygenase
[08:47:38] Modify product: Uncharacterized amino acid permease YhdG => putative amino acid permease YhdG
[08:47:38] Modify product: Uncharacterized ABC transporter ATP-binding protein YbhF => putative ABC transporter ATP-binding protein YbhF
[08:47:38] Modify product: Phosphatase Rv3376 => Phosphatase
[08:47:38] Modify product: Probable helicase HelY => putative helicase HelY
[08:47:38] Modify product: Ribonuclease TTHA0252 => Ribonuclease
[08:47:38] Cleaned 38 /product names
[08:47:38] Deleting unwanted file: data/circos/prokka/dke_a/sprot.faa
[08:47:38] Deleting unwanted file: data/circos/prokka/dke_a/sprot.blast
[08:47:38] There are still 665 unannotated CDS left (started with 1014)
[08:47:38] Will use hmmer3 to search against /prokka/bin/../db/hmm/HAMAP.hmm with 4 CPUs
[08:47:38] Running: cat data\/circos\/prokka\/dke_a\/HAMAP\.hmm\.faa | parallel --gnu --plain -j 4 --block 21328 --recstart '>' --pipe hmmscan --noali --notextw --acc -E 1e-06 --cpu 1 /prokka/bin/../db/hmm/HAMAP.hmm /dev/stdin > data\/circos\/prokka\/dke_a\/HAMAP\.hmm\.hmmer3 2> /dev/null
[08:47:50] Modify product: Putative ribosomal protein L7Ae-like => Putative ribosomal protein L7Ae-like protein
[08:47:50] Cleaned 1 /product names
[08:47:50] Deleting unwanted file: data/circos/prokka/dke_a/HAMAP.hmm.faa
[08:47:50] Deleting unwanted file: data/circos/prokka/dke_a/HAMAP.hmm.hmmer3
[08:47:50] Labelling remaining 606 proteins as 'hypothetical protein'
[08:47:50] Possible /pseudo 'Cell division protein FtsZ' at dke_a-contig-3 position 66113
[08:47:50] Possible /pseudo 'DNA-directed RNA polymerase subunit beta' at dke_a-contig-5 position 8467
[08:47:50] Possible /pseudo 'DNA-directed RNA polymerase subunit beta'' at dke_a-contig-5 position 12847
[08:47:50] Possible /pseudo 'Ribonuclease PH' at dke_a-contig-6 position 283030
[08:47:50] Found 330 unique /gene codes.
[08:47:50] Fixed 2 duplicate /gene - moaA_1 moaA_2
[08:47:50] Fixed 2 duplicate /gene - betC_1 betC_2
[08:47:50] Fixed 3 duplicate /gene - cmk_1 cmk_2 cmk_3
[08:47:50] Fixed 2 duplicate /gene - dapH_1 dapH_2
[08:47:50] Fixed 2 duplicate /gene - metG_1 metG_2
[08:47:50] Fixed 2 duplicate /gene - mutX_1 mutX_2
[08:47:50] Fixed 2 duplicate /gene - cpdA_1 cpdA_2
[08:47:50] Fixed 2 duplicate /gene - tobZ_1 tobZ_2
[08:47:50] Fixed 2 duplicate /gene - rph_1 rph_2
[08:47:50] Fixed 2 duplicate /gene - ribA_1 ribA_2
[08:47:50] Fixed 2 duplicate /gene - drrA_1 drrA_2
[08:47:50] Fixed 2 duplicate /gene - selB_1 selB_2
[08:47:50] Fixed 3 duplicate /gene - slyD_1 slyD_2 slyD_3
[08:47:50] Fixed 2 duplicate /gene - alaS_1 alaS_2
[08:47:50] Fixed 3 duplicate /gene - dcd_1 dcd_2 dcd_3
[08:47:50] Fixed 3 duplicate /gene - ppm1_1 ppm1_2 ppm1_3
[08:47:50] Fixed 2 duplicate /gene - kch_1 kch_2
[08:47:50] Fixed 3 duplicate /gene - ftsH_1 ftsH_2 ftsH_3
[08:47:50] Fixed 2 duplicate /gene - valS_1 valS_2
[08:47:50] Fixed 2 duplicate /gene - rpoB_1 rpoB_2
[08:47:50] Fixed 2 duplicate /gene - trpS_1 trpS_2
[08:47:50] Fixed 3 duplicate /gene - yhdG_1 yhdG_2 yhdG_3
[08:47:50] Fixed 2 duplicate /gene - mccF_1 mccF_2
[08:47:50] Fixed 2 duplicate /gene - rpoC_1 rpoC_2
[08:47:50] Fixed 2 duplicate /gene - smc_1 smc_2
[08:47:50] Fixed 2 duplicate /gene - ppa_1 ppa_2
[08:47:50] Fixed 3 duplicate /gene - mmgC_1 mmgC_2 mmgC_3
[08:47:50] Fixed 4 duplicate /gene - ftsZ_1 ftsZ_2 ftsZ_3 ftsZ_4
[08:47:50] Fixed 2 duplicate /gene - rppH_1 rppH_2
[08:47:50] Fixed 2 duplicate /gene - asnS_1 asnS_2
[08:47:50] Fixed 2 duplicate /gene - ribZ_1 ribZ_2
[08:47:50] Fixed 2 duplicate /gene - nth_1 nth_2
[08:47:50] Fixed 32 colliding /gene names.
[08:47:50] Adding /locus_tag identifiers
[08:47:50] Assigned 1042 locus_tags to CDS and RNA features.
[08:47:50] Writing outputs to data/circos/prokka/dke_a/
[08:47:50] Generating annotation statistics file
[08:47:50] Generating Genbank and Sequin files
[08:47:50] Running: tbl2asn -V b -a r10k -l paired-ends -M n -N 1 -y 'Annotated using prokka 1.12 from https://github.com/tseemann/prokka' -Z data\/circos\/prokka\/dke_a\/PROKKA_03252017\.err -i data\/circos\/prokka\/dke_a\/PROKKA_03252017\.fsa 2> /dev/null
[08:47:52] Deleting unwanted file: data/circos/prokka/dke_a/errorsummary.val
[08:47:52] Deleting unwanted file: data/circos/prokka/dke_a/PROKKA_03252017.dr
[08:47:52] Deleting unwanted file: data/circos/prokka/dke_a/PROKKA_03252017.fixedproducts
[08:47:52] Deleting unwanted file: data/circos/prokka/dke_a/PROKKA_03252017.ecn
[08:47:52] Deleting unwanted file: data/circos/prokka/dke_a/PROKKA_03252017.val
[08:47:52] Repairing broken .GBK output that tbl2asn produces...
[08:47:52] Running: sed 's/COORDINATES: profile/COORDINATES:profile/' < data\/circos\/prokka\/dke_a\/PROKKA_03252017\.gbf > data\/circos\/prokka\/dke_a\/PROKKA_03252017\.gbk
[08:47:52] Deleting unwanted file: data/circos/prokka/dke_a/PROKKA_03252017.gbf
[08:47:52] Output files:
[08:47:52] data/circos/prokka/dke_a/PROKKA_03252017.faa
[08:47:52] data/circos/prokka/dke_a/PROKKA_03252017.ffn
[08:47:52] data/circos/prokka/dke_a/PROKKA_03252017.fsa
[08:47:52] data/circos/prokka/dke_a/PROKKA_03252017.tbl
[08:47:52] data/circos/prokka/dke_a/PROKKA_03252017.log
[08:47:52] data/circos/prokka/dke_a/PROKKA_03252017.gff
[08:47:52] data/circos/prokka/dke_a/PROKKA_03252017.txt
[08:47:52] data/circos/prokka/dke_a/PROKKA_03252017.err
[08:47:52] data/circos/prokka/dke_a/PROKKA_03252017.sqn
[08:47:52] data/circos/prokka/dke_a/PROKKA_03252017.tsv
[08:47:52] data/circos/prokka/dke_a/PROKKA_03252017.gbk
[08:47:52] data/circos/prokka/dke_a/PROKKA_03252017.fna
[08:47:52] Annotation finished successfully.
[08:47:52] Walltime used: 0.73 minutes
[08:47:52] If you use this result please cite the Prokka paper:
[08:47:52] Seemann T (2014) Prokka: rapid prokaryotic genome annotation. Bioinformatics. 30(14):2068-9.
[08:47:52] Type 'prokka --citation' for more details.
[08:47:52] Thank you, come again.
